0 verbose cli /usr/local/bin/node /usr/local/bin/npm
1 info using npm@8.11.0
2 info using node@v16.16.0
3 timing npm:load:whichnode Completed in 0ms
4 timing config:load:defaults Completed in 5ms
5 timing config:load:file:/usr/local/lib/node_modules/npm/npmrc Completed in 1ms
6 timing config:load:builtin Completed in 1ms
7 warn config production Use `--omit=dev` instead.
8 timing config:load:cli Completed in 4ms
9 timing config:load:env Completed in 1ms
10 timing config:load:file:/data/.npmrc Completed in 1ms
11 timing config:load:project Completed in 5ms
12 timing config:load:file:/root/.npmrc Completed in 2ms
13 timing config:load:user Completed in 2ms
14 timing config:load:file:/usr/local/etc/npmrc Completed in 5ms
15 timing config:load:global Completed in 5ms
16 timing config:load:validate Completed in 0ms
17 timing config:load:credentials Completed in 2ms
18 timing config:load:setEnvs Completed in 2ms
19 timing config:load Completed in 27ms
20 timing npm:load:configload Completed in 27ms
21 timing npm:load:mkdirpcache Completed in 2ms
22 timing npm:load:mkdirplogs Completed in 0ms
23 verbose title npm install @flexdash/node-red-flexdash@0.4.154
24 verbose argv "install" "--no-audit" "--no-update-notifier" "--no-fund" "--save" "--save-prefix" "~" "--production" "--engine-strict" "@flexdash/node-red-flexdash@0.4.154"
25 timing npm:load:setTitle Completed in 2ms
26 timing config:load:flatten Completed in 5ms
27 timing npm:load:display Completed in 9ms
28 verbose logfile logs-max:10 dir:/data/.npm/_logs
29 verbose logfile /data/.npm/_logs/2023-05-15T23_15_34_918Z-debug-0.log
30 timing npm:load:logFile Completed in 7ms
31 timing npm:load:timers Completed in 0ms
32 timing npm:load:configScope Completed in 0ms
33 timing npm:load Completed in 49ms
34 timing arborist:ctor Completed in 1ms
35 silly logfile start cleaning logs, removing 1 files
36 silly logfile done cleaning log files
37 timing idealTree:init Completed in 150ms
38 timing idealTree:userRequests Completed in 3ms
39 silly idealTree buildDeps
40 silly fetch manifest @flexdash/node-red-flexdash@0.4.154
41 timing arborist:ctor Completed in 1ms
42 http fetch GET 200 https://registry.npmjs.org/@flexdash%2fnode-red-flexdash 2982ms (cache miss)
43 silly placeDep ROOT @flexdash/node-red-flexdash@0.4.154 OK for: node-red-project@0.0.1 want: 0.4.154
44 silly fetch manifest @flexdash/node-red-flexdash-plugin@=0.4.154
45 silly fetch manifest cookie-session@^2.0.0
46 silly fetch manifest express@^4.0.0
47 silly fetch manifest glob@^7.2.0
48 silly fetch manifest http-proxy-middleware@^2.0.3
49 silly fetch manifest node-red-vue@^0.1.15
50 silly fetch manifest tar@^6.0.0
51 http fetch GET 200 https://registry.npmjs.org/glob 78ms (cache miss)
52 http fetch GET 200 https://registry.npmjs.org/express 94ms (cache miss)
53 http fetch GET 200 https://registry.npmjs.org/tar 101ms (cache miss)
54 http fetch GET 200 https://registry.npmjs.org/cookie-session 810ms (cache miss)
55 http fetch GET 200 https://registry.npmjs.org/http-proxy-middleware 893ms (cache miss)
56 http fetch GET 200 https://registry.npmjs.org/node-red-vue 1129ms (cache miss)
57 http fetch GET 200 https://registry.npmjs.org/@flexdash%2fnode-red-flexdash-plugin 2265ms (cache miss)
58 timing idealTree:#root Completed in 5262ms
59 silly fetch manifest @types/express@^4.17.13
60 http fetch GET 200 https://registry.npmjs.org/@types%2fexpress 53ms (cache miss)
61 silly placeDep ROOT @flexdash/node-red-flexdash-plugin@0.4.154 OK for: @flexdash/node-red-flexdash@0.4.154 want: =0.4.154
62 silly placeDep ROOT cookie-session@2.0.0 OK for: @flexdash/node-red-flexdash@0.4.154 want: ^2.0.0
63 silly placeDep ROOT express@4.18.2 OK for: @flexdash/node-red-flexdash@0.4.154 want: ^4.0.0
64 silly placeDep ROOT glob@7.2.3 OK for: @flexdash/node-red-flexdash@0.4.154 want: ^7.2.0
65 silly placeDep ROOT http-proxy-middleware@2.0.6 OK for: @flexdash/node-red-flexdash@0.4.154 want: ^2.0.3
66 silly placeDep ROOT node-red-vue@0.1.15 OK for: @flexdash/node-red-flexdash@0.4.154 want: ^0.1.15
67 silly placeDep ROOT tar@6.1.14 OK for: @flexdash/node-red-flexdash@0.4.154 want: ^6.0.0
68 silly fetch manifest @vue/compiler-sfc@^3.2.0
69 silly fetch manifest hash-sum@^2.0.0
70 silly fetch manifest cookies@0.8.0
71 silly fetch manifest debug@3.2.7
72 silly fetch manifest safe-buffer@5.2.1
73 silly fetch manifest array-flatten@1.1.1
74 silly fetch manifest body-parser@1.20.1
75 silly fetch manifest content-disposition@0.5.4
76 silly fetch manifest content-type@~1.0.4
77 silly fetch manifest cookie@0.5.0
78 silly fetch manifest cookie-signature@1.0.6
79 silly fetch manifest finalhandler@1.2.0
80 silly fetch manifest merge-descriptors@1.0.1
81 silly fetch manifest methods@~1.1.2
82 silly fetch manifest path-to-regexp@0.1.7
83 silly fetch manifest proxy-addr@~2.0.7
84 silly fetch manifest qs@6.11.0
85 silly fetch manifest type-is@~1.6.18
86 silly fetch manifest utils-merge@1.0.1
87 silly fetch manifest fs.realpath@^1.0.0
88 silly fetch manifest inflight@^1.0.4
89 silly fetch manifest minimatch@^3.1.1
90 silly fetch manifest once@^1.3.0
91 silly fetch manifest path-is-absolute@^1.0.0
92 silly fetch manifest @types/http-proxy@^1.17.8
93 silly fetch manifest http-proxy@^1.18.1
94 silly fetch manifest is-glob@^4.0.1
95 silly fetch manifest is-plain-obj@^3.0.0
96 silly fetch manifest micromatch@^4.0.2
97 silly fetch manifest mitt@^3.0.0
98 silly fetch manifest chownr@^2.0.0
99 silly fetch manifest fs-minipass@^2.0.0
100 silly fetch manifest minipass@^5.0.0
101 silly fetch manifest minizlib@^2.1.1
102 silly fetch manifest mkdirp@^1.0.3
103 silly fetch manifest yallist@^4.0.0
104 http fetch GET 200 https://registry.npmjs.org/hash-sum 199ms (cache miss)
105 http fetch GET 200 https://registry.npmjs.org/content-disposition 197ms (cache miss)
106 http fetch GET 200 https://registry.npmjs.org/fs.realpath 199ms (cache miss)
107 http fetch GET 200 https://registry.npmjs.org/array-flatten 210ms (cache miss)
108 http fetch GET 200 https://registry.npmjs.org/content-type 213ms (cache miss)
109 http fetch GET 200 https://registry.npmjs.org/inflight 207ms (cache miss)
110 http fetch GET 200 https://registry.npmjs.org/safe-buffer 232ms (cache revalidated)
111 http fetch GET 200 https://registry.npmjs.org/path-is-absolute 219ms (cache miss)
112 http fetch GET 200 https://registry.npmjs.org/cookie 231ms (cache revalidated)
113 http fetch GET 200 https://registry.npmjs.org/yallist 210ms (cache revalidated)
114 http fetch GET 200 https://registry.npmjs.org/merge-descriptors 232ms (cache miss)
115 http fetch GET 200 https://registry.npmjs.org/is-glob 222ms (cache miss)
116 http fetch GET 200 https://registry.npmjs.org/mkdirp 220ms (cache revalidated)
117 http fetch GET 200 https://registry.npmjs.org/minimatch 233ms (cache miss)
118 http fetch GET 200 https://registry.npmjs.org/body-parser 245ms (cache miss)
119 http fetch GET 200 https://registry.npmjs.org/methods 242ms (cache miss)
120 http fetch GET 200 https://registry.npmjs.org/debug 253ms (cache revalidated)
121 http fetch GET 200 https://registry.npmjs.org/minizlib 232ms (cache miss)
122 http fetch GET 200 https://registry.npmjs.org/utils-merge 245ms (cache miss)
123 http fetch GET 200 https://registry.npmjs.org/chownr 240ms (cache miss)
124 http fetch GET 200 https://registry.npmjs.org/cookie-signature 256ms (cache miss)
125 http fetch GET 200 https://registry.npmjs.org/once 248ms (cache miss)
126 http fetch GET 200 https://registry.npmjs.org/finalhandler 257ms (cache miss)
127 http fetch GET 200 https://registry.npmjs.org/mitt 245ms (cache miss)
128 http fetch GET 200 https://registry.npmjs.org/type-is 262ms (cache miss)
129 http fetch GET 200 https://registry.npmjs.org/@types%2fhttp-proxy 258ms (cache miss)
130 http fetch GET 200 https://registry.npmjs.org/proxy-addr 264ms (cache miss)
131 http fetch GET 200 https://registry.npmjs.org/fs-minipass 254ms (cache miss)
132 http fetch GET 200 https://registry.npmjs.org/minipass 254ms (cache miss)
133 http fetch GET 200 https://registry.npmjs.org/http-proxy 264ms (cache miss)
134 http fetch GET 200 https://registry.npmjs.org/path-to-regexp 276ms (cache miss)
135 http fetch GET 200 https://registry.npmjs.org/micromatch 266ms (cache miss)
136 http fetch GET 200 https://registry.npmjs.org/qs 279ms (cache updated)
137 http fetch GET 200 https://registry.npmjs.org/@vue%2fcompiler-sfc 293ms (cache miss)
138 http fetch GET 200 https://registry.npmjs.org/cookies 904ms (cache miss)
139 http fetch GET 200 https://registry.npmjs.org/is-plain-obj 1009ms (cache miss)
140 timing idealTree:node_modules/@flexdash/node-red-flexdash Completed in 1100ms
141 silly placeDep ROOT @vue/compiler-sfc@3.3.2 OK for: @flexdash/node-red-flexdash-plugin@0.4.154 want: ^3.2.0
142 silly placeDep ROOT hash-sum@2.0.0 OK for: @flexdash/node-red-flexdash-plugin@0.4.154 want: ^2.0.0
143 silly fetch manifest @babel/parser@^7.20.15
144 silly fetch manifest @vue/compiler-core@3.3.2
145 silly fetch manifest @vue/compiler-dom@3.3.2
146 silly fetch manifest @vue/compiler-ssr@3.3.2
147 silly fetch manifest @vue/reactivity-transform@3.3.2
148 silly fetch manifest @vue/shared@3.3.2
149 silly fetch manifest estree-walker@^2.0.2
150 silly fetch manifest magic-string@^0.30.0
151 silly fetch manifest postcss@^8.1.10
152 silly fetch manifest source-map-js@^1.0.2
153 http fetch GET 200 https://registry.npmjs.org/estree-walker 63ms (cache miss)
154 http fetch GET 200 https://registry.npmjs.org/source-map-js 63ms (cache miss)
155 http fetch GET 200 https://registry.npmjs.org/postcss 68ms (cache miss)
156 http fetch GET 200 https://registry.npmjs.org/magic-string 72ms (cache miss)
157 http fetch GET 200 https://registry.npmjs.org/@babel%2fparser 81ms (cache miss)
158 http fetch GET 200 https://registry.npmjs.org/@vue%2freactivity-transform 231ms (cache miss)
159 http fetch GET 200 https://registry.npmjs.org/@vue%2fshared 248ms (cache miss)
160 http fetch GET 200 https://registry.npmjs.org/@vue%2fcompiler-core 1907ms (cache miss)
161 http fetch GET 200 https://registry.npmjs.org/@vue%2fcompiler-dom 1923ms (cache miss)
162 http fetch GET 200 https://registry.npmjs.org/@vue%2fcompiler-ssr 1952ms (cache miss)
163 timing idealTree:node_modules/@flexdash/node-red-flexdash-plugin Completed in 1961ms
164 silly placeDep ROOT @babel/parser@7.21.8 OK for: @vue/compiler-sfc@3.3.2 want: ^7.20.15
165 silly placeDep ROOT @vue/compiler-core@3.3.2 OK for: @vue/compiler-sfc@3.3.2 want: 3.3.2
166 silly placeDep ROOT @vue/compiler-dom@3.3.2 OK for: @vue/compiler-sfc@3.3.2 want: 3.3.2
167 silly placeDep ROOT @vue/compiler-ssr@3.3.2 OK for: @vue/compiler-sfc@3.3.2 want: 3.3.2
168 silly placeDep ROOT @vue/reactivity-transform@3.3.2 OK for: @vue/compiler-sfc@3.3.2 want: 3.3.2
169 silly placeDep ROOT @vue/shared@3.3.2 OK for: @vue/compiler-sfc@3.3.2 want: 3.3.2
170 silly placeDep ROOT estree-walker@2.0.2 OK for: @vue/compiler-sfc@3.3.2 want: ^2.0.2
171 silly placeDep ROOT magic-string@0.30.0 OK for: @vue/compiler-sfc@3.3.2 want: ^0.30.0
172 silly placeDep ROOT postcss@8.4.23 OK for: @vue/compiler-sfc@3.3.2 want: ^8.1.10
173 silly placeDep ROOT source-map-js@1.0.2 OK for: @vue/compiler-sfc@3.3.2 want: ^1.0.2
174 silly fetch manifest @jridgewell/sourcemap-codec@^1.4.13
175 silly fetch manifest nanoid@^3.3.6
176 silly fetch manifest picocolors@^1.0.0
177 http fetch GET 200 https://registry.npmjs.org/picocolors 33ms (cache miss)
178 http fetch GET 200 https://registry.npmjs.org/nanoid 48ms (cache miss)
179 http fetch GET 200 https://registry.npmjs.org/@jridgewell%2fsourcemap-codec 55ms (cache miss)
180 timing idealTree:node_modules/@vue/compiler-sfc Completed in 76ms
181 timing idealTree:node_modules/@babel/parser Completed in 0ms
182 timing idealTree:node_modules/@vue/compiler-core Completed in 1ms
183 timing idealTree:node_modules/@vue/compiler-dom Completed in 0ms
184 timing idealTree:node_modules/@vue/compiler-ssr Completed in 0ms
185 timing idealTree:node_modules/@vue/reactivity-transform Completed in 0ms
186 timing idealTree:node_modules/@vue/shared Completed in 0ms
187 silly placeDep ROOT cookies@0.8.0 OK for: cookie-session@2.0.0 want: 0.8.0
188 silly placeDep node_modules/cookie-session debug@3.2.7 OK for: cookie-session@2.0.0 want: 3.2.7
189 silly placeDep node_modules/cookie-session safe-buffer@5.2.1 OK for: cookie-session@2.0.0 want: 5.2.1
190 silly fetch manifest keygrip@~1.1.0
191 silly fetch manifest ms@^2.1.1
192 http fetch GET 200 https://registry.npmjs.org/keygrip 26ms (cache miss)
193 http fetch GET 200 https://registry.npmjs.org/ms 31ms (cache revalidated)
194 timing idealTree:node_modules/cookie-session Completed in 38ms
195 silly placeDep ROOT keygrip@1.1.0 OK for: cookies@0.8.0 want: ~1.1.0
196 silly fetch manifest tsscmp@1.0.6
197 http fetch GET 200 https://registry.npmjs.org/tsscmp 29ms (cache miss)
198 timing idealTree:node_modules/cookies Completed in 32ms
199 timing idealTree:node_modules/estree-walker Completed in 0ms
200 silly placeDep ROOT array-flatten@1.1.1 OK for: express@4.18.2 want: 1.1.1
201 silly placeDep ROOT body-parser@1.20.1 OK for: express@4.18.2 want: 1.20.1
202 silly placeDep ROOT content-disposition@0.5.4 OK for: express@4.18.2 want: 0.5.4
203 silly placeDep ROOT content-type@1.0.5 OK for: express@4.18.2 want: ~1.0.4
204 silly placeDep node_modules/express cookie@0.5.0 OK for: express@4.18.2 want: 0.5.0
205 silly placeDep ROOT cookie-signature@1.0.6 OK for: express@4.18.2 want: 1.0.6
206 silly placeDep ROOT finalhandler@1.2.0 OK for: express@4.18.2 want: 1.2.0
207 silly placeDep ROOT merge-descriptors@1.0.1 OK for: express@4.18.2 want: 1.0.1
208 silly placeDep ROOT methods@1.1.2 OK for: express@4.18.2 want: ~1.1.2
209 silly placeDep ROOT path-to-regexp@0.1.7 OK for: express@4.18.2 want: 0.1.7
210 silly placeDep ROOT proxy-addr@2.0.7 OK for: express@4.18.2 want: ~2.0.7
211 silly placeDep node_modules/express qs@6.11.0 OK for: express@4.18.2 want: 6.11.0
212 silly placeDep node_modules/express safe-buffer@5.2.1 OK for: express@4.18.2 want: 5.2.1
213 silly placeDep ROOT type-is@1.6.18 OK for: express@4.18.2 want: ~1.6.18
214 silly placeDep ROOT utils-merge@1.0.1 OK for: express@4.18.2 want: 1.0.1
215 silly fetch manifest bytes@3.1.2
216 silly fetch manifest iconv-lite@0.4.24
217 silly fetch manifest raw-body@2.5.1
218 silly fetch manifest unpipe@1.0.0
219 silly fetch manifest unpipe@~1.0.0
220 silly fetch manifest forwarded@0.2.0
221 silly fetch manifest ipaddr.js@1.9.1
222 silly fetch manifest side-channel@^1.0.4
223 silly fetch manifest media-typer@0.3.0
224 http fetch GET 200 https://registry.npmjs.org/unpipe 57ms (cache miss)
225 http fetch GET 200 https://registry.npmjs.org/unpipe 57ms (cache miss)
226 http fetch GET 200 https://registry.npmjs.org/side-channel 51ms (cache miss)
227 http fetch GET 200 https://registry.npmjs.org/forwarded 56ms (cache miss)
228 http fetch GET 200 https://registry.npmjs.org/ipaddr.js 57ms (cache miss)
229 http fetch GET 200 https://registry.npmjs.org/raw-body 61ms (cache miss)
230 http fetch GET 200 https://registry.npmjs.org/iconv-lite 70ms (cache revalidated)
231 http fetch GET 200 https://registry.npmjs.org/bytes 72ms (cache revalidated)
232 http fetch GET 200 https://registry.npmjs.org/media-typer 880ms (cache miss)
233 timing idealTree:node_modules/express Completed in 920ms
234 timing idealTree:node_modules/array-flatten Completed in 0ms
235 silly placeDep node_modules/body-parser bytes@3.1.2 OK for: body-parser@1.20.1 want: 3.1.2
236 silly placeDep ROOT iconv-lite@0.4.24 OK for: body-parser@1.20.1 want: 0.4.24
237 silly placeDep node_modules/body-parser qs@6.11.0 OK for: body-parser@1.20.1 want: 6.11.0
238 silly placeDep ROOT raw-body@2.5.1 OK for: body-parser@1.20.1 want: 2.5.1
239 silly placeDep ROOT unpipe@1.0.0 OK for: body-parser@1.20.1 want: 1.0.0
240 timing idealTree:node_modules/body-parser Completed in 6ms
241 silly placeDep node_modules/content-disposition safe-buffer@5.2.1 OK for: content-disposition@0.5.4 want: 5.2.1
242 timing idealTree:node_modules/content-disposition Completed in 1ms
243 timing idealTree:node_modules/content-type Completed in 0ms
244 timing idealTree:node_modules/cookie-signature Completed in 0ms
245 timing idealTree:node_modules/finalhandler Completed in 0ms
246 silly placeDep ROOT fs.realpath@1.0.0 OK for: glob@7.2.3 want: ^1.0.0
247 silly placeDep ROOT inflight@1.0.6 OK for: glob@7.2.3 want: ^1.0.4
248 silly placeDep ROOT minimatch@3.1.2 OK for: glob@7.2.3 want: ^3.1.1
249 silly placeDep ROOT once@1.4.0 OK for: glob@7.2.3 want: ^1.3.0
250 silly placeDep ROOT path-is-absolute@1.0.1 OK for: glob@7.2.3 want: ^1.0.0
251 silly fetch manifest wrappy@1
252 silly fetch manifest brace-expansion@^1.1.7
253 http fetch GET 200 https://registry.npmjs.org/brace-expansion 34ms (cache miss)
254 http fetch GET 200 https://registry.npmjs.org/wrappy 53ms (cache miss)
255 timing idealTree:node_modules/glob Completed in 61ms
256 timing idealTree:node_modules/fs.realpath Completed in 0ms
257 timing idealTree:node_modules/hash-sum Completed in 0ms
258 silly placeDep ROOT @types/http-proxy@1.17.11 OK for: http-proxy-middleware@2.0.6 want: ^1.17.8
259 silly placeDep ROOT http-proxy@1.18.1 OK for: http-proxy-middleware@2.0.6 want: ^1.18.1
260 silly placeDep ROOT is-glob@4.0.3 OK for: http-proxy-middleware@2.0.6 want: ^4.0.1
261 silly placeDep ROOT is-plain-obj@3.0.0 OK for: http-proxy-middleware@2.0.6 want: ^3.0.0
262 silly placeDep ROOT micromatch@4.0.5 OK for: http-proxy-middleware@2.0.6 want: ^4.0.2
263 silly fetch manifest eventemitter3@^4.0.0
264 silly fetch manifest requires-port@^1.0.0
265 silly fetch manifest follow-redirects@^1.0.0
266 silly fetch manifest is-extglob@^2.1.1
267 silly fetch manifest braces@^3.0.2
268 silly fetch manifest picomatch@^2.3.1
269 http fetch GET 200 https://registry.npmjs.org/eventemitter3 49ms (cache miss)
270 http fetch GET 200 https://registry.npmjs.org/is-extglob 48ms (cache miss)
271 http fetch GET 200 https://registry.npmjs.org/requires-port 52ms (cache miss)
272 http fetch GET 200 https://registry.npmjs.org/picomatch 48ms (cache miss)
273 http fetch GET 200 https://registry.npmjs.org/follow-redirects 53ms (cache miss)
274 http fetch GET 200 https://registry.npmjs.org/braces 255ms (cache miss)
275 timing idealTree:node_modules/http-proxy-middleware Completed in 275ms
276 timing idealTree:node_modules/@types/http-proxy Completed in 0ms
277 silly placeDep ROOT eventemitter3@4.0.7 OK for: http-proxy@1.18.1 want: ^4.0.0
278 silly placeDep ROOT follow-redirects@1.15.2 OK for: http-proxy@1.18.1 want: ^1.0.0
279 silly placeDep ROOT requires-port@1.0.0 OK for: http-proxy@1.18.1 want: ^1.0.0
280 timing idealTree:node_modules/http-proxy Completed in 2ms
281 timing idealTree:node_modules/eventemitter3 Completed in 0ms
282 timing idealTree:node_modules/follow-redirects Completed in 0ms
283 timing idealTree:node_modules/iconv-lite Completed in 0ms
284 silly placeDep ROOT wrappy@1.0.2 OK for: inflight@1.0.6 want: 1
285 timing idealTree:node_modules/inflight Completed in 1ms
286 silly placeDep ROOT is-extglob@2.1.1 OK for: is-glob@4.0.3 want: ^2.1.1
287 timing idealTree:node_modules/is-glob Completed in 1ms
288 timing idealTree:node_modules/is-extglob Completed in 0ms
289 timing idealTree:node_modules/is-plain-obj Completed in 0ms
290 silly placeDep ROOT tsscmp@1.0.6 OK for: keygrip@1.1.0 want: 1.0.6
291 timing idealTree:node_modules/keygrip Completed in 1ms
292 silly placeDep ROOT @jridgewell/sourcemap-codec@1.4.15 OK for: magic-string@0.30.0 want: ^1.4.13
293 timing idealTree:node_modules/magic-string Completed in 1ms
294 timing idealTree:node_modules/@jridgewell/sourcemap-codec Completed in 0ms
295 timing idealTree:node_modules/merge-descriptors Completed in 0ms
296 timing idealTree:node_modules/methods Completed in 0ms
297 silly placeDep ROOT braces@3.0.2 OK for: micromatch@4.0.5 want: ^3.0.2
298 silly placeDep ROOT picomatch@2.3.1 OK for: micromatch@4.0.5 want: ^2.3.1
299 silly fetch manifest fill-range@^7.0.1
300 http fetch GET 200 https://registry.npmjs.org/fill-range 864ms (cache miss)
301 timing idealTree:node_modules/micromatch Completed in 868ms
302 silly placeDep ROOT fill-range@7.0.1 OK for: braces@3.0.2 want: ^7.0.1
303 silly fetch manifest to-regex-range@^5.0.1
304 http fetch GET 200 https://registry.npmjs.org/to-regex-range 861ms (cache miss)
305 timing idealTree:node_modules/braces Completed in 863ms
306 silly placeDep ROOT to-regex-range@5.0.1 OK for: fill-range@7.0.1 want: ^5.0.1
307 silly fetch manifest is-number@^7.0.0
308 http fetch GET 200 https://registry.npmjs.org/is-number 31ms (cache miss)
309 timing idealTree:node_modules/fill-range Completed in 33ms
310 silly placeDep ROOT brace-expansion@1.1.11 OK for: minimatch@3.1.2 want: ^1.1.7
311 silly fetch manifest balanced-match@^1.0.0
312 silly fetch manifest concat-map@0.0.1
313 http fetch GET 200 https://registry.npmjs.org/balanced-match 42ms (cache miss)
314 http fetch GET 200 https://registry.npmjs.org/concat-map 42ms (cache miss)
315 timing idealTree:node_modules/minimatch Completed in 44ms
316 silly placeDep ROOT balanced-match@1.0.2 OK for: brace-expansion@1.1.11 want: ^1.0.0
317 silly placeDep ROOT concat-map@0.0.1 OK for: brace-expansion@1.1.11 want: 0.0.1
318 timing idealTree:node_modules/brace-expansion Completed in 2ms
319 timing idealTree:node_modules/balanced-match Completed in 0ms
320 timing idealTree:node_modules/concat-map Completed in 0ms
321 silly placeDep ROOT mitt@3.0.0 OK for: node-red-vue@0.1.15 want: ^3.0.0
322 timing idealTree:node_modules/node-red-vue Completed in 1ms
323 timing idealTree:node_modules/mitt Completed in 0ms
324 timing idealTree:node_modules/once Completed in 0ms
325 timing idealTree:node_modules/path-is-absolute Completed in 0ms
326 timing idealTree:node_modules/path-to-regexp Completed in 0ms
327 timing idealTree:node_modules/picomatch Completed in 0ms
328 silly placeDep ROOT nanoid@3.3.6 OK for: postcss@8.4.23 want: ^3.3.6
329 silly placeDep ROOT picocolors@1.0.0 OK for: postcss@8.4.23 want: ^1.0.0
330 timing idealTree:node_modules/postcss Completed in 1ms
331 timing idealTree:node_modules/nanoid Completed in 0ms
332 timing idealTree:node_modules/picocolors Completed in 0ms
333 silly placeDep ROOT forwarded@0.2.0 OK for: proxy-addr@2.0.7 want: 0.2.0
334 silly placeDep ROOT ipaddr.js@1.9.1 OK for: proxy-addr@2.0.7 want: 1.9.1
335 timing idealTree:node_modules/proxy-addr Completed in 1ms
336 timing idealTree:node_modules/forwarded Completed in 0ms
337 timing idealTree:node_modules/ipaddr.js Completed in 0ms
338 silly placeDep node_modules/raw-body bytes@3.1.2 OK for: raw-body@2.5.1 want: 3.1.2
339 timing idealTree:node_modules/raw-body Completed in 1ms
340 timing idealTree:node_modules/requires-port Completed in 0ms
341 timing idealTree:node_modules/source-map-js Completed in 0ms
342 silly placeDep ROOT chownr@2.0.0 OK for: tar@6.1.14 want: ^2.0.0
343 silly placeDep ROOT fs-minipass@2.1.0 OK for: tar@6.1.14 want: ^2.0.0
344 silly placeDep ROOT minipass@5.0.0 OK for: tar@6.1.14 want: ^5.0.0
345 silly placeDep ROOT minizlib@2.1.2 OK for: tar@6.1.14 want: ^2.1.1
346 silly placeDep node_modules/tar mkdirp@1.0.4 OK for: tar@6.1.14 want: ^1.0.3
347 silly placeDep ROOT yallist@4.0.0 OK for: tar@6.1.14 want: ^4.0.0
348 silly fetch manifest minipass@^3.0.0
349 timing idealTree:node_modules/tar Completed in 9ms
350 timing idealTree:node_modules/chownr Completed in 0ms
351 silly placeDep node_modules/fs-minipass minipass@3.3.6 OK for: fs-minipass@2.1.0 want: ^3.0.0
352 timing idealTree:node_modules/fs-minipass Completed in 1ms
353 timing idealTree:node_modules/minipass Completed in 0ms
354 silly placeDep node_modules/minizlib minipass@3.3.6 OK for: minizlib@2.1.2 want: ^3.0.0
355 timing idealTree:node_modules/minizlib Completed in 1ms
356 silly placeDep ROOT is-number@7.0.0 OK for: to-regex-range@5.0.1 want: ^7.0.0
357 timing idealTree:node_modules/to-regex-range Completed in 1ms
358 timing idealTree:node_modules/is-number Completed in 0ms
359 timing idealTree:node_modules/tsscmp Completed in 0ms
360 silly placeDep ROOT media-typer@0.3.0 OK for: type-is@1.6.18 want: 0.3.0
361 timing idealTree:node_modules/type-is Completed in 1ms
362 timing idealTree:node_modules/media-typer Completed in 0ms
363 timing idealTree:node_modules/unpipe Completed in 0ms
364 timing idealTree:node_modules/utils-merge Completed in 0ms
365 timing idealTree:node_modules/wrappy Completed in 0ms
366 timing idealTree:node_modules/yallist Completed in 0ms
367 timing idealTree:node_modules/body-parser/node_modules/bytes Completed in 0ms
368 silly placeDep ROOT side-channel@1.0.4 OK for: qs@6.11.0 want: ^1.0.4
369 silly fetch manifest call-bind@^1.0.0
370 silly fetch manifest get-intrinsic@^1.0.2
371 silly fetch manifest object-inspect@^1.9.0
372 http fetch GET 200 https://registry.npmjs.org/call-bind 35ms (cache miss)
373 http fetch GET 200 https://registry.npmjs.org/object-inspect 35ms (cache miss)
374 http fetch GET 200 https://registry.npmjs.org/get-intrinsic 38ms (cache miss)
375 timing idealTree:node_modules/body-parser/node_modules/qs Completed in 41ms
376 silly placeDep ROOT call-bind@1.0.2 OK for: side-channel@1.0.4 want: ^1.0.0
377 silly placeDep ROOT get-intrinsic@1.2.1 OK for: side-channel@1.0.4 want: ^1.0.2
378 silly placeDep ROOT object-inspect@1.12.3 OK for: side-channel@1.0.4 want: ^1.9.0
379 silly fetch manifest function-bind@^1.1.1
380 silly fetch manifest has@^1.0.3
381 silly fetch manifest has-proto@^1.0.1
382 silly fetch manifest has-symbols@^1.0.3
383 http fetch GET 200 https://registry.npmjs.org/has-proto 35ms (cache miss)
384 http fetch GET 200 https://registry.npmjs.org/function-bind 38ms (cache miss)
385 http fetch GET 200 https://registry.npmjs.org/has 38ms (cache miss)
386 http fetch GET 200 https://registry.npmjs.org/has-symbols 45ms (cache miss)
387 timing idealTree:node_modules/side-channel Completed in 52ms
388 silly placeDep ROOT function-bind@1.1.1 OK for: call-bind@1.0.2 want: ^1.1.1
389 timing idealTree:node_modules/call-bind Completed in 1ms
390 timing idealTree:node_modules/function-bind Completed in 0ms
391 silly placeDep ROOT has@1.0.3 OK for: get-intrinsic@1.2.1 want: ^1.0.3
392 silly placeDep ROOT has-proto@1.0.1 OK for: get-intrinsic@1.2.1 want: ^1.0.1
393 silly placeDep ROOT has-symbols@1.0.3 OK for: get-intrinsic@1.2.1 want: ^1.0.3
394 timing idealTree:node_modules/get-intrinsic Completed in 3ms
395 timing idealTree:node_modules/has Completed in 0ms
396 timing idealTree:node_modules/has-proto Completed in 0ms
397 timing idealTree:node_modules/has-symbols Completed in 0ms
398 timing idealTree:node_modules/object-inspect Completed in 0ms
399 timing idealTree:node_modules/content-disposition/node_modules/safe-buffer Completed in 0ms
400 silly placeDep node_modules/cookie-session ms@2.1.3 OK for: debug@3.2.7 want: ^2.1.1
401 timing idealTree:node_modules/cookie-session/node_modules/debug Completed in 1ms
402 timing idealTree:node_modules/cookie-session/node_modules/ms Completed in 0ms
403 timing idealTree:node_modules/cookie-session/node_modules/safe-buffer Completed in 0ms
404 timing idealTree:node_modules/express/node_modules/cookie Completed in 0ms
405 timing idealTree:node_modules/express/node_modules/qs Completed in 0ms
406 timing idealTree:node_modules/express/node_modules/safe-buffer Completed in 0ms
407 timing idealTree:node_modules/fs-minipass/node_modules/minipass Completed in 0ms
408 timing idealTree:node_modules/minizlib/node_modules/minipass Completed in 0ms
409 timing idealTree:node_modules/raw-body/node_modules/bytes Completed in 0ms
410 timing idealTree:node_modules/tar/node_modules/mkdirp Completed in 0ms
411 timing idealTree:buildDeps Completed in 11673ms
412 timing idealTree:fixDepFlags Completed in 3ms
413 timing idealTree Completed in 11833ms
414 timing reify:loadTrees Completed in 11835ms
415 timing reify:diffTrees Completed in 9ms
416 silly reify moves {}
417 timing reify:retireShallow Completed in 2ms
418 timing reify:createSparse Completed in 43ms
419 timing reify:trashOmits Completed in 0ms
420 timing reify:loadBundles Completed in 0ms
421 silly tarball no local data for has-symbols@https://registry.npmjs.org/has-symbols/-/has-symbols-1.0.3.tgz. Extracting by manifest.
422 silly tarball no local data for has-proto@https://registry.npmjs.org/has-proto/-/has-proto-1.0.1.tgz. Extracting by manifest.
423 silly tarball no local data for has@https://registry.npmjs.org/has/-/has-1.0.3.tgz. Extracting by manifest.
424 silly tarball no local data for object-inspect@https://registry.npmjs.org/object-inspect/-/object-inspect-1.12.3.tgz. Extracting by manifest.
425 silly tarball no local data for function-bind@https://registry.npmjs.org/function-bind/-/function-bind-1.1.1.tgz. Extracting by manifest.
426 silly tarball no local data for get-intrinsic@https://registry.npmjs.org/get-intrinsic/-/get-intrinsic-1.2.1.tgz. Extracting by manifest.
427 silly tarball no local data for call-bind@https://registry.npmjs.org/call-bind/-/call-bind-1.0.2.tgz. Extracting by manifest.
428 silly tarball no local data for side-channel@https://registry.npmjs.org/side-channel/-/side-channel-1.0.4.tgz. Extracting by manifest.
429 silly tarball no local data for media-typer@https://registry.npmjs.org/media-typer/-/media-typer-0.3.0.tgz. Extracting by manifest.
430 silly tarball no local data for is-number@https://registry.npmjs.org/is-number/-/is-number-7.0.0.tgz. Extracting by manifest.
431 silly tarball no local data for chownr@https://registry.npmjs.org/chownr/-/chownr-2.0.0.tgz. Extracting by manifest.
432 silly tarball no local data for ipaddr.js@https://registry.npmjs.org/ipaddr.js/-/ipaddr.js-1.9.1.tgz. Extracting by manifest.
433 silly tarball no local data for minipass@https://registry.npmjs.org/minipass/-/minipass-5.0.0.tgz. Extracting by manifest.
434 silly tarball no local data for forwarded@https://registry.npmjs.org/forwarded/-/forwarded-0.2.0.tgz. Extracting by manifest.
435 silly tarball no local data for picocolors@https://registry.npmjs.org/picocolors/-/picocolors-1.0.0.tgz. Extracting by manifest.
436 silly tarball no local data for nanoid@https://registry.npmjs.org/nanoid/-/nanoid-3.3.6.tgz. Extracting by manifest.
437 silly tarball no local data for concat-map@https://registry.npmjs.org/concat-map/-/concat-map-0.0.1.tgz. Extracting by manifest.
438 silly tarball no local data for mitt@https://registry.npmjs.org/mitt/-/mitt-3.0.0.tgz. Extracting by manifest.
439 silly tarball no local data for balanced-match@https://registry.npmjs.org/balanced-match/-/balanced-match-1.0.2.tgz. Extracting by manifest.
440 silly tarball no local data for brace-expansion@https://registry.npmjs.org/brace-expansion/-/brace-expansion-1.1.11.tgz. Extracting by manifest.
441 silly tarball no local data for to-regex-range@https://registry.npmjs.org/to-regex-range/-/to-regex-range-5.0.1.tgz. Extracting by manifest.
442 silly tarball no local data for fill-range@https://registry.npmjs.org/fill-range/-/fill-range-7.0.1.tgz. Extracting by manifest.
443 silly tarball no local data for picomatch@https://registry.npmjs.org/picomatch/-/picomatch-2.3.1.tgz. Extracting by manifest.
444 silly tarball no local data for braces@https://registry.npmjs.org/braces/-/braces-3.0.2.tgz. Extracting by manifest.
445 silly tarball no local data for @jridgewell/sourcemap-codec@https://registry.npmjs.org/@jridgewell/sourcemap-codec/-/sourcemap-codec-1.4.15.tgz. Extracting by manifest.
446 silly tarball no local data for tsscmp@https://registry.npmjs.org/tsscmp/-/tsscmp-1.0.6.tgz. Extracting by manifest.
447 silly tarball no local data for is-extglob@https://registry.npmjs.org/is-extglob/-/is-extglob-2.1.1.tgz. Extracting by manifest.
448 silly tarball no local data for wrappy@https://registry.npmjs.org/wrappy/-/wrappy-1.0.2.tgz. Extracting by manifest.
449 silly tarball no local data for requires-port@https://registry.npmjs.org/requires-port/-/requires-port-1.0.0.tgz. Extracting by manifest.
450 silly tarball no local data for follow-redirects@https://registry.npmjs.org/follow-redirects/-/follow-redirects-1.15.2.tgz. Extracting by manifest.
451 silly tarball no local data for eventemitter3@https://registry.npmjs.org/eventemitter3/-/eventemitter3-4.0.7.tgz. Extracting by manifest.
452 silly tarball no local data for micromatch@https://registry.npmjs.org/micromatch/-/micromatch-4.0.5.tgz. Extracting by manifest.
453 silly tarball no local data for is-plain-obj@https://registry.npmjs.org/is-plain-obj/-/is-plain-obj-3.0.0.tgz. Extracting by manifest.
454 silly tarball no local data for is-glob@https://registry.npmjs.org/is-glob/-/is-glob-4.0.3.tgz. Extracting by manifest.
455 silly tarball no local data for http-proxy@https://registry.npmjs.org/http-proxy/-/http-proxy-1.18.1.tgz. Extracting by manifest.
456 silly tarball no local data for @types/http-proxy@https://registry.npmjs.org/@types/http-proxy/-/http-proxy-1.17.11.tgz. Extracting by manifest.
457 silly tarball no local data for path-is-absolute@https://registry.npmjs.org/path-is-absolute/-/path-is-absolute-1.0.1.tgz. Extracting by manifest.
458 silly tarball no local data for once@https://registry.npmjs.org/once/-/once-1.4.0.tgz. Extracting by manifest.
459 silly tarball no local data for minimatch@https://registry.npmjs.org/minimatch/-/minimatch-3.1.2.tgz. Extracting by manifest.
460 silly tarball no local data for inflight@https://registry.npmjs.org/inflight/-/inflight-1.0.6.tgz. Extracting by manifest.
461 silly tarball no local data for fs.realpath@https://registry.npmjs.org/fs.realpath/-/fs.realpath-1.0.0.tgz. Extracting by manifest.
462 silly tarball no local data for unpipe@https://registry.npmjs.org/unpipe/-/unpipe-1.0.0.tgz. Extracting by manifest.
463 silly tarball no local data for iconv-lite@https://registry.npmjs.org/iconv-lite/-/iconv-lite-0.4.24.tgz. Extracting by manifest.
464 silly tarball no local data for utils-merge@https://registry.npmjs.org/utils-merge/-/utils-merge-1.0.1.tgz. Extracting by manifest.
465 silly tarball no local data for type-is@https://registry.npmjs.org/type-is/-/type-is-1.6.18.tgz. Extracting by manifest.
466 silly tarball no local data for proxy-addr@https://registry.npmjs.org/proxy-addr/-/proxy-addr-2.0.7.tgz. Extracting by manifest.
467 silly tarball no local data for methods@https://registry.npmjs.org/methods/-/methods-1.1.2.tgz. Extracting by manifest.
468 silly tarball no local data for merge-descriptors@https://registry.npmjs.org/merge-descriptors/-/merge-descriptors-1.0.1.tgz. Extracting by manifest.
469 silly tarball no local data for path-to-regexp@https://registry.npmjs.org/path-to-regexp/-/path-to-regexp-0.1.7.tgz. Extracting by manifest.
470 silly tarball no local data for finalhandler@https://registry.npmjs.org/finalhandler/-/finalhandler-1.2.0.tgz. Extracting by manifest.
471 silly tarball no local data for cookie-signature@https://registry.npmjs.org/cookie-signature/-/cookie-signature-1.0.6.tgz. Extracting by manifest.
472 silly tarball no local data for content-type@https://registry.npmjs.org/content-type/-/content-type-1.0.5.tgz. Extracting by manifest.
473 silly tarball no local data for array-flatten@https://registry.npmjs.org/array-flatten/-/array-flatten-1.1.1.tgz. Extracting by manifest.
474 silly tarball no local data for keygrip@https://registry.npmjs.org/keygrip/-/keygrip-1.1.0.tgz. Extracting by manifest.
475 silly tarball no local data for cookies@https://registry.npmjs.org/cookies/-/cookies-0.8.0.tgz. Extracting by manifest.
476 silly tarball no local data for source-map-js@https://registry.npmjs.org/source-map-js/-/source-map-js-1.0.2.tgz. Extracting by manifest.
477 silly tarball no local data for postcss@https://registry.npmjs.org/postcss/-/postcss-8.4.23.tgz. Extracting by manifest.
478 silly tarball no local data for magic-string@https://registry.npmjs.org/magic-string/-/magic-string-0.30.0.tgz. Extracting by manifest.
479 silly tarball no local data for estree-walker@https://registry.npmjs.org/estree-walker/-/estree-walker-2.0.2.tgz. Extracting by manifest.
480 silly tarball no local data for @vue/reactivity-transform@https://registry.npmjs.org/@vue/reactivity-transform/-/reactivity-transform-3.3.2.tgz. Extracting by manifest.
481 silly tarball no local data for @vue/shared@https://registry.npmjs.org/@vue/shared/-/shared-3.3.2.tgz. Extracting by manifest.
482 silly tarball no local data for @vue/compiler-ssr@https://registry.npmjs.org/@vue/compiler-ssr/-/compiler-ssr-3.3.2.tgz. Extracting by manifest.
483 silly tarball no local data for @vue/compiler-dom@https://registry.npmjs.org/@vue/compiler-dom/-/compiler-dom-3.3.2.tgz. Extracting by manifest.
484 silly tarball no local data for @vue/compiler-core@https://registry.npmjs.org/@vue/compiler-core/-/compiler-core-3.3.2.tgz. Extracting by manifest.
485 silly tarball no local data for @babel/parser@https://registry.npmjs.org/@babel/parser/-/parser-7.21.8.tgz. Extracting by manifest.
486 silly tarball no local data for hash-sum@https://registry.npmjs.org/hash-sum/-/hash-sum-2.0.0.tgz. Extracting by manifest.
487 silly tarball no local data for @vue/compiler-sfc@https://registry.npmjs.org/@vue/compiler-sfc/-/compiler-sfc-3.3.2.tgz. Extracting by manifest.
488 silly tarball no local data for node-red-vue@https://registry.npmjs.org/node-red-vue/-/node-red-vue-0.1.15.tgz. Extracting by manifest.
489 silly tarball no local data for http-proxy-middleware@https://registry.npmjs.org/http-proxy-middleware/-/http-proxy-middleware-2.0.6.tgz. Extracting by manifest.
490 silly tarball no local data for glob@https://registry.npmjs.org/glob/-/glob-7.2.3.tgz. Extracting by manifest.
491 silly tarball no local data for @flexdash/node-red-flexdash@https://registry.npmjs.org/@flexdash/node-red-flexdash/-/node-red-flexdash-0.4.154.tgz. Extracting by manifest.
492 silly tarball no local data for @flexdash/node-red-flexdash-plugin@https://registry.npmjs.org/@flexdash/node-red-flexdash-plugin/-/node-red-flexdash-plugin-0.4.154.tgz. Extracting by manifest.
493 silly tarball no local data for minipass@https://registry.npmjs.org/minipass/-/minipass-3.3.6.tgz. Extracting by manifest.
494 silly tarball no local data for minipass@https://registry.npmjs.org/minipass/-/minipass-3.3.6.tgz. Extracting by manifest.
495 silly tarball no local data for safe-buffer@https://registry.npmjs.org/safe-buffer/-/safe-buffer-5.2.1.tgz. Extracting by manifest.
496 silly tarball no local data for bytes@https://registry.npmjs.org/bytes/-/bytes-3.1.2.tgz. Extracting by manifest.
497 silly tarball no local data for qs@https://registry.npmjs.org/qs/-/qs-6.11.0.tgz. Extracting by manifest.
498 silly tarball no local data for mkdirp@https://registry.npmjs.org/mkdirp/-/mkdirp-1.0.4.tgz. Extracting by manifest.
499 silly tarball no local data for safe-buffer@https://registry.npmjs.org/safe-buffer/-/safe-buffer-5.2.1.tgz. Extracting by manifest.
500 silly tarball no local data for qs@https://registry.npmjs.org/qs/-/qs-6.11.0.tgz. Extracting by manifest.
501 silly tarball no local data for bytes@https://registry.npmjs.org/bytes/-/bytes-3.1.2.tgz. Extracting by manifest.
502 silly tarball no local data for cookie@https://registry.npmjs.org/cookie/-/cookie-0.5.0.tgz. Extracting by manifest.
503 silly tarball no local data for debug@https://registry.npmjs.org/debug/-/debug-3.2.7.tgz. Extracting by manifest.
504 silly tarball no local data for safe-buffer@https://registry.npmjs.org/safe-buffer/-/safe-buffer-5.2.1.tgz. Extracting by manifest.
505 silly tarball no local data for minizlib@https://registry.npmjs.org/minizlib/-/minizlib-2.1.2.tgz. Extracting by manifest.
506 silly tarball no local data for fs-minipass@https://registry.npmjs.org/fs-minipass/-/fs-minipass-2.1.0.tgz. Extracting by manifest.
507 silly tarball no local data for raw-body@https://registry.npmjs.org/raw-body/-/raw-body-2.5.1.tgz. Extracting by manifest.
508 silly tarball no local data for content-disposition@https://registry.npmjs.org/content-disposition/-/content-disposition-0.5.4.tgz. Extracting by manifest.
509 silly tarball no local data for body-parser@https://registry.npmjs.org/body-parser/-/body-parser-1.20.1.tgz. Extracting by manifest.
510 silly tarball no local data for tar@https://registry.npmjs.org/tar/-/tar-6.1.14.tgz. Extracting by manifest.
511 silly tarball no local data for express@https://registry.npmjs.org/express/-/express-4.18.2.tgz. Extracting by manifest.
512 silly tarball no local data for cookie-session@https://registry.npmjs.org/cookie-session/-/cookie-session-2.0.0.tgz. Extracting by manifest.
513 timing reifyNode:node_modules/process-nextick-args Completed in 1136ms
514 timing reifyNode:node_modules/pinkie-promise Completed in 1136ms
515 timing reifyNode:node_modules/pinkie Completed in 1136ms
516 timing reifyNode:node_modules/oauth-sign Completed in 1136ms
517 timing reifyNode:node_modules/is-stream Completed in 1164ms
518 timing reifyNode:node_modules/hasha Completed in 1164ms
519 timing reifyNode:node_modules/concat-stream Completed in 1165ms
520 timing reifyNode:node_modules/buffer-from Completed in 1165ms
521 timing reifyNode:node_modules/buffer-crc32 Completed in 1166ms
522 timing reifyNode:node_modules/cookie-session/node_modules/ms Completed in 1171ms
523 timing reifyNode:node_modules/tunnel-agent Completed in 1170ms
524 timing reifyNode:node_modules/pend Completed in 1171ms
525 timing reifyNode:node_modules/is-typedarray Completed in 1202ms
526 timing reifyNode:node_modules/forever-agent Completed in 1202ms
527 timing reifyNode:node_modules/caseless Completed in 1203ms
528 timing reifyNode:node_modules/aws-sign2 Completed in 1203ms
529 timing reifyNode:node_modules/assert-plus Completed in 1203ms
530 timing reifyNode:node_modules/yallist Completed in 1212ms
531 timing reifyNode:node_modules/util-deprecate Completed in 1207ms
532 timing reifyNode:node_modules/graceful-fs Completed in 1267ms
533 timing reifyNode:node_modules/extract-zip Completed in 1267ms
534 timing reifyNode:node_modules/core-util-is Completed in 1267ms
535 timing reifyNode:node_modules/yauzl Completed in 1272ms
536 timing reifyNode:node_modules/jsonfile Completed in 1290ms
537 timing reifyNode:node_modules/isarray Completed in 1291ms
538 timing reifyNode:node_modules/combined-stream Completed in 1291ms
539 timing reifyNode:node_modules/bcrypt-pbkdf Completed in 1291ms
540 timing reifyNode:node_modules/which Completed in 1295ms
541 timing reifyNode:node_modules/throttleit Completed in 1295ms
542 timing reifyNode:node_modules/string_decoder Completed in 1295ms
543 timing reifyNode:node_modules/punycode Completed in 1296ms
544 timing reifyNode:node_modules/mkdirp Completed in 1295ms
545 warn deprecated har-validator@5.1.5: this library is no longer supported
546 timing reifyNode:node_modules/har-validator Completed in 1311ms
547 timing reifyNode:node_modules/getpass Completed in 1310ms
548 timing reifyNode:node_modules/delayed-stream Completed in 1311ms
549 timing reifyNode:node_modules/safer-buffer Completed in 1315ms
550 timing reifyNode:node_modules/klaw Completed in 1328ms
551 timing reifyNode:node_modules/json-schema Completed in 1328ms
552 timing reifyNode:node_modules/isstream Completed in 1328ms
553 timing reifyNode:node_modules/extend Completed in 1328ms
554 timing reifyNode:node_modules/jsbn Completed in 1341ms
555 timing reifyNode:node_modules/verror/node_modules/core-util-is Completed in 1345ms
556 timing reifyNode:node_modules/progress Completed in 1345ms
557 timing reifyNode:node_modules/jsprim Completed in 1353ms
558 timing reifyNode:node_modules/isexe Completed in 1354ms
559 timing reifyNode:node_modules/aws4 Completed in 1353ms
560 timing reifyNode:node_modules/request-progress Completed in 1358ms
561 timing reifyNode:node_modules/json-stringify-safe Completed in 1382ms
562 timing reifyNode:node_modules/fd-slicer Completed in 1382ms
563 timing reifyNode:node_modules/extsprintf Completed in 1382ms
564 timing reifyNode:node_modules/ecc-jsbn Completed in 1382ms
565 timing reifyNode:node_modules/fast-deep-equal Completed in 1405ms
566 timing reifyNode:node_modules/json-schema-traverse Completed in 1418ms
567 timing reifyNode:node_modules/verror Completed in 1434ms
568 timing reifyNode:node_modules/typedarray Completed in 1433ms
569 timing reifyNode:node_modules/tough-cookie Completed in 1434ms
570 http fetch GET 200 https://registry.npmjs.org/has/-/has-1.0.3.tgz 1323ms (cache miss)
571 timing reifyNode:node_modules/has Completed in 1444ms
572 http fetch GET 200 https://registry.npmjs.org/side-channel/-/side-channel-1.0.4.tgz 1306ms (cache miss)
573 timing reifyNode:node_modules/side-channel Completed in 1445ms
574 http fetch GET 200 https://registry.npmjs.org/function-bind/-/function-bind-1.1.1.tgz 1322ms (cache miss)
575 timing reifyNode:node_modules/function-bind Completed in 1448ms
576 http fetch GET 200 https://registry.npmjs.org/call-bind/-/call-bind-1.0.2.tgz 1315ms (cache miss)
577 http fetch GET 200 https://registry.npmjs.org/get-intrinsic/-/get-intrinsic-1.2.1.tgz 1325ms (cache miss)
578 http fetch GET 200 https://registry.npmjs.org/has-symbols/-/has-symbols-1.0.3.tgz 1346ms (cache miss)
579 timing reifyNode:node_modules/get-intrinsic Completed in 1458ms
580 http fetch GET 200 https://registry.npmjs.org/picocolors/-/picocolors-1.0.0.tgz 1293ms (cache miss)
581 timing reifyNode:node_modules/picocolors Completed in 1464ms
582 timing reifyNode:node_modules/dashdash Completed in 1466ms
583 timing reifyNode:node_modules/asn1 Completed in 1466ms
584 timing reifyNode:node_modules/call-bind Completed in 1475ms
585 http fetch GET 200 https://registry.npmjs.org/media-typer/-/media-typer-0.3.0.tgz 1331ms (cache miss)
586 timing reifyNode:node_modules/media-typer Completed in 1478ms
587 http fetch GET 200 https://registry.npmjs.org/chownr/-/chownr-2.0.0.tgz 1330ms (cache miss)
588 timing reifyNode:node_modules/chownr Completed in 1484ms
589 http fetch GET 200 https://registry.npmjs.org/concat-map/-/concat-map-0.0.1.tgz 1311ms (cache miss)
590 timing reifyNode:node_modules/concat-map Completed in 1487ms
591 http fetch GET 200 https://registry.npmjs.org/balanced-match/-/balanced-match-1.0.2.tgz 1300ms (cache miss)
592 timing reifyNode:node_modules/balanced-match Completed in 1490ms
593 http fetch GET 200 https://registry.npmjs.org/brace-expansion/-/brace-expansion-1.1.11.tgz 1299ms (cache miss)
594 timing reifyNode:node_modules/brace-expansion Completed in 1494ms
595 http fetch GET 200 https://registry.npmjs.org/nanoid/-/nanoid-3.3.6.tgz 1325ms (cache miss)
596 http fetch GET 200 https://registry.npmjs.org/ipaddr.js/-/ipaddr.js-1.9.1.tgz 1352ms (cache miss)
597 timing reifyNode:node_modules/ipaddr.js Completed in 1509ms
598 http fetch GET 200 https://registry.npmjs.org/braces/-/braces-3.0.2.tgz 1304ms (cache miss)
599 timing reifyNode:node_modules/braces Completed in 1516ms
600 http fetch GET 200 https://registry.npmjs.org/to-regex-range/-/to-regex-range-5.0.1.tgz 1322ms (cache miss)
601 timing reifyNode:node_modules/to-regex-range Completed in 1519ms
602 http fetch GET 200 https://registry.npmjs.org/fill-range/-/fill-range-7.0.1.tgz 1322ms (cache miss)
603 timing reifyNode:node_modules/fill-range Completed in 1522ms
604 http fetch GET 200 https://registry.npmjs.org/is-extglob/-/is-extglob-2.1.1.tgz 1299ms (cache miss)
605 timing reifyNode:node_modules/is-extglob Completed in 1531ms
606 http fetch GET 200 https://registry.npmjs.org/wrappy/-/wrappy-1.0.2.tgz 1292ms (cache miss)
607 timing reifyNode:node_modules/wrappy Completed in 1534ms
608 http fetch GET 200 https://registry.npmjs.org/requires-port/-/requires-port-1.0.0.tgz 1278ms (cache miss)
609 timing reifyNode:node_modules/requires-port Completed in 1537ms
610 timing reifyNode:node_modules/http-signature Completed in 1537ms
611 timing reifyNode:node_modules/form-data Completed in 1536ms
612 http fetch GET 200 https://registry.npmjs.org/micromatch/-/micromatch-4.0.5.tgz 1277ms (cache miss)
613 timing reifyNode:node_modules/micromatch Completed in 1547ms
614 http fetch GET 200 https://registry.npmjs.org/is-glob/-/is-glob-4.0.3.tgz 1274ms (cache miss)
615 timing reifyNode:node_modules/is-glob Completed in 1550ms
616 http fetch GET 200 https://registry.npmjs.org/is-plain-obj/-/is-plain-obj-3.0.0.tgz 1285ms (cache miss)
617 timing reifyNode:node_modules/is-plain-obj Completed in 1558ms
618 http fetch GET 200 https://registry.npmjs.org/eventemitter3/-/eventemitter3-4.0.7.tgz 1294ms (cache miss)
619 timing reifyNode:node_modules/eventemitter3 Completed in 1562ms
620 http fetch GET 200 https://registry.npmjs.org/@jridgewell/sourcemap-codec/-/sourcemap-codec-1.4.15.tgz 1357ms (cache miss)
621 timing reifyNode:node_modules/@jridgewell/sourcemap-codec Completed in 1572ms
622 http fetch GET 200 https://registry.npmjs.org/@types/http-proxy/-/http-proxy-1.17.11.tgz 1292ms (cache miss)
623 timing reifyNode:node_modules/@types/http-proxy Completed in 1579ms
624 http fetch GET 200 https://registry.npmjs.org/fs.realpath/-/fs.realpath-1.0.0.tgz 1276ms (cache miss)
625 timing reifyNode:node_modules/fs.realpath Completed in 1582ms
626 http fetch GET 200 https://registry.npmjs.org/inflight/-/inflight-1.0.6.tgz 1283ms (cache miss)
627 timing reifyNode:node_modules/inflight Completed in 1585ms
628 http fetch GET 200 https://registry.npmjs.org/once/-/once-1.4.0.tgz 1292ms (cache miss)
629 timing reifyNode:node_modules/once Completed in 1588ms
630 http fetch GET 200 https://registry.npmjs.org/utils-merge/-/utils-merge-1.0.1.tgz 1273ms (cache miss)
631 timing reifyNode:node_modules/utils-merge Completed in 1591ms
632 timing reifyNode:node_modules/asynckit Completed in 1594ms
633 timing reifyNode:node_modules/kew Completed in 1597ms
634 http fetch GET 200 https://registry.npmjs.org/proxy-addr/-/proxy-addr-2.0.7.tgz 1280ms (cache miss)
635 timing reifyNode:node_modules/proxy-addr Completed in 1606ms
636 http fetch GET 200 https://registry.npmjs.org/array-flatten/-/array-flatten-1.1.1.tgz 1252ms (cache miss)
637 timing reifyNode:node_modules/array-flatten Completed in 1609ms
638 http fetch GET 200 https://registry.npmjs.org/cookie-signature/-/cookie-signature-1.0.6.tgz 1266ms (cache miss)
639 timing reifyNode:node_modules/cookie-signature Completed in 1612ms
640 http fetch GET 200 https://registry.npmjs.org/content-type/-/content-type-1.0.5.tgz 1266ms (cache miss)
641 timing reifyNode:node_modules/content-type Completed in 1615ms
642 http fetch GET 200 https://registry.npmjs.org/merge-descriptors/-/merge-descriptors-1.0.1.tgz 1287ms (cache miss)
643 timing reifyNode:node_modules/merge-descriptors Completed in 1623ms
644 timing reifyNode:node_modules/tweetnacl Completed in 1627ms
645 http fetch GET 200 https://registry.npmjs.org/is-number/-/is-number-7.0.0.tgz 1493ms (cache miss)
646 timing reifyNode:node_modules/is-number Completed in 1644ms
647 http fetch GET 200 https://registry.npmjs.org/has-proto/-/has-proto-1.0.1.tgz 1539ms (cache miss)
648 timing reifyNode:node_modules/has-proto Completed in 1655ms
649 http fetch GET 200 https://registry.npmjs.org/mitt/-/mitt-3.0.0.tgz 1499ms (cache miss)
650 timing reifyNode:node_modules/mitt Completed in 1686ms
651 http fetch GET 200 https://registry.npmjs.org/forwarded/-/forwarded-0.2.0.tgz 1525ms (cache miss)
652 timing reifyNode:node_modules/forwarded Completed in 1689ms
653 http fetch GET 200 https://registry.npmjs.org/hash-sum/-/hash-sum-2.0.0.tgz 1272ms (cache miss)
654 timing reifyNode:node_modules/hash-sum Completed in 1693ms
655 timing reifyNode:node_modules/has-symbols Completed in 1701ms
656 http fetch GET 200 https://registry.npmjs.org/tsscmp/-/tsscmp-1.0.6.tgz 1484ms (cache miss)
657 timing reifyNode:node_modules/tsscmp Completed in 1703ms
658 http fetch GET 200 https://registry.npmjs.org/minipass/-/minipass-3.3.6.tgz 1241ms (cache miss)
659 http fetch GET 200 https://registry.npmjs.org/minipass/-/minipass-3.3.6.tgz 1247ms (cache miss)
660 timing reifyNode:node_modules/fs-minipass/node_modules/minipass Completed in 1710ms
661 timing reifyNode:node_modules/minizlib/node_modules/minipass Completed in 1710ms
662 timing reifyNode:node_modules/har-schema Completed in 1708ms
663 warn deprecated uuid@3.4.0: Please upgrade  to version 7 or higher.  Older versions may use Math.random() in certain circumstances, which is known to be problematic.  See https://v8.dev/blog/math-random for details.
664 timing reifyNode:node_modules/uuid Completed in 1710ms
665 http fetch GET 200 https://registry.npmjs.org/bytes/-/bytes-3.1.2.tgz 1220ms (cache miss)
666 http fetch GET 200 https://registry.npmjs.org/bytes/-/bytes-3.1.2.tgz 1254ms (cache miss)
667 timing reifyNode:node_modules/body-parser/node_modules/bytes Completed in 1727ms
668 timing reifyNode:node_modules/raw-body/node_modules/bytes Completed in 1727ms
669 timing reifyNode:node_modules/performance-now Completed in 1730ms
670 http fetch GET 200 https://registry.npmjs.org/minipass/-/minipass-5.0.0.tgz 1576ms (cache miss)
671 timing reifyNode:node_modules/minipass Completed in 1737ms
672 http fetch GET 200 https://registry.npmjs.org/follow-redirects/-/follow-redirects-1.15.2.tgz 1477ms (cache miss)
673 timing reifyNode:node_modules/follow-redirects Completed in 1740ms
674 http fetch GET 200 https://registry.npmjs.org/minimatch/-/minimatch-3.1.2.tgz 1443ms (cache miss)
675 timing reifyNode:node_modules/minimatch Completed in 1742ms
676 http fetch GET 200 https://registry.npmjs.org/safe-buffer/-/safe-buffer-5.2.1.tgz 1262ms (cache miss)
677 http fetch GET 200 https://registry.npmjs.org/safe-buffer/-/safe-buffer-5.2.1.tgz 1283ms (cache miss)
678 http fetch GET 200 https://registry.npmjs.org/safe-buffer/-/safe-buffer-5.2.1.tgz 1245ms (cache miss)
679 timing reifyNode:node_modules/express/node_modules/safe-buffer Completed in 1754ms
680 timing reifyNode:node_modules/content-disposition/node_modules/safe-buffer Completed in 1755ms
681 timing reifyNode:node_modules/cookie-session/node_modules/safe-buffer Completed in 1754ms
682 http fetch GET 200 https://registry.npmjs.org/mkdirp/-/mkdirp-1.0.4.tgz 1274ms (cache miss)
683 timing reifyNode:node_modules/tar/node_modules/mkdirp Completed in 1757ms
684 warn deprecated phantomjs-prebuilt@2.1.16: this package is now deprecated
685 timing reifyNode:node_modules/phantomjs-prebuilt Completed in 1760ms
686 http fetch GET 200 https://registry.npmjs.org/keygrip/-/keygrip-1.1.0.tgz 1406ms (cache miss)
687 timing reifyNode:node_modules/keygrip Completed in 1768ms
688 http fetch GET 200 https://registry.npmjs.org/methods/-/methods-1.1.2.tgz 1441ms (cache miss)
689 timing reifyNode:node_modules/methods Completed in 1774ms
690 http fetch GET 200 https://registry.npmjs.org/finalhandler/-/finalhandler-1.2.0.tgz 1434ms (cache miss)
691 timing reifyNode:node_modules/finalhandler Completed in 1777ms
692 http fetch GET 200 https://registry.npmjs.org/glob/-/glob-7.2.3.tgz 1342ms (cache miss)
693 timing reifyNode:node_modules/glob Completed in 1781ms
694 http fetch GET 200 https://registry.npmjs.org/debug/-/debug-3.2.7.tgz 1279ms (cache miss)
695 timing reifyNode:node_modules/cookie-session/node_modules/debug Completed in 1784ms
696 http fetch GET 200 https://registry.npmjs.org/cookie/-/cookie-0.5.0.tgz 1285ms (cache miss)
697 timing reifyNode:node_modules/express/node_modules/cookie Completed in 1787ms
698 http fetch GET 200 https://registry.npmjs.org/minizlib/-/minizlib-2.1.2.tgz 891ms (cache miss)
699 timing reifyNode:node_modules/minizlib Completed in 1793ms
700 http fetch GET 200 https://registry.npmjs.org/fs-minipass/-/fs-minipass-2.1.0.tgz 890ms (cache miss)
701 timing reifyNode:node_modules/fs-minipass Completed in 1795ms
702 timing reifyNode:node_modules/fast-json-stable-stringify Completed in 1793ms
703 http fetch GET 200 https://registry.npmjs.org/cookies/-/cookies-0.8.0.tgz 1433ms (cache miss)
704 timing reifyNode:node_modules/cookies Completed in 1802ms
705 http fetch GET 200 https://registry.npmjs.org/@vue/compiler-ssr/-/compiler-ssr-3.3.2.tgz 1407ms (cache miss)
706 timing reifyNode:node_modules/@vue/compiler-ssr Completed in 1807ms
707 http fetch GET 200 https://registry.npmjs.org/raw-body/-/raw-body-2.5.1.tgz 905ms (cache miss)
708 timing reifyNode:node_modules/raw-body Completed in 1817ms
709 http fetch GET 200 https://registry.npmjs.org/cookie-session/-/cookie-session-2.0.0.tgz 889ms (cache miss)
710 timing reifyNode:node_modules/cookie-session Completed in 1820ms
711 http fetch GET 200 https://registry.npmjs.org/type-is/-/type-is-1.6.18.tgz 1503ms (cache miss)
712 timing reifyNode:node_modules/type-is Completed in 1826ms
713 http fetch GET 200 https://registry.npmjs.org/@vue/shared/-/shared-3.3.2.tgz 1432ms (cache miss)
714 timing reifyNode:node_modules/@vue/shared Completed in 1829ms
715 http fetch GET 200 https://registry.npmjs.org/path-is-absolute/-/path-is-absolute-1.0.1.tgz 1547ms (cache miss)
716 timing reifyNode:node_modules/path-is-absolute Completed in 1836ms
717 http fetch GET 200 https://registry.npmjs.org/body-parser/-/body-parser-1.20.1.tgz 927ms (cache miss)
718 http fetch GET 200 https://registry.npmjs.org/unpipe/-/unpipe-1.0.0.tgz 1540ms (cache miss)
719 timing reifyNode:node_modules/unpipe Completed in 1849ms
720 http fetch GET 200 https://registry.npmjs.org/path-to-regexp/-/path-to-regexp-0.1.7.tgz 1516ms (cache miss)
721 timing reifyNode:node_modules/path-to-regexp Completed in 1856ms
722 http fetch GET 200 https://registry.npmjs.org/@vue/reactivity-transform/-/reactivity-transform-3.3.2.tgz 1477ms (cache miss)
723 timing reifyNode:node_modules/@vue/reactivity-transform Completed in 1863ms
724 warn deprecated request@2.88.2: request has been deprecated, see https://github.com/request/request/issues/3142
725 timing reifyNode:node_modules/request Completed in 1862ms
726 http fetch GET 200 https://registry.npmjs.org/picomatch/-/picomatch-2.3.1.tgz 1662ms (cache miss)
727 timing reifyNode:node_modules/picomatch Completed in 1870ms
728 http fetch GET 200 https://registry.npmjs.org/content-disposition/-/content-disposition-0.5.4.tgz 960ms (cache miss)
729 timing reifyNode:node_modules/content-disposition Completed in 1875ms
730 timing reifyNode:node_modules/body-parser Completed in 1878ms
731 timing reifyNode:node_modules/minimist Completed in 1876ms
732 timing reifyNode:node_modules/nanoid Completed in 1885ms
733 http fetch GET 200 https://registry.npmjs.org/estree-walker/-/estree-walker-2.0.2.tgz 1504ms (cache miss)
734 http fetch GET 200 https://registry.npmjs.org/http-proxy/-/http-proxy-1.18.1.tgz 1615ms (cache miss)
735 timing reifyNode:node_modules/qs Completed in 1898ms
736 timing reifyNode:node_modules/psl Completed in 1901ms
737 timing reifyNode:node_modules/estree-walker Completed in 1904ms
738 timing reifyNode:node_modules/http-proxy Completed in 1906ms
739 http fetch GET 200 https://registry.npmjs.org/http-proxy-middleware/-/http-proxy-middleware-2.0.6.tgz 1475ms (cache miss)
740 timing reifyNode:node_modules/readable-stream Completed in 1915ms
741 timing reifyNode:node_modules/http-proxy-middleware Completed in 1920ms
742 http fetch GET 200 https://registry.npmjs.org/qs/-/qs-6.11.0.tgz 1446ms (cache miss)
743 http fetch GET 200 https://registry.npmjs.org/qs/-/qs-6.11.0.tgz 1441ms (cache miss)
744 http fetch GET 200 https://registry.npmjs.org/express/-/express-4.18.2.tgz 1013ms (cache miss)
745 http fetch GET 200 https://registry.npmjs.org/source-map-js/-/source-map-js-1.0.2.tgz 1568ms (cache miss)
746 timing reifyNode:node_modules/source-map-js Completed in 1941ms
747 http fetch GET 200 https://registry.npmjs.org/tar/-/tar-6.1.14.tgz 1026ms (cache miss)
748 timing reifyNode:node_modules/body-parser/node_modules/qs Completed in 1951ms
749 timing reifyNode:node_modules/express Completed in 1950ms
750 timing reifyNode:node_modules/express/node_modules/qs Completed in 1951ms
751 timing reifyNode:node_modules/tar Completed in 1954ms
752 http fetch GET 200 https://registry.npmjs.org/@vue/compiler-core/-/compiler-core-3.3.2.tgz 1546ms (cache miss)
753 timing reifyNode:node_modules/@vue/compiler-core Completed in 1961ms
754 timing reifyNode:node_modules/es6-promise Completed in 1967ms
755 http fetch GET 200 https://registry.npmjs.org/object-inspect/-/object-inspect-1.12.3.tgz 1856ms (cache miss)
756 timing reifyNode:node_modules/object-inspect Completed in 1979ms
757 http fetch GET 200 https://registry.npmjs.org/magic-string/-/magic-string-0.30.0.tgz 1603ms (cache miss)
758 timing reifyNode:node_modules/magic-string Completed in 1984ms
759 timing reifyNode:node_modules/sshpk Completed in 1987ms
760 http fetch GET 200 https://registry.npmjs.org/postcss/-/postcss-8.4.23.tgz 1623ms (cache miss)
761 timing reifyNode:node_modules/fs-extra Completed in 1995ms
762 http fetch GET 200 https://registry.npmjs.org/@vue/compiler-dom/-/compiler-dom-3.3.2.tgz 1604ms (cache miss)
763 timing reifyNode:node_modules/@vue/compiler-dom Completed in 2009ms
764 timing reifyNode:node_modules/postcss Completed in 2010ms
765 http fetch GET 200 https://registry.npmjs.org/iconv-lite/-/iconv-lite-0.4.24.tgz 1707ms (cache miss)
766 timing reifyNode:node_modules/iconv-lite Completed in 2019ms
767 timing reifyNode:node_modules/uri-js Completed in 2018ms
768 http fetch GET 200 https://registry.npmjs.org/@babel/parser/-/parser-7.21.8.tgz 1628ms (cache miss)
769 timing reifyNode:node_modules/@babel/parser Completed in 2046ms
770 http fetch GET 200 https://registry.npmjs.org/@vue/compiler-sfc/-/compiler-sfc-3.3.2.tgz 1629ms (cache miss)
771 timing reifyNode:node_modules/@vue/compiler-sfc Completed in 2053ms
772 timing reifyNode:node_modules/ajv Completed in 2056ms
773 http fetch GET 200 https://registry.npmjs.org/node-red-vue/-/node-red-vue-0.1.15.tgz 1911ms (cache miss)
774 timing reifyNode:node_modules/node-red-vue Completed in 2338ms
775 http fetch GET 200 https://registry.npmjs.org/@flexdash/node-red-flexdash/-/node-red-flexdash-0.4.154.tgz 4087ms (cache miss)
776 timing reifyNode:node_modules/@flexdash/node-red-flexdash Completed in 4528ms
777 http fetch GET 200 https://registry.npmjs.org/@flexdash/node-red-flexdash-plugin/-/node-red-flexdash-plugin-0.4.154.tgz 5426ms (cache miss)
778 timing reifyNode:node_modules/@flexdash/node-red-flexdash-plugin Completed in 5872ms
779 timing reify:unpack Completed in 5876ms
780 timing reify:unretire Completed in 0ms
781 timing build:queue Completed in 11ms
782 timing build:link:node_modules/@babel/parser Completed in 8ms
783 timing build:link:node_modules/tar/node_modules/mkdirp Completed in 6ms
784 timing build:link:node_modules/extract-zip Completed in 8ms
785 timing build:link:node_modules/@flexdash/node-red-flexdash Completed in 8ms
786 timing build:link:node_modules/nanoid Completed in 8ms
787 timing build:link:node_modules/mkdirp Completed in 8ms
788 timing build:link:node_modules/phantomjs-prebuilt Completed in 7ms
789 timing build:link:node_modules/sshpk Completed in 7ms
790 timing build:link:node_modules/uuid Completed in 7ms
791 timing build:link:node_modules/which Completed in 7ms
792 timing build:link Completed in 9ms
793 info run phantomjs-prebuilt@2.1.16 install node_modules/phantomjs-prebuilt node install.js
794 info run phantomjs-prebuilt@2.1.16 install { code: 1, signal: null }
795 verbose reify failed optional dependency /data/node_modules/phantomjs-prebuilt
796 silly reify mark deleted [
796 silly reify   '/data/node_modules/phantomjs-prebuilt',
796 silly reify   '/data/node_modules/.bin/phantomjs'
796 silly reify ]
797 verbose reify failed optional dependency /data/node_modules/es6-promise
798 silly reify mark deleted [ '/data/node_modules/es6-promise' ]
799 verbose reify failed optional dependency /data/node_modules/extract-zip
800 silly reify mark deleted [
800 silly reify   '/data/node_modules/extract-zip',
800 silly reify   '/data/node_modules/.bin/extract-zip'
800 silly reify ]
801 verbose reify failed optional dependency /data/node_modules/fs-extra
802 silly reify mark deleted [ '/data/node_modules/fs-extra' ]
803 verbose reify failed optional dependency /data/node_modules/hasha
804 silly reify mark deleted [ '/data/node_modules/hasha' ]
805 verbose reify failed optional dependency /data/node_modules/kew
806 silly reify mark deleted [ '/data/node_modules/kew' ]
807 verbose reify failed optional dependency /data/node_modules/progress
808 silly reify mark deleted [ '/data/node_modules/progress' ]
809 verbose reify failed optional dependency /data/node_modules/request
810 silly reify mark deleted [ '/data/node_modules/request' ]
811 verbose reify failed optional dependency /data/node_modules/request-progress
812 silly reify mark deleted [ '/data/node_modules/request-progress' ]
813 verbose reify failed optional dependency /data/node_modules/which
814 silly reify mark deleted [ '/data/node_modules/which', '/data/node_modules/.bin/which' ]
815 verbose reify failed optional dependency /data/node_modules/concat-stream
816 silly reify mark deleted [ '/data/node_modules/concat-stream' ]
817 verbose reify failed optional dependency /data/node_modules/mkdirp
818 silly reify mark deleted [ '/data/node_modules/mkdirp', '/data/node_modules/.bin/mkdirp' ]
819 verbose reify failed optional dependency /data/node_modules/yauzl
820 silly reify mark deleted [ '/data/node_modules/yauzl' ]
821 verbose reify failed optional dependency /data/node_modules/graceful-fs
822 silly reify mark deleted [ '/data/node_modules/graceful-fs' ]
823 verbose reify failed optional dependency /data/node_modules/jsonfile
824 silly reify mark deleted [ '/data/node_modules/jsonfile' ]
825 verbose reify failed optional dependency /data/node_modules/klaw
826 silly reify mark deleted [ '/data/node_modules/klaw' ]
827 verbose reify failed optional dependency /data/node_modules/is-stream
828 silly reify mark deleted [ '/data/node_modules/is-stream' ]
829 verbose reify failed optional dependency /data/node_modules/pinkie-promise
830 silly reify mark deleted [ '/data/node_modules/pinkie-promise' ]
831 verbose reify failed optional dependency /data/node_modules/aws-sign2
832 silly reify mark deleted [ '/data/node_modules/aws-sign2' ]
833 verbose reify failed optional dependency /data/node_modules/aws4
834 silly reify mark deleted [ '/data/node_modules/aws4' ]
835 verbose reify failed optional dependency /data/node_modules/caseless
836 silly reify mark deleted [ '/data/node_modules/caseless' ]
837 verbose reify failed optional dependency /data/node_modules/combined-stream
838 silly reify mark deleted [ '/data/node_modules/combined-stream' ]
839 verbose reify failed optional dependency /data/node_modules/extend
840 silly reify mark deleted [ '/data/node_modules/extend' ]
841 verbose reify failed optional dependency /data/node_modules/forever-agent
842 silly reify mark deleted [ '/data/node_modules/forever-agent' ]
843 verbose reify failed optional dependency /data/node_modules/form-data
844 silly reify mark deleted [ '/data/node_modules/form-data' ]
845 verbose reify failed optional dependency /data/node_modules/har-validator
846 silly reify mark deleted [ '/data/node_modules/har-validator' ]
847 verbose reify failed optional dependency /data/node_modules/http-signature
848 silly reify mark deleted [ '/data/node_modules/http-signature' ]
849 verbose reify failed optional dependency /data/node_modules/is-typedarray
850 silly reify mark deleted [ '/data/node_modules/is-typedarray' ]
851 verbose reify failed optional dependency /data/node_modules/isstream
852 silly reify mark deleted [ '/data/node_modules/isstream' ]
853 verbose reify failed optional dependency /data/node_modules/json-stringify-safe
854 silly reify mark deleted [ '/data/node_modules/json-stringify-safe' ]
855 verbose reify failed optional dependency /data/node_modules/oauth-sign
856 silly reify mark deleted [ '/data/node_modules/oauth-sign' ]
857 verbose reify failed optional dependency /data/node_modules/performance-now
858 silly reify mark deleted [ '/data/node_modules/performance-now' ]
859 verbose reify failed optional dependency /data/node_modules/qs
860 silly reify mark deleted [ '/data/node_modules/qs' ]
861 verbose reify failed optional dependency /data/node_modules/tough-cookie
862 silly reify mark deleted [ '/data/node_modules/tough-cookie' ]
863 verbose reify failed optional dependency /data/node_modules/tunnel-agent
864 silly reify mark deleted [ '/data/node_modules/tunnel-agent' ]
865 verbose reify failed optional dependency /data/node_modules/uuid
866 silly reify mark deleted [ '/data/node_modules/uuid', '/data/node_modules/.bin/uuid' ]
867 verbose reify failed optional dependency /data/node_modules/throttleit
868 silly reify mark deleted [ '/data/node_modules/throttleit' ]
869 verbose reify failed optional dependency /data/node_modules/isexe
870 silly reify mark deleted [ '/data/node_modules/isexe' ]
871 verbose reify failed optional dependency /data/node_modules/buffer-from
872 silly reify mark deleted [ '/data/node_modules/buffer-from' ]
873 verbose reify failed optional dependency /data/node_modules/readable-stream
874 silly reify mark deleted [ '/data/node_modules/readable-stream' ]
875 verbose reify failed optional dependency /data/node_modules/typedarray
876 silly reify mark deleted [ '/data/node_modules/typedarray' ]
877 verbose reify failed optional dependency /data/node_modules/minimist
878 silly reify mark deleted [ '/data/node_modules/minimist' ]
879 verbose reify failed optional dependency /data/node_modules/buffer-crc32
880 silly reify mark deleted [ '/data/node_modules/buffer-crc32' ]
881 verbose reify failed optional dependency /data/node_modules/fd-slicer
882 silly reify mark deleted [ '/data/node_modules/fd-slicer' ]
883 verbose reify failed optional dependency /data/node_modules/pinkie
884 silly reify mark deleted [ '/data/node_modules/pinkie' ]
885 verbose reify failed optional dependency /data/node_modules/delayed-stream
886 silly reify mark deleted [ '/data/node_modules/delayed-stream' ]
887 verbose reify failed optional dependency /data/node_modules/asynckit
888 silly reify mark deleted [ '/data/node_modules/asynckit' ]
889 verbose reify failed optional dependency /data/node_modules/ajv
890 silly reify mark deleted [ '/data/node_modules/ajv' ]
891 verbose reify failed optional dependency /data/node_modules/har-schema
892 silly reify mark deleted [ '/data/node_modules/har-schema' ]
893 verbose reify failed optional dependency /data/node_modules/assert-plus
894 silly reify mark deleted [ '/data/node_modules/assert-plus' ]
895 verbose reify failed optional dependency /data/node_modules/jsprim
896 silly reify mark deleted [ '/data/node_modules/jsprim' ]
897 verbose reify failed optional dependency /data/node_modules/sshpk
898 silly reify mark deleted [
898 silly reify   '/data/node_modules/sshpk',
898 silly reify   '/data/node_modules/.bin/sshpk-conv',
898 silly reify   '/data/node_modules/.bin/sshpk-sign',
898 silly reify   '/data/node_modules/.bin/sshpk-verify'
898 silly reify ]
899 verbose reify failed optional dependency /data/node_modules/psl
900 silly reify mark deleted [ '/data/node_modules/psl' ]
901 verbose reify failed optional dependency /data/node_modules/punycode
902 silly reify mark deleted [ '/data/node_modules/punycode' ]
903 verbose reify failed optional dependency /data/node_modules/core-util-is
904 silly reify mark deleted [ '/data/node_modules/core-util-is' ]
905 verbose reify failed optional dependency /data/node_modules/isarray
906 silly reify mark deleted [ '/data/node_modules/isarray' ]
907 verbose reify failed optional dependency /data/node_modules/process-nextick-args
908 silly reify mark deleted [ '/data/node_modules/process-nextick-args' ]
909 verbose reify failed optional dependency /data/node_modules/string_decoder
910 silly reify mark deleted [ '/data/node_modules/string_decoder' ]
911 verbose reify failed optional dependency /data/node_modules/util-deprecate
912 silly reify mark deleted [ '/data/node_modules/util-deprecate' ]
913 verbose reify failed optional dependency /data/node_modules/pend
914 silly reify mark deleted [ '/data/node_modules/pend' ]
915 verbose reify failed optional dependency /data/node_modules/fast-deep-equal
916 silly reify mark deleted [ '/data/node_modules/fast-deep-equal' ]
917 verbose reify failed optional dependency /data/node_modules/fast-json-stable-stringify
918 silly reify mark deleted [ '/data/node_modules/fast-json-stable-stringify' ]
919 verbose reify failed optional dependency /data/node_modules/json-schema-traverse
920 silly reify mark deleted [ '/data/node_modules/json-schema-traverse' ]
921 verbose reify failed optional dependency /data/node_modules/uri-js
922 silly reify mark deleted [ '/data/node_modules/uri-js' ]
923 verbose reify failed optional dependency /data/node_modules/extsprintf
924 silly reify mark deleted [ '/data/node_modules/extsprintf' ]
925 verbose reify failed optional dependency /data/node_modules/json-schema
926 silly reify mark deleted [ '/data/node_modules/json-schema' ]
927 verbose reify failed optional dependency /data/node_modules/verror
928 silly reify mark deleted [ '/data/node_modules/verror' ]
929 verbose reify failed optional dependency /data/node_modules/asn1
930 silly reify mark deleted [ '/data/node_modules/asn1' ]
931 verbose reify failed optional dependency /data/node_modules/bcrypt-pbkdf
932 silly reify mark deleted [ '/data/node_modules/bcrypt-pbkdf' ]
933 verbose reify failed optional dependency /data/node_modules/dashdash
934 silly reify mark deleted [ '/data/node_modules/dashdash' ]
935 verbose reify failed optional dependency /data/node_modules/ecc-jsbn
936 silly reify mark deleted [ '/data/node_modules/ecc-jsbn' ]
937 verbose reify failed optional dependency /data/node_modules/getpass
938 silly reify mark deleted [ '/data/node_modules/getpass' ]
939 verbose reify failed optional dependency /data/node_modules/jsbn
940 silly reify mark deleted [ '/data/node_modules/jsbn' ]
941 verbose reify failed optional dependency /data/node_modules/tweetnacl
942 silly reify mark deleted [ '/data/node_modules/tweetnacl' ]
943 verbose reify failed optional dependency /data/node_modules/verror/node_modules/core-util-is
944 silly reify mark deleted [ '/data/node_modules/verror/node_modules/core-util-is' ]
945 timing build:run:install:node_modules/phantomjs-prebuilt Completed in 321ms
946 timing build:run:install Completed in 321ms
947 timing build:deps Completed in 341ms
948 timing build Completed in 341ms
949 timing reify:build Completed in 343ms
950 timing reify:trash Completed in 89ms
951 timing reify:save Completed in 90ms
952 timing reify Completed in 18323ms
953 silly ADD node_modules/has-symbols
954 silly ADD node_modules/has-proto
955 silly ADD node_modules/has
956 silly ADD node_modules/function-bind
957 silly ADD node_modules/object-inspect
958 silly ADD node_modules/get-intrinsic
959 silly ADD node_modules/call-bind
960 silly ADD node_modules/side-channel
961 silly ADD node_modules/media-typer
962 silly ADD node_modules/is-number
963 silly ADD node_modules/yallist
964 silly ADD node_modules/minizlib
965 silly ADD node_modules/minizlib/node_modules/minipass
966 silly ADD node_modules/minipass
967 silly ADD node_modules/fs-minipass
968 silly ADD node_modules/fs-minipass/node_modules/minipass
969 silly ADD node_modules/chownr
970 silly ADD node_modules/ipaddr.js
971 silly ADD node_modules/forwarded
972 silly ADD node_modules/picocolors
973 silly ADD node_modules/nanoid
974 silly ADD node_modules/mitt
975 silly ADD node_modules/concat-map
976 silly ADD node_modules/balanced-match
977 silly ADD node_modules/brace-expansion
978 silly ADD node_modules/to-regex-range
979 silly ADD node_modules/fill-range
980 silly ADD node_modules/picomatch
981 silly ADD node_modules/braces
982 silly ADD node_modules/@jridgewell/sourcemap-codec
983 silly ADD node_modules/tsscmp
984 silly ADD node_modules/is-extglob
985 silly ADD node_modules/wrappy
986 silly ADD node_modules/requires-port
987 silly ADD node_modules/follow-redirects
988 silly ADD node_modules/eventemitter3
989 silly ADD node_modules/micromatch
990 silly ADD node_modules/is-plain-obj
991 silly ADD node_modules/is-glob
992 silly ADD node_modules/http-proxy
993 silly ADD node_modules/@types/http-proxy
994 silly ADD node_modules/path-is-absolute
995 silly ADD node_modules/once
996 silly ADD node_modules/minimatch
997 silly ADD node_modules/inflight
998 silly ADD node_modules/fs.realpath
999 silly ADD node_modules/unpipe
1000 silly ADD node_modules/raw-body
1001 silly ADD node_modules/raw-body/node_modules/bytes
1002 silly ADD node_modules/iconv-lite
1003 silly ADD node_modules/utils-merge
1004 silly ADD node_modules/type-is
1005 silly ADD node_modules/proxy-addr
1006 silly ADD node_modules/path-to-regexp
1007 silly ADD node_modules/methods
1008 silly ADD node_modules/merge-descriptors
1009 silly ADD node_modules/finalhandler
1010 silly ADD node_modules/cookie-signature
1011 silly ADD node_modules/content-type
1012 silly ADD node_modules/content-disposition
1013 silly ADD node_modules/content-disposition/node_modules/safe-buffer
1014 silly ADD node_modules/body-parser
1015 silly ADD node_modules/body-parser/node_modules/qs
1016 silly ADD node_modules/body-parser/node_modules/bytes
1017 silly ADD node_modules/array-flatten
1018 silly ADD node_modules/keygrip
1019 silly ADD node_modules/cookies
1020 silly ADD node_modules/source-map-js
1021 silly ADD node_modules/postcss
1022 silly ADD node_modules/magic-string
1023 silly ADD node_modules/estree-walker
1024 silly ADD node_modules/@vue/shared
1025 silly ADD node_modules/@vue/reactivity-transform
1026 silly ADD node_modules/@vue/compiler-ssr
1027 silly ADD node_modules/@vue/compiler-dom
1028 silly ADD node_modules/@vue/compiler-core
1029 silly ADD node_modules/@babel/parser
1030 silly ADD node_modules/hash-sum
1031 silly ADD node_modules/@vue/compiler-sfc
1032 silly ADD node_modules/tar
1033 silly ADD node_modules/tar/node_modules/mkdirp
1034 silly ADD node_modules/node-red-vue
1035 silly ADD node_modules/http-proxy-middleware
1036 silly ADD node_modules/glob
1037 silly ADD node_modules/express
1038 silly ADD node_modules/express/node_modules/safe-buffer
1039 silly ADD node_modules/express/node_modules/qs
1040 silly ADD node_modules/express/node_modules/cookie
1041 silly ADD node_modules/cookie-session
1042 silly ADD node_modules/cookie-session/node_modules/ms
1043 silly ADD node_modules/cookie-session/node_modules/safe-buffer
1044 silly ADD node_modules/cookie-session/node_modules/debug
1045 silly ADD node_modules/@flexdash/node-red-flexdash-plugin
1046 silly ADD node_modules/@flexdash/node-red-flexdash
1047 silly ADD
1048 silly ADD
1049 silly ADD
1050 silly ADD node_modules/core-util-is
1051 silly ADD
1052 silly ADD
1053 silly ADD
1054 silly ADD
1055 silly ADD
1056 silly ADD
1057 silly ADD
1058 silly ADD
1059 silly ADD
1060 silly ADD
1061 silly ADD node_modules/safer-buffer
1062 silly ADD
1063 silly ADD
1064 silly ADD
1065 silly ADD
1066 silly ADD
1067 silly ADD
1068 silly ADD
1069 silly ADD
1070 silly ADD
1071 silly ADD
1072 silly ADD
1073 silly ADD
1074 silly ADD
1075 silly ADD
1076 silly ADD
1077 silly ADD
1078 silly ADD
1079 silly ADD
1080 silly ADD
1081 silly ADD
1082 silly ADD
1083 silly ADD
1084 silly ADD
1085 silly ADD
1086 silly ADD
1087 silly ADD
1088 silly ADD
1089 silly ADD
1090 silly ADD
1091 silly ADD
1092 silly ADD
1093 silly ADD
1094 silly ADD
1095 silly ADD
1096 silly ADD
1097 silly ADD
1098 silly ADD
1099 silly ADD
1100 silly ADD
1101 silly ADD
1102 silly ADD
1103 silly ADD
1104 silly ADD
1105 silly ADD
1106 silly ADD
1107 silly ADD
1108 silly ADD
1109 silly ADD
1110 silly ADD
1111 silly ADD
1112 silly ADD
1113 silly ADD
1114 silly ADD
1115 silly ADD
1116 silly ADD
1117 silly ADD
1118 silly ADD
1119 silly ADD
1120 silly ADD
1121 silly ADD
1122 silly ADD
1123 timing command:install Completed in 18331ms
1124 verbose exit 0
1125 timing npm Completed in 18452ms
1126 info ok
