0 verbose cli /usr/local/bin/node /usr/local/bin/npm
1 info using npm@8.11.0
2 info using node@v16.16.0
3 timing npm:load:whichnode Completed in 0ms
4 timing config:load:defaults Completed in 5ms
5 timing config:load:file:/usr/local/lib/node_modules/npm/npmrc Completed in 1ms
6 timing config:load:builtin Completed in 2ms
7 timing config:load:cli Completed in 2ms
8 timing config:load:env Completed in 0ms
9 timing config:load:file:/data/.npmrc Completed in 3ms
10 timing config:load:project Completed in 6ms
11 timing config:load:file:/root/.npmrc Completed in 3ms
12 timing config:load:user Completed in 3ms
13 timing config:load:file:/usr/local/etc/npmrc Completed in 2ms
14 timing config:load:global Completed in 2ms
15 timing config:load:validate Completed in 1ms
16 timing config:load:credentials Completed in 1ms
17 timing config:load:setEnvs Completed in 2ms
18 timing config:load Completed in 26ms
19 timing npm:load:configload Completed in 26ms
20 timing npm:load:mkdirpcache Completed in 2ms
21 timing npm:load:mkdirplogs Completed in 1ms
22 verbose title npm remove node-red-contrib-meraki-dashboard-api-v1
23 verbose argv "remove" "--no-audit" "--no-update-notifier" "--no-fund" "--save" "node-red-contrib-meraki-dashboard-api-v1"
24 timing npm:load:setTitle Completed in 2ms
25 timing config:load:flatten Completed in 5ms
26 timing npm:load:display Completed in 7ms
27 verbose logfile logs-max:10 dir:/data/.npm/_logs
28 verbose logfile /data/.npm/_logs/2023-05-09T00_55_22_580Z-debug-0.log
29 timing npm:load:logFile Completed in 7ms
30 timing npm:load:timers Completed in 0ms
31 timing npm:load:configScope Completed in 0ms
32 timing npm:load Completed in 46ms
33 timing arborist:ctor Completed in 1ms
34 silly logfile start cleaning logs, removing 1 files
35 silly logfile done cleaning log files
36 timing idealTree:init Completed in 143ms
37 timing idealTree:userRequests Completed in 2ms
38 silly idealTree buildDeps
39 timing idealTree:#root Completed in 0ms
40 timing idealTree:buildDeps Completed in 2ms
41 timing idealTree:fixDepFlags Completed in 3ms
42 timing idealTree Completed in 153ms
43 timing arborist:ctor Completed in 0ms
44 timing reify:loadTrees Completed in 223ms
45 timing reify:diffTrees Completed in 7ms
46 silly reify mark retired [ '/data/node_modules/node-red-contrib-meraki-dashboard-api-v1' ]
47 silly reify moves {
47 silly reify   '/data/node_modules/node-red-contrib-meraki-dashboard-api-v1': '/data/node_modules/.node-red-contrib-meraki-dashboard-api-v1-P6U5plwK'
47 silly reify }
48 timing reify:retireShallow Completed in 7ms
49 timing reify:createSparse Completed in 0ms
50 timing reify:loadBundles Completed in 0ms
51 timing reify:unpack Completed in 1ms
52 timing reify:unretire Completed in 0ms
53 timing build:queue Completed in 0ms
54 timing build:deps Completed in 0ms
55 timing build Completed in 0ms
56 timing reify:build Completed in 1ms
57 timing reify:trash Completed in 7ms
58 timing reify:save Completed in 42ms
59 timing reify Completed in 319ms
60 silly REMOVE node_modules/node-red-contrib-meraki-dashboard-api-v1
61 timing command:remove Completed in 325ms
62 verbose exit 0
63 timing npm Completed in 445ms
64 info ok
