0 verbose cli /usr/local/bin/node /usr/local/bin/npm
1 info using npm@8.11.0
2 info using node@v16.16.0
3 timing npm:load:whichnode Completed in 0ms
4 timing config:load:defaults Completed in 5ms
5 timing config:load:file:/usr/local/lib/node_modules/npm/npmrc Completed in 1ms
6 timing config:load:builtin Completed in 1ms
7 timing config:load:cli Completed in 3ms
8 timing config:load:env Completed in 0ms
9 timing config:load:file:/data/.npmrc Completed in 0ms
10 timing config:load:project Completed in 7ms
11 timing config:load:file:/root/.npmrc Completed in 4ms
12 timing config:load:user Completed in 4ms
13 timing config:load:file:/usr/local/etc/npmrc Completed in 1ms
14 timing config:load:global Completed in 2ms
15 timing config:load:validate Completed in 0ms
16 timing config:load:credentials Completed in 1ms
17 timing config:load:setEnvs Completed in 2ms
18 timing config:load Completed in 27ms
19 timing npm:load:configload Completed in 27ms
20 timing npm:load:mkdirpcache Completed in 1ms
21 timing npm:load:mkdirplogs Completed in 0ms
22 verbose title npm remove node-red-contrib-meraki-dashboard-api
23 verbose argv "remove" "--no-audit" "--no-update-notifier" "--no-fund" "--save" "node-red-contrib-meraki-dashboard-api"
24 timing npm:load:setTitle Completed in 2ms
25 timing config:load:flatten Completed in 5ms
26 timing npm:load:display Completed in 6ms
27 verbose logfile logs-max:10 dir:/data/.npm/_logs
28 verbose logfile /data/.npm/_logs/2023-05-09T00_55_27_262Z-debug-0.log
29 timing npm:load:logFile Completed in 8ms
30 timing npm:load:timers Completed in 0ms
31 timing npm:load:configScope Completed in 0ms
32 timing npm:load Completed in 47ms
33 timing arborist:ctor Completed in 1ms
34 silly logfile start cleaning logs, removing 1 files
35 silly logfile done cleaning log files
36 timing idealTree:init Completed in 143ms
37 timing idealTree:userRequests Completed in 2ms
38 silly idealTree buildDeps
39 timing idealTree:#root Completed in 0ms
40 timing idealTree:buildDeps Completed in 2ms
41 timing idealTree:fixDepFlags Completed in 4ms
42 timing idealTree Completed in 154ms
43 timing arborist:ctor Completed in 0ms
44 timing reify:loadTrees Completed in 224ms
45 timing reify:diffTrees Completed in 7ms
46 silly reify mark retired [ '/data/node_modules/ajv' ]
47 silly reify mark retired [ '/data/node_modules/asn1' ]
48 silly reify mark retired [ '/data/node_modules/assert-plus' ]
49 silly reify mark retired [ '/data/node_modules/asynckit' ]
50 silly reify mark retired [ '/data/node_modules/aws-sign2' ]
51 silly reify mark retired [ '/data/node_modules/aws4' ]
52 silly reify mark retired [ '/data/node_modules/bcrypt-pbkdf' ]
53 silly reify mark retired [ '/data/node_modules/boom' ]
54 silly reify mark retired [ '/data/node_modules/caseless' ]
55 silly reify mark retired [ '/data/node_modules/co' ]
56 silly reify mark retired [ '/data/node_modules/combined-stream' ]
57 silly reify mark retired [ '/data/node_modules/core-util-is' ]
58 silly reify mark retired [ '/data/node_modules/cryptiles' ]
59 silly reify mark retired [ '/data/node_modules/dashdash' ]
60 silly reify mark retired [ '/data/node_modules/delayed-stream' ]
61 silly reify mark retired [ '/data/node_modules/ecc-jsbn' ]
62 silly reify mark retired [ '/data/node_modules/extend' ]
63 silly reify mark retired [ '/data/node_modules/extsprintf' ]
64 silly reify mark retired [ '/data/node_modules/fast-deep-equal' ]
65 silly reify mark retired [ '/data/node_modules/fast-json-stable-stringify' ]
66 silly reify mark retired [ '/data/node_modules/file-type' ]
67 silly reify mark retired [ '/data/node_modules/forever-agent' ]
68 silly reify mark retired [ '/data/node_modules/form-data' ]
69 silly reify mark retired [ '/data/node_modules/getpass' ]
70 silly reify mark retired [ '/data/node_modules/har-schema' ]
71 silly reify mark retired [ '/data/node_modules/har-validator' ]
72 silly reify mark retired [ '/data/node_modules/hawk' ]
73 silly reify mark retired [ '/data/node_modules/hoek' ]
74 silly reify mark retired [ '/data/node_modules/http-signature' ]
75 silly reify mark retired [ '/data/node_modules/is-typedarray' ]
76 silly reify mark retired [ '/data/node_modules/isstream' ]
77 silly reify mark retired [ '/data/node_modules/jsbn' ]
78 silly reify mark retired [ '/data/node_modules/json-schema' ]
79 silly reify mark retired [ '/data/node_modules/json-schema-traverse' ]
80 silly reify mark retired [ '/data/node_modules/json-stringify-safe' ]
81 silly reify mark retired [ '/data/node_modules/jsprim' ]
82 silly reify mark retired [ '/data/node_modules/node-red-contrib-meraki-dashboard-api' ]
83 silly reify mark retired [ '/data/node_modules/oauth-sign' ]
84 silly reify mark retired [ '/data/node_modules/performance-now' ]
85 silly reify mark retired [ '/data/node_modules/punycode' ]
86 silly reify mark retired [ '/data/node_modules/q' ]
87 silly reify mark retired [ '/data/node_modules/qs' ]
88 silly reify mark retired [ '/data/node_modules/request' ]
89 silly reify mark retired [ '/data/node_modules/sntp' ]
90 silly reify mark retired [
90 silly reify   '/data/node_modules/sshpk',
90 silly reify   '/data/node_modules/.bin/sshpk-conv',
90 silly reify   '/data/node_modules/.bin/sshpk-sign',
90 silly reify   '/data/node_modules/.bin/sshpk-verify'
90 silly reify ]
91 silly reify mark retired [ '/data/node_modules/stringstream' ]
92 silly reify mark retired [ '/data/node_modules/tough-cookie' ]
93 silly reify mark retired [ '/data/node_modules/tunnel-agent' ]
94 silly reify mark retired [ '/data/node_modules/tweetnacl' ]
95 silly reify mark retired [ '/data/node_modules/uuid', '/data/node_modules/.bin/uuid' ]
96 silly reify mark retired [ '/data/node_modules/verror' ]
97 silly reify moves {
97 silly reify   '/data/node_modules/ajv': '/data/node_modules/.ajv-jzyQZzDM',
97 silly reify   '/data/node_modules/asn1': '/data/node_modules/.asn1-e0bUEltG',
97 silly reify   '/data/node_modules/assert-plus': '/data/node_modules/.assert-plus-YZQnnLf9',
97 silly reify   '/data/node_modules/asynckit': '/data/node_modules/.asynckit-fWfEfcP5',
97 silly reify   '/data/node_modules/aws-sign2': '/data/node_modules/.aws-sign2-X45wVquF',
97 silly reify   '/data/node_modules/aws4': '/data/node_modules/.aws4-Wbwj5ujf',
97 silly reify   '/data/node_modules/bcrypt-pbkdf': '/data/node_modules/.bcrypt-pbkdf-ttTcMKMW',
97 silly reify   '/data/node_modules/boom': '/data/node_modules/.boom-JINhlkfm',
97 silly reify   '/data/node_modules/caseless': '/data/node_modules/.caseless-ekVdtHwV',
97 silly reify   '/data/node_modules/co': '/data/node_modules/.co-XSXlAdDH',
97 silly reify   '/data/node_modules/combined-stream': '/data/node_modules/.combined-stream-0zmoVf8j',
97 silly reify   '/data/node_modules/core-util-is': '/data/node_modules/.core-util-is-9IULv6p7',
97 silly reify   '/data/node_modules/cryptiles': '/data/node_modules/.cryptiles-3kcaJBBT',
97 silly reify   '/data/node_modules/dashdash': '/data/node_modules/.dashdash-TmMTJdjV',
97 silly reify   '/data/node_modules/delayed-stream': '/data/node_modules/.delayed-stream-RwPyxr6p',
97 silly reify   '/data/node_modules/ecc-jsbn': '/data/node_modules/.ecc-jsbn-9XjzsfMH',
97 silly reify   '/data/node_modules/extend': '/data/node_modules/.extend-IBMMU5HM',
97 silly reify   '/data/node_modules/extsprintf': '/data/node_modules/.extsprintf-FoHmJk3p',
97 silly reify   '/data/node_modules/fast-deep-equal': '/data/node_modules/.fast-deep-equal-zliBd0dy',
97 silly reify   '/data/node_modules/fast-json-stable-stringify': '/data/node_modules/.fast-json-stable-stringify-fvJHGmZ2',
97 silly reify   '/data/node_modules/file-type': '/data/node_modules/.file-type-8JbuQkaB',
97 silly reify   '/data/node_modules/forever-agent': '/data/node_modules/.forever-agent-ETyJOEPt',
97 silly reify   '/data/node_modules/form-data': '/data/node_modules/.form-data-VxlkrdGS',
97 silly reify   '/data/node_modules/getpass': '/data/node_modules/.getpass-8UGyalEQ',
97 silly reify   '/data/node_modules/har-schema': '/data/node_modules/.har-schema-uXiZHIR3',
97 silly reify   '/data/node_modules/har-validator': '/data/node_modules/.har-validator-TX2bAY5B',
97 silly reify   '/data/node_modules/hawk': '/data/node_modules/.hawk-7MUeoZNY',
97 silly reify   '/data/node_modules/hoek': '/data/node_modules/.hoek-MjhfEsNY',
97 silly reify   '/data/node_modules/http-signature': '/data/node_modules/.http-signature-sXjIiir6',
97 silly reify   '/data/node_modules/is-typedarray': '/data/node_modules/.is-typedarray-ljDyWP6Y',
97 silly reify   '/data/node_modules/isstream': '/data/node_modules/.isstream-3iJGFMBy',
97 silly reify   '/data/node_modules/jsbn': '/data/node_modules/.jsbn-SoBmc5PG',
97 silly reify   '/data/node_modules/json-schema': '/data/node_modules/.json-schema-oZ7nJNQT',
97 silly reify   '/data/node_modules/json-schema-traverse': '/data/node_modules/.json-schema-traverse-zMJEzWC6',
97 silly reify   '/data/node_modules/json-stringify-safe': '/data/node_modules/.json-stringify-safe-JGxUyLWG',
97 silly reify   '/data/node_modules/jsprim': '/data/node_modules/.jsprim-xDzGB51Y',
97 silly reify   '/data/node_modules/node-red-contrib-meraki-dashboard-api': '/data/node_modules/.node-red-contrib-meraki-dashboard-api-dkA9TiyG',
97 silly reify   '/data/node_modules/oauth-sign': '/data/node_modules/.oauth-sign-1dcypRvD',
97 silly reify   '/data/node_modules/performance-now': '/data/node_modules/.performance-now-q04eAUSy',
97 silly reify   '/data/node_modules/punycode': '/data/node_modules/.punycode-gyQTLwWT',
97 silly reify   '/data/node_modules/q': '/data/node_modules/.q-ZfCj6ern',
97 silly reify   '/data/node_modules/qs': '/data/node_modules/.qs-t2ewpGYR',
97 silly reify   '/data/node_modules/request': '/data/node_modules/.request-DH2dnj1F',
97 silly reify   '/data/node_modules/sntp': '/data/node_modules/.sntp-Zza36SG1',
97 silly reify   '/data/node_modules/sshpk': '/data/node_modules/.sshpk-eLsZQtXO',
97 silly reify   '/data/node_modules/.bin/sshpk-conv': '/data/node_modules/.bin/.sshpk-conv-QPuEKOiy',
97 silly reify   '/data/node_modules/.bin/sshpk-sign': '/data/node_modules/.bin/.sshpk-sign-IzCPgJfp',
97 silly reify   '/data/node_modules/.bin/sshpk-verify': '/data/node_modules/.bin/.sshpk-verify-qEecWVxV',
97 silly reify   '/data/node_modules/stringstream': '/data/node_modules/.stringstream-yV6LJZ9Y',
97 silly reify   '/data/node_modules/tough-cookie': '/data/node_modules/.tough-cookie-vIsWCDtx',
97 silly reify   '/data/node_modules/tunnel-agent': '/data/node_modules/.tunnel-agent-o9qAJAS3',
97 silly reify   '/data/node_modules/tweetnacl': '/data/node_modules/.tweetnacl-FVDo8YcJ',
97 silly reify   '/data/node_modules/uuid': '/data/node_modules/.uuid-4ltFvtl7',
97 silly reify   '/data/node_modules/.bin/uuid': '/data/node_modules/.bin/.uuid-AirT9FyH',
97 silly reify   '/data/node_modules/verror': '/data/node_modules/.verror-WoSm6F9n'
97 silly reify }
98 timing reify:retireShallow Completed in 28ms
99 timing reify:createSparse Completed in 0ms
100 timing reify:loadBundles Completed in 0ms
101 timing reify:unpack Completed in 0ms
102 timing reify:unretire Completed in 0ms
103 timing build:queue Completed in 0ms
104 timing build:deps Completed in 1ms
105 timing build Completed in 1ms
106 timing reify:build Completed in 2ms
107 timing reify:trash Completed in 54ms
108 timing reify:save Completed in 27ms
109 timing reify Completed in 365ms
110 silly REMOVE node_modules/verror
111 silly REMOVE node_modules/uuid
112 silly REMOVE node_modules/tweetnacl
113 silly REMOVE node_modules/tunnel-agent
114 silly REMOVE node_modules/tough-cookie
115 silly REMOVE node_modules/stringstream
116 silly REMOVE node_modules/sshpk
117 silly REMOVE node_modules/sntp
118 silly REMOVE node_modules/request
119 silly REMOVE node_modules/qs
120 silly REMOVE node_modules/q
121 silly REMOVE node_modules/punycode
122 silly REMOVE node_modules/performance-now
123 silly REMOVE node_modules/oauth-sign
124 silly REMOVE node_modules/node-red-contrib-meraki-dashboard-api
125 silly REMOVE node_modules/jsprim
126 silly REMOVE node_modules/json-stringify-safe
127 silly REMOVE node_modules/json-schema-traverse
128 silly REMOVE node_modules/json-schema
129 silly REMOVE node_modules/jsbn
130 silly REMOVE node_modules/isstream
131 silly REMOVE node_modules/is-typedarray
132 silly REMOVE node_modules/http-signature
133 silly REMOVE node_modules/hoek
134 silly REMOVE node_modules/hawk
135 silly REMOVE node_modules/har-validator
136 silly REMOVE node_modules/har-schema
137 silly REMOVE node_modules/getpass
138 silly REMOVE node_modules/form-data
139 silly REMOVE node_modules/forever-agent
140 silly REMOVE node_modules/file-type
141 silly REMOVE node_modules/fast-json-stable-stringify
142 silly REMOVE node_modules/fast-deep-equal
143 silly REMOVE node_modules/extsprintf
144 silly REMOVE node_modules/extend
145 silly REMOVE node_modules/ecc-jsbn
146 silly REMOVE node_modules/delayed-stream
147 silly REMOVE node_modules/dashdash
148 silly REMOVE node_modules/cryptiles
149 silly REMOVE node_modules/cryptiles/node_modules/boom
150 silly REMOVE node_modules/core-util-is
151 silly REMOVE node_modules/combined-stream
152 silly REMOVE node_modules/co
153 silly REMOVE node_modules/caseless
154 silly REMOVE node_modules/boom
155 silly REMOVE node_modules/bcrypt-pbkdf
156 silly REMOVE node_modules/aws4
157 silly REMOVE node_modules/aws-sign2
158 silly REMOVE node_modules/asynckit
159 silly REMOVE node_modules/assert-plus
160 silly REMOVE node_modules/asn1
161 silly REMOVE node_modules/ajv
162 timing command:remove Completed in 372ms
163 verbose exit 0
164 timing npm Completed in 491ms
165 info ok
