0 verbose cli /usr/local/bin/node /usr/local/bin/npm
1 info using npm@8.11.0
2 info using node@v16.16.0
3 timing npm:load:whichnode Completed in 1ms
4 timing config:load:defaults Completed in 5ms
5 timing config:load:file:/usr/local/lib/node_modules/npm/npmrc Completed in 1ms
6 timing config:load:builtin Completed in 2ms
7 warn config production Use `--omit=dev` instead.
8 timing config:load:cli Completed in 3ms
9 timing config:load:env Completed in 1ms
10 timing config:load:file:/data/.npmrc Completed in 3ms
11 timing config:load:project Completed in 9ms
12 timing config:load:file:/root/.npmrc Completed in 0ms
13 timing config:load:user Completed in 0ms
14 timing config:load:file:/usr/local/etc/npmrc Completed in 2ms
15 timing config:load:global Completed in 2ms
16 timing config:load:validate Completed in 1ms
17 timing config:load:credentials Completed in 1ms
18 timing config:load:setEnvs Completed in 1ms
19 timing config:load Completed in 27ms
20 timing npm:load:configload Completed in 27ms
21 timing npm:load:mkdirpcache Completed in 2ms
22 timing npm:load:mkdirplogs Completed in 0ms
23 verbose title npm install node-red-contrib-string@1.0.0
24 verbose argv "install" "--no-audit" "--no-update-notifier" "--no-fund" "--save" "--save-prefix" "~" "--production" "--engine-strict" "node-red-contrib-string@1.0.0"
25 timing npm:load:setTitle Completed in 2ms
26 timing config:load:flatten Completed in 6ms
27 timing npm:load:display Completed in 8ms
28 verbose logfile logs-max:10 dir:/data/.npm/_logs
29 verbose logfile /data/.npm/_logs/2023-05-10T01_49_11_638Z-debug-0.log
30 timing npm:load:logFile Completed in 8ms
31 timing npm:load:timers Completed in 0ms
32 timing npm:load:configScope Completed in 0ms
33 timing npm:load Completed in 49ms
34 timing arborist:ctor Completed in 1ms
35 silly logfile start cleaning logs, removing 1 files
36 silly logfile done cleaning log files
37 timing idealTree:init Completed in 154ms
38 timing idealTree:userRequests Completed in 2ms
39 silly idealTree buildDeps
40 silly fetch manifest node-red-contrib-string@1.0.0
41 timing arborist:ctor Completed in 0ms
42 http fetch GET 200 https://registry.npmjs.org/node-red-contrib-string 908ms (cache miss)
43 silly placeDep ROOT node-red-contrib-string@1.0.0 OK for: node-red-project@0.0.1 want: 1.0.0
44 silly fetch manifest string@https://github.com/Steveorevo/string.js/archive/3.3.8.tar.gz
45 http fetch GET 200 https://codeload.github.com/Steveorevo/string.js/tar.gz/refs/tags/3.3.8 477ms (cache miss)
46 timing idealTree:#root Completed in 1404ms
47 silly placeDep ROOT string@3.3.8 OK for: node-red-contrib-string@1.0.0 want: https://github.com/Steveorevo/string.js/archive/3.3.8.tar.gz
48 timing idealTree:node_modules/node-red-contrib-string Completed in 2ms
49 timing idealTree:node_modules/string Completed in 0ms
50 timing idealTree:buildDeps Completed in 1407ms
51 timing idealTree:fixDepFlags Completed in 2ms
52 timing idealTree Completed in 1570ms
53 timing reify:loadTrees Completed in 1571ms
54 timing reify:diffTrees Completed in 10ms
55 silly reify moves {}
56 timing reify:retireShallow Completed in 2ms
57 timing reify:createSparse Completed in 25ms
58 timing reify:trashOmits Completed in 1ms
59 timing reify:loadBundles Completed in 0ms
60 silly tarball no local data for node-red-contrib-string@https://registry.npmjs.org/node-red-contrib-string/-/node-red-contrib-string-1.0.0.tgz. Extracting by manifest.
61 timing reifyNode:node_modules/pinkie-promise Completed in 329ms
62 timing reifyNode:node_modules/process-nextick-args Completed in 330ms
63 timing reifyNode:node_modules/pinkie Completed in 330ms
64 timing reifyNode:node_modules/oauth-sign Completed in 331ms
65 timing reifyNode:node_modules/is-stream Completed in 332ms
66 timing reifyNode:node_modules/hasha Completed in 341ms
67 timing reifyNode:node_modules/buffer-from Completed in 342ms
68 timing reifyNode:node_modules/concat-stream Completed in 342ms
69 timing reifyNode:node_modules/buffer-crc32 Completed in 343ms
70 timing reifyNode:node_modules/tunnel-agent Completed in 346ms
71 timing reifyNode:node_modules/pend Completed in 348ms
72 timing reifyNode:node_modules/is-typedarray Completed in 348ms
73 timing reifyNode:node_modules/forever-agent Completed in 350ms
74 timing reifyNode:node_modules/caseless Completed in 350ms
75 timing reifyNode:node_modules/assert-plus Completed in 351ms
76 timing reifyNode:node_modules/aws-sign2 Completed in 351ms
77 timing reifyNode:node_modules/util-deprecate Completed in 354ms
78 timing reifyNode:node_modules/graceful-fs Completed in 362ms
79 timing reifyNode:node_modules/extract-zip Completed in 362ms
80 timing reifyNode:node_modules/core-util-is Completed in 363ms
81 timing reifyNode:node_modules/yauzl Completed in 368ms
82 timing reifyNode:node_modules/jsonfile Completed in 367ms
83 timing reifyNode:node_modules/isarray Completed in 367ms
84 timing reifyNode:node_modules/combined-stream Completed in 368ms
85 timing reifyNode:node_modules/bcrypt-pbkdf Completed in 368ms
86 timing reifyNode:node_modules/which Completed in 372ms
87 timing reifyNode:node_modules/string_decoder Completed in 371ms
88 timing reifyNode:node_modules/throttleit Completed in 371ms
89 timing reifyNode:node_modules/punycode Completed in 372ms
90 timing reifyNode:node_modules/mkdirp Completed in 372ms
91 warn deprecated har-validator@5.1.5: this library is no longer supported
92 timing reifyNode:node_modules/har-validator Completed in 373ms
93 timing reifyNode:node_modules/getpass Completed in 374ms
94 timing reifyNode:node_modules/delayed-stream Completed in 374ms
95 timing reifyNode:node_modules/safer-buffer Completed in 378ms
96 timing reifyNode:node_modules/klaw Completed in 377ms
97 timing reifyNode:node_modules/json-schema Completed in 377ms
98 timing reifyNode:node_modules/isstream Completed in 377ms
99 timing reifyNode:node_modules/extend Completed in 378ms
100 timing reifyNode:node_modules/jsbn Completed in 382ms
101 timing reifyNode:node_modules/verror/node_modules/core-util-is Completed in 385ms
102 timing reifyNode:node_modules/progress Completed in 386ms
103 timing reifyNode:node_modules/jsprim Completed in 385ms
104 timing reifyNode:node_modules/isexe Completed in 386ms
105 timing reifyNode:node_modules/aws4 Completed in 386ms
106 timing reifyNode:node_modules/request-progress Completed in 389ms
107 timing reifyNode:node_modules/json-stringify-safe Completed in 392ms
108 timing reifyNode:node_modules/fd-slicer Completed in 393ms
109 timing reifyNode:node_modules/extsprintf Completed in 393ms
110 timing reifyNode:node_modules/ecc-jsbn Completed in 392ms
111 timing reifyNode:node_modules/fast-deep-equal Completed in 400ms
112 timing reifyNode:node_modules/json-schema-traverse Completed in 402ms
113 timing reifyNode:node_modules/verror Completed in 408ms
114 timing reifyNode:node_modules/typedarray Completed in 407ms
115 timing reifyNode:node_modules/tough-cookie Completed in 408ms
116 timing reifyNode:node_modules/dashdash Completed in 407ms
117 timing reifyNode:node_modules/asn1 Completed in 407ms
118 timing reifyNode:node_modules/form-data Completed in 413ms
119 timing reifyNode:node_modules/http-signature Completed in 414ms
120 timing reifyNode:node_modules/kew Completed in 417ms
121 timing reifyNode:node_modules/asynckit Completed in 417ms
122 timing reifyNode:node_modules/tweetnacl Completed in 422ms
123 timing reifyNode:node_modules/har-schema Completed in 426ms
124 warn deprecated uuid@3.4.0: Please upgrade  to version 7 or higher.  Older versions may use Math.random() in certain circumstances, which is known to be problematic.  See https://v8.dev/blog/math-random for details.
125 timing reifyNode:node_modules/uuid Completed in 429ms
126 timing reifyNode:node_modules/performance-now Completed in 431ms
127 warn deprecated phantomjs-prebuilt@2.1.16: this package is now deprecated
128 timing reifyNode:node_modules/phantomjs-prebuilt Completed in 433ms
129 timing reifyNode:node_modules/fast-json-stable-stringify Completed in 433ms
130 warn deprecated request@2.88.2: request has been deprecated, see https://github.com/request/request/issues/3142
131 timing reifyNode:node_modules/request Completed in 442ms
132 timing reifyNode:node_modules/minimist Completed in 444ms
133 timing reifyNode:node_modules/qs Completed in 449ms
134 timing reifyNode:node_modules/psl Completed in 450ms
135 timing reifyNode:node_modules/string Completed in 454ms
136 timing reifyNode:node_modules/readable-stream Completed in 453ms
137 timing reifyNode:node_modules/es6-promise Completed in 461ms
138 timing reifyNode:node_modules/sshpk Completed in 471ms
139 timing reifyNode:node_modules/fs-extra Completed in 473ms
140 timing reifyNode:node_modules/uri-js Completed in 486ms
141 http fetch GET 200 https://registry.npmjs.org/node-red-contrib-string/-/node-red-contrib-string-1.0.0.tgz 446ms (cache miss)
142 timing reifyNode:node_modules/node-red-contrib-string Completed in 498ms
143 timing reifyNode:node_modules/ajv Completed in 502ms
144 timing reify:unpack Completed in 506ms
145 timing reify:unretire Completed in 0ms
146 timing build:queue Completed in 5ms
147 timing build:link:node_modules/extract-zip Completed in 5ms
148 timing build:link:node_modules/mkdirp Completed in 4ms
149 timing build:link:node_modules/phantomjs-prebuilt Completed in 4ms
150 timing build:link:node_modules/sshpk Completed in 4ms
151 timing build:link:node_modules/uuid Completed in 4ms
152 timing build:link:node_modules/which Completed in 4ms
153 timing build:link Completed in 6ms
154 info run phantomjs-prebuilt@2.1.16 install node_modules/phantomjs-prebuilt node install.js
155 info run phantomjs-prebuilt@2.1.16 install { code: 1, signal: null }
156 verbose reify failed optional dependency /data/node_modules/phantomjs-prebuilt
157 silly reify mark deleted [
157 silly reify   '/data/node_modules/phantomjs-prebuilt',
157 silly reify   '/data/node_modules/.bin/phantomjs'
157 silly reify ]
158 verbose reify failed optional dependency /data/node_modules/es6-promise
159 silly reify mark deleted [ '/data/node_modules/es6-promise' ]
160 verbose reify failed optional dependency /data/node_modules/extract-zip
161 silly reify mark deleted [
161 silly reify   '/data/node_modules/extract-zip',
161 silly reify   '/data/node_modules/.bin/extract-zip'
161 silly reify ]
162 verbose reify failed optional dependency /data/node_modules/fs-extra
163 silly reify mark deleted [ '/data/node_modules/fs-extra' ]
164 verbose reify failed optional dependency /data/node_modules/hasha
165 silly reify mark deleted [ '/data/node_modules/hasha' ]
166 verbose reify failed optional dependency /data/node_modules/kew
167 silly reify mark deleted [ '/data/node_modules/kew' ]
168 verbose reify failed optional dependency /data/node_modules/progress
169 silly reify mark deleted [ '/data/node_modules/progress' ]
170 verbose reify failed optional dependency /data/node_modules/request
171 silly reify mark deleted [ '/data/node_modules/request' ]
172 verbose reify failed optional dependency /data/node_modules/request-progress
173 silly reify mark deleted [ '/data/node_modules/request-progress' ]
174 verbose reify failed optional dependency /data/node_modules/which
175 silly reify mark deleted [ '/data/node_modules/which', '/data/node_modules/.bin/which' ]
176 verbose reify failed optional dependency /data/node_modules/concat-stream
177 silly reify mark deleted [ '/data/node_modules/concat-stream' ]
178 verbose reify failed optional dependency /data/node_modules/mkdirp
179 silly reify mark deleted [ '/data/node_modules/mkdirp', '/data/node_modules/.bin/mkdirp' ]
180 verbose reify failed optional dependency /data/node_modules/yauzl
181 silly reify mark deleted [ '/data/node_modules/yauzl' ]
182 verbose reify failed optional dependency /data/node_modules/graceful-fs
183 silly reify mark deleted [ '/data/node_modules/graceful-fs' ]
184 verbose reify failed optional dependency /data/node_modules/jsonfile
185 silly reify mark deleted [ '/data/node_modules/jsonfile' ]
186 verbose reify failed optional dependency /data/node_modules/klaw
187 silly reify mark deleted [ '/data/node_modules/klaw' ]
188 verbose reify failed optional dependency /data/node_modules/is-stream
189 silly reify mark deleted [ '/data/node_modules/is-stream' ]
190 verbose reify failed optional dependency /data/node_modules/pinkie-promise
191 silly reify mark deleted [ '/data/node_modules/pinkie-promise' ]
192 verbose reify failed optional dependency /data/node_modules/aws-sign2
193 silly reify mark deleted [ '/data/node_modules/aws-sign2' ]
194 verbose reify failed optional dependency /data/node_modules/aws4
195 silly reify mark deleted [ '/data/node_modules/aws4' ]
196 verbose reify failed optional dependency /data/node_modules/caseless
197 silly reify mark deleted [ '/data/node_modules/caseless' ]
198 verbose reify failed optional dependency /data/node_modules/combined-stream
199 silly reify mark deleted [ '/data/node_modules/combined-stream' ]
200 verbose reify failed optional dependency /data/node_modules/extend
201 silly reify mark deleted [ '/data/node_modules/extend' ]
202 verbose reify failed optional dependency /data/node_modules/forever-agent
203 silly reify mark deleted [ '/data/node_modules/forever-agent' ]
204 verbose reify failed optional dependency /data/node_modules/form-data
205 silly reify mark deleted [ '/data/node_modules/form-data' ]
206 verbose reify failed optional dependency /data/node_modules/har-validator
207 silly reify mark deleted [ '/data/node_modules/har-validator' ]
208 verbose reify failed optional dependency /data/node_modules/http-signature
209 silly reify mark deleted [ '/data/node_modules/http-signature' ]
210 verbose reify failed optional dependency /data/node_modules/is-typedarray
211 silly reify mark deleted [ '/data/node_modules/is-typedarray' ]
212 verbose reify failed optional dependency /data/node_modules/isstream
213 silly reify mark deleted [ '/data/node_modules/isstream' ]
214 verbose reify failed optional dependency /data/node_modules/json-stringify-safe
215 silly reify mark deleted [ '/data/node_modules/json-stringify-safe' ]
216 verbose reify failed optional dependency /data/node_modules/oauth-sign
217 silly reify mark deleted [ '/data/node_modules/oauth-sign' ]
218 verbose reify failed optional dependency /data/node_modules/performance-now
219 silly reify mark deleted [ '/data/node_modules/performance-now' ]
220 verbose reify failed optional dependency /data/node_modules/qs
221 silly reify mark deleted [ '/data/node_modules/qs' ]
222 verbose reify failed optional dependency /data/node_modules/tough-cookie
223 silly reify mark deleted [ '/data/node_modules/tough-cookie' ]
224 verbose reify failed optional dependency /data/node_modules/tunnel-agent
225 silly reify mark deleted [ '/data/node_modules/tunnel-agent' ]
226 verbose reify failed optional dependency /data/node_modules/uuid
227 silly reify mark deleted [ '/data/node_modules/uuid', '/data/node_modules/.bin/uuid' ]
228 verbose reify failed optional dependency /data/node_modules/throttleit
229 silly reify mark deleted [ '/data/node_modules/throttleit' ]
230 verbose reify failed optional dependency /data/node_modules/isexe
231 silly reify mark deleted [ '/data/node_modules/isexe' ]
232 verbose reify failed optional dependency /data/node_modules/buffer-from
233 silly reify mark deleted [ '/data/node_modules/buffer-from' ]
234 verbose reify failed optional dependency /data/node_modules/readable-stream
235 silly reify mark deleted [ '/data/node_modules/readable-stream' ]
236 verbose reify failed optional dependency /data/node_modules/typedarray
237 silly reify mark deleted [ '/data/node_modules/typedarray' ]
238 verbose reify failed optional dependency /data/node_modules/minimist
239 silly reify mark deleted [ '/data/node_modules/minimist' ]
240 verbose reify failed optional dependency /data/node_modules/buffer-crc32
241 silly reify mark deleted [ '/data/node_modules/buffer-crc32' ]
242 verbose reify failed optional dependency /data/node_modules/fd-slicer
243 silly reify mark deleted [ '/data/node_modules/fd-slicer' ]
244 verbose reify failed optional dependency /data/node_modules/pinkie
245 silly reify mark deleted [ '/data/node_modules/pinkie' ]
246 verbose reify failed optional dependency /data/node_modules/delayed-stream
247 silly reify mark deleted [ '/data/node_modules/delayed-stream' ]
248 verbose reify failed optional dependency /data/node_modules/asynckit
249 silly reify mark deleted [ '/data/node_modules/asynckit' ]
250 verbose reify failed optional dependency /data/node_modules/ajv
251 silly reify mark deleted [ '/data/node_modules/ajv' ]
252 verbose reify failed optional dependency /data/node_modules/har-schema
253 silly reify mark deleted [ '/data/node_modules/har-schema' ]
254 verbose reify failed optional dependency /data/node_modules/assert-plus
255 silly reify mark deleted [ '/data/node_modules/assert-plus' ]
256 verbose reify failed optional dependency /data/node_modules/jsprim
257 silly reify mark deleted [ '/data/node_modules/jsprim' ]
258 verbose reify failed optional dependency /data/node_modules/sshpk
259 silly reify mark deleted [
259 silly reify   '/data/node_modules/sshpk',
259 silly reify   '/data/node_modules/.bin/sshpk-conv',
259 silly reify   '/data/node_modules/.bin/sshpk-sign',
259 silly reify   '/data/node_modules/.bin/sshpk-verify'
259 silly reify ]
260 verbose reify failed optional dependency /data/node_modules/psl
261 silly reify mark deleted [ '/data/node_modules/psl' ]
262 verbose reify failed optional dependency /data/node_modules/punycode
263 silly reify mark deleted [ '/data/node_modules/punycode' ]
264 verbose reify failed optional dependency /data/node_modules/core-util-is
265 silly reify mark deleted [ '/data/node_modules/core-util-is' ]
266 verbose reify failed optional dependency /data/node_modules/isarray
267 silly reify mark deleted [ '/data/node_modules/isarray' ]
268 verbose reify failed optional dependency /data/node_modules/process-nextick-args
269 silly reify mark deleted [ '/data/node_modules/process-nextick-args' ]
270 verbose reify failed optional dependency /data/node_modules/string_decoder
271 silly reify mark deleted [ '/data/node_modules/string_decoder' ]
272 verbose reify failed optional dependency /data/node_modules/util-deprecate
273 silly reify mark deleted [ '/data/node_modules/util-deprecate' ]
274 verbose reify failed optional dependency /data/node_modules/pend
275 silly reify mark deleted [ '/data/node_modules/pend' ]
276 verbose reify failed optional dependency /data/node_modules/fast-deep-equal
277 silly reify mark deleted [ '/data/node_modules/fast-deep-equal' ]
278 verbose reify failed optional dependency /data/node_modules/fast-json-stable-stringify
279 silly reify mark deleted [ '/data/node_modules/fast-json-stable-stringify' ]
280 verbose reify failed optional dependency /data/node_modules/json-schema-traverse
281 silly reify mark deleted [ '/data/node_modules/json-schema-traverse' ]
282 verbose reify failed optional dependency /data/node_modules/uri-js
283 silly reify mark deleted [ '/data/node_modules/uri-js' ]
284 verbose reify failed optional dependency /data/node_modules/extsprintf
285 silly reify mark deleted [ '/data/node_modules/extsprintf' ]
286 verbose reify failed optional dependency /data/node_modules/json-schema
287 silly reify mark deleted [ '/data/node_modules/json-schema' ]
288 verbose reify failed optional dependency /data/node_modules/verror
289 silly reify mark deleted [ '/data/node_modules/verror' ]
290 verbose reify failed optional dependency /data/node_modules/asn1
291 silly reify mark deleted [ '/data/node_modules/asn1' ]
292 verbose reify failed optional dependency /data/node_modules/bcrypt-pbkdf
293 silly reify mark deleted [ '/data/node_modules/bcrypt-pbkdf' ]
294 verbose reify failed optional dependency /data/node_modules/dashdash
295 silly reify mark deleted [ '/data/node_modules/dashdash' ]
296 verbose reify failed optional dependency /data/node_modules/ecc-jsbn
297 silly reify mark deleted [ '/data/node_modules/ecc-jsbn' ]
298 verbose reify failed optional dependency /data/node_modules/getpass
299 silly reify mark deleted [ '/data/node_modules/getpass' ]
300 verbose reify failed optional dependency /data/node_modules/jsbn
301 silly reify mark deleted [ '/data/node_modules/jsbn' ]
302 verbose reify failed optional dependency /data/node_modules/safer-buffer
303 silly reify mark deleted [ '/data/node_modules/safer-buffer' ]
304 verbose reify failed optional dependency /data/node_modules/tweetnacl
305 silly reify mark deleted [ '/data/node_modules/tweetnacl' ]
306 verbose reify failed optional dependency /data/node_modules/verror/node_modules/core-util-is
307 silly reify mark deleted [ '/data/node_modules/verror/node_modules/core-util-is' ]
308 timing build:run:install:node_modules/phantomjs-prebuilt Completed in 294ms
309 timing build:run:install Completed in 294ms
310 timing build:deps Completed in 305ms
311 timing build Completed in 305ms
312 timing reify:build Completed in 306ms
313 timing reify:trash Completed in 95ms
314 timing reify:save Completed in 56ms
315 timing reify Completed in 2596ms
316 silly ADD node_modules/string
317 silly ADD node_modules/node-red-contrib-string
318 silly ADD
319 silly ADD
320 silly ADD
321 silly ADD node_modules/core-util-is
322 silly ADD
323 silly ADD
324 silly ADD
325 silly ADD
326 silly ADD
327 silly ADD
328 silly ADD
329 silly ADD
330 silly ADD
331 silly ADD
332 silly ADD
333 silly ADD
334 silly ADD
335 silly ADD
336 silly ADD
337 silly ADD
338 silly ADD
339 silly ADD
340 silly ADD
341 silly ADD
342 silly ADD
343 silly ADD
344 silly ADD
345 silly ADD
346 silly ADD
347 silly ADD
348 silly ADD
349 silly ADD
350 silly ADD
351 silly ADD
352 silly ADD
353 silly ADD
354 silly ADD
355 silly ADD
356 silly ADD
357 silly ADD
358 silly ADD
359 silly ADD
360 silly ADD
361 silly ADD
362 silly ADD
363 silly ADD
364 silly ADD
365 silly ADD
366 silly ADD
367 silly ADD
368 silly ADD
369 silly ADD
370 silly ADD
371 silly ADD
372 silly ADD
373 silly ADD
374 silly ADD
375 silly ADD
376 silly ADD
377 silly ADD
378 silly ADD
379 silly ADD
380 silly ADD
381 silly ADD
382 silly ADD
383 silly ADD
384 silly ADD
385 silly ADD
386 silly ADD
387 silly ADD
388 silly ADD
389 silly ADD
390 silly ADD
391 silly ADD
392 silly ADD
393 silly ADD
394 timing command:install Completed in 2602ms
395 verbose exit 0
396 timing npm Completed in 2724ms
397 info ok
