0 verbose cli /usr/local/bin/node /usr/local/bin/npm
1 info using npm@8.11.0
2 info using node@v16.16.0
3 timing npm:load:whichnode Completed in 0ms
4 timing config:load:defaults Completed in 5ms
5 timing config:load:file:/usr/local/lib/node_modules/npm/npmrc Completed in 1ms
6 timing config:load:builtin Completed in 1ms
7 warn config production Use `--omit=dev` instead.
8 timing config:load:cli Completed in 3ms
9 timing config:load:env Completed in 1ms
10 timing config:load:file:/data/.npmrc Completed in 0ms
11 timing config:load:project Completed in 7ms
12 timing config:load:file:/root/.npmrc Completed in 2ms
13 timing config:load:user Completed in 3ms
14 timing config:load:file:/usr/local/etc/npmrc Completed in 2ms
15 timing config:load:global Completed in 2ms
16 timing config:load:validate Completed in 0ms
17 timing config:load:credentials Completed in 1ms
18 timing config:load:setEnvs Completed in 1ms
19 timing config:load Completed in 26ms
20 timing npm:load:configload Completed in 26ms
21 timing npm:load:mkdirpcache Completed in 2ms
22 timing npm:load:mkdirplogs Completed in 0ms
23 verbose title npm install node-red-node-ui-table@0.4.3
24 verbose argv "install" "--no-audit" "--no-update-notifier" "--no-fund" "--save" "--save-prefix" "~" "--production" "--engine-strict" "node-red-node-ui-table@0.4.3"
25 timing npm:load:setTitle Completed in 2ms
26 timing config:load:flatten Completed in 5ms
27 timing npm:load:display Completed in 7ms
28 verbose logfile logs-max:10 dir:/data/.npm/_logs
29 verbose logfile /data/.npm/_logs/2023-05-09T01_00_38_500Z-debug-0.log
30 timing npm:load:logFile Completed in 8ms
31 timing npm:load:timers Completed in 0ms
32 timing npm:load:configScope Completed in 0ms
33 timing npm:load Completed in 46ms
34 timing arborist:ctor Completed in 0ms
35 silly logfile start cleaning logs, removing 1 files
36 silly logfile done cleaning log files
37 timing idealTree:init Completed in 106ms
38 timing idealTree:userRequests Completed in 3ms
39 silly idealTree buildDeps
40 silly fetch manifest node-red-node-ui-table@0.4.3
41 timing arborist:ctor Completed in 0ms
42 http fetch GET 200 https://registry.npmjs.org/node-red-node-ui-table 942ms (cache miss)
43 silly fetch manifest node-red-dashboard@~3.4.0
44 http fetch GET 200 https://registry.npmjs.org/node-red-dashboard 893ms (cache revalidated)
45 silly placeDep ROOT node-red-node-ui-table@0.4.3 OK for: node-red-project@0.0.1 want: 0.4.3
46 timing idealTree:#root Completed in 1850ms
47 timing idealTree:node_modules/node-red-node-ui-table Completed in 0ms
48 timing idealTree:buildDeps Completed in 1851ms
49 timing idealTree:fixDepFlags Completed in 1ms
50 timing idealTree Completed in 1965ms
51 timing reify:loadTrees Completed in 1966ms
52 timing reify:diffTrees Completed in 5ms
53 silly reify moves {}
54 timing reify:retireShallow Completed in 2ms
55 timing reify:createSparse Completed in 4ms
56 timing reify:trashOmits Completed in 0ms
57 timing reify:loadBundles Completed in 0ms
58 silly tarball no local data for node-red-node-ui-table@https://registry.npmjs.org/node-red-node-ui-table/-/node-red-node-ui-table-0.4.3.tgz. Extracting by manifest.
59 http fetch GET 200 https://registry.npmjs.org/node-red-node-ui-table/-/node-red-node-ui-table-0.4.3.tgz 95ms (cache miss)
60 timing reifyNode:node_modules/node-red-node-ui-table Completed in 102ms
61 timing reify:unpack Completed in 103ms
62 timing reify:unretire Completed in 0ms
63 timing build:queue Completed in 0ms
64 timing build:deps Completed in 1ms
65 timing build Completed in 1ms
66 timing reify:build Completed in 2ms
67 timing reify:trash Completed in 0ms
68 timing reify:save Completed in 26ms
69 timing reify Completed in 2130ms
70 silly ADD node_modules/node-red-node-ui-table
71 timing command:install Completed in 2134ms
72 verbose exit 0
73 timing npm Completed in 2252ms
74 info ok
