0 verbose cli /usr/local/bin/node /usr/local/bin/npm
1 info using npm@8.11.0
2 info using node@v16.16.0
3 timing npm:load:whichnode Completed in 0ms
4 timing config:load:defaults Completed in 4ms
5 timing config:load:file:/usr/local/lib/node_modules/npm/npmrc Completed in 1ms
6 timing config:load:builtin Completed in 1ms
7 warn config production Use `--omit=dev` instead.
8 timing config:load:cli Completed in 3ms
9 timing config:load:env Completed in 0ms
10 timing config:load:file:/data/.npmrc Completed in 1ms
11 timing config:load:project Completed in 3ms
12 timing config:load:file:/root/.npmrc Completed in 1ms
13 timing config:load:user Completed in 1ms
14 timing config:load:file:/usr/local/etc/npmrc Completed in 2ms
15 timing config:load:global Completed in 3ms
16 timing config:load:validate Completed in 0ms
17 timing config:load:credentials Completed in 2ms
18 timing config:load:setEnvs Completed in 1ms
19 timing config:load Completed in 20ms
20 timing npm:load:configload Completed in 21ms
21 timing npm:load:mkdirpcache Completed in 5ms
22 timing npm:load:mkdirplogs Completed in 1ms
23 verbose title npm install node-red-contrib-zabbix@1.0.2
24 verbose argv "install" "--no-audit" "--no-update-notifier" "--no-fund" "--save" "--save-prefix" "~" "--production" "--engine-strict" "node-red-contrib-zabbix@1.0.2"
25 timing npm:load:setTitle Completed in 2ms
26 timing config:load:flatten Completed in 5ms
27 timing npm:load:display Completed in 8ms
28 verbose logfile logs-max:10 dir:/data/.npm/_logs
29 verbose logfile /data/.npm/_logs/2023-05-09T14_55_37_559Z-debug-0.log
30 timing npm:load:logFile Completed in 9ms
31 timing npm:load:timers Completed in 0ms
32 timing npm:load:configScope Completed in 0ms
33 timing npm:load Completed in 46ms
34 timing arborist:ctor Completed in 1ms
35 silly logfile start cleaning logs, removing 1 files
36 silly logfile done cleaning log files
37 timing idealTree:init Completed in 109ms
38 timing idealTree:userRequests Completed in 3ms
39 silly idealTree buildDeps
40 silly fetch manifest node-red-contrib-zabbix@1.0.2
41 timing arborist:ctor Completed in 0ms
42 http fetch GET 200 https://registry.npmjs.org/node-red-contrib-zabbix 959ms (cache miss)
43 silly placeDep ROOT node-red-contrib-zabbix@1.0.2 OK for: node-red-project@0.0.1 want: 1.0.2
44 silly fetch manifest zabbix-promise@^2.0.2
45 http fetch GET 200 https://registry.npmjs.org/zabbix-promise 270ms (cache miss)
46 timing idealTree:#root Completed in 1238ms
47 silly placeDep ROOT zabbix-promise@2.0.2 OK for: node-red-contrib-zabbix@1.0.2 want: ^2.0.2
48 timing idealTree:node_modules/node-red-contrib-zabbix Completed in 2ms
49 timing idealTree:node_modules/zabbix-promise Completed in 0ms
50 timing idealTree:buildDeps Completed in 1241ms
51 timing idealTree:fixDepFlags Completed in 2ms
52 timing idealTree Completed in 1357ms
53 timing reify:loadTrees Completed in 1358ms
54 timing reify:diffTrees Completed in 6ms
55 silly reify moves {}
56 timing reify:retireShallow Completed in 2ms
57 timing reify:createSparse Completed in 2ms
58 timing reify:trashOmits Completed in 1ms
59 timing reify:loadBundles Completed in 0ms
60 silly tarball no local data for zabbix-promise@https://registry.npmjs.org/zabbix-promise/-/zabbix-promise-2.0.2.tgz. Extracting by manifest.
61 silly tarball no local data for node-red-contrib-zabbix@https://registry.npmjs.org/node-red-contrib-zabbix/-/node-red-contrib-zabbix-1.0.2.tgz. Extracting by manifest.
62 http fetch GET 200 https://registry.npmjs.org/zabbix-promise/-/zabbix-promise-2.0.2.tgz 51ms (cache miss)
63 timing reifyNode:node_modules/zabbix-promise Completed in 58ms
64 http fetch GET 200 https://registry.npmjs.org/node-red-contrib-zabbix/-/node-red-contrib-zabbix-1.0.2.tgz 939ms (cache miss)
65 timing reifyNode:node_modules/node-red-contrib-zabbix Completed in 952ms
66 timing reify:unpack Completed in 953ms
67 timing reify:unretire Completed in 0ms
68 timing build:queue Completed in 0ms
69 timing build:deps Completed in 1ms
70 timing build Completed in 2ms
71 timing reify:build Completed in 2ms
72 timing reify:trash Completed in 0ms
73 timing reify:save Completed in 28ms
74 timing reify Completed in 2373ms
75 silly ADD node_modules/zabbix-promise
76 silly ADD node_modules/node-red-contrib-zabbix
77 timing command:install Completed in 2379ms
78 verbose exit 0
79 timing npm Completed in 2498ms
80 info ok
