0 verbose cli /usr/local/bin/node /usr/local/bin/npm
1 info using npm@8.11.0
2 info using node@v16.16.0
3 timing npm:load:whichnode Completed in 0ms
4 timing config:load:defaults Completed in 5ms
5 timing config:load:file:/usr/local/lib/node_modules/npm/npmrc Completed in 1ms
6 timing config:load:builtin Completed in 1ms
7 timing config:load:cli Completed in 3ms
8 timing config:load:env Completed in 0ms
9 timing config:load:file:/data/.npmrc Completed in 1ms
10 timing config:load:project Completed in 12ms
11 timing config:load:file:/root/.npmrc Completed in 0ms
12 timing config:load:user Completed in 0ms
13 timing config:load:file:/usr/local/etc/npmrc Completed in 2ms
14 timing config:load:global Completed in 2ms
15 timing config:load:validate Completed in 1ms
16 timing config:load:credentials Completed in 1ms
17 timing config:load:setEnvs Completed in 1ms
18 timing config:load Completed in 28ms
19 timing npm:load:configload Completed in 28ms
20 timing npm:load:mkdirpcache Completed in 1ms
21 timing npm:load:mkdirplogs Completed in 1ms
22 verbose title npm remove node-red-node-mysql
23 verbose argv "remove" "--no-audit" "--no-update-notifier" "--no-fund" "--save" "node-red-node-mysql"
24 timing npm:load:setTitle Completed in 1ms
25 timing config:load:flatten Completed in 4ms
26 timing npm:load:display Completed in 7ms
27 verbose logfile logs-max:10 dir:/data/.npm/_logs
28 verbose logfile /data/.npm/_logs/2023-05-09T18_26_29_524Z-debug-0.log
29 timing npm:load:logFile Completed in 10ms
30 timing npm:load:timers Completed in 0ms
31 timing npm:load:configScope Completed in 0ms
32 timing npm:load Completed in 49ms
33 timing arborist:ctor Completed in 1ms
34 silly logfile start cleaning logs, removing 5 files
35 timing idealTree:init Completed in 156ms
36 timing idealTree:userRequests Completed in 2ms
37 silly idealTree buildDeps
38 timing idealTree:#root Completed in 0ms
39 timing idealTree:buildDeps Completed in 2ms
40 timing idealTree:fixDepFlags Completed in 3ms
41 timing idealTree Completed in 166ms
42 silly logfile done cleaning log files
43 timing arborist:ctor Completed in 0ms
44 timing reify:loadTrees Completed in 215ms
45 timing reify:diffTrees Completed in 11ms
46 silly reify mark retired [ '/data/node_modules/denque' ]
47 silly reify mark retired [ '/data/node_modules/generate-function' ]
48 silly reify mark retired [ '/data/node_modules/iconv-lite' ]
49 silly reify mark retired [ '/data/node_modules/is-property' ]
50 silly reify mark retired [ '/data/node_modules/long' ]
51 silly reify mark retired [ '/data/node_modules/lru-cache' ]
52 silly reify mark retired [ '/data/node_modules/mysql2' ]
53 silly reify mark retired [ '/data/node_modules/named-placeholders' ]
54 silly reify mark retired [ '/data/node_modules/node-red-node-mysql' ]
55 silly reify mark retired [ '/data/node_modules/seq-queue' ]
56 silly reify mark retired [ '/data/node_modules/sqlstring' ]
57 silly reify mark retired [ '/data/node_modules/yallist' ]
58 silly reify moves {
58 silly reify   '/data/node_modules/denque': '/data/node_modules/.denque-NvQCv7Lr',
58 silly reify   '/data/node_modules/generate-function': '/data/node_modules/.generate-function-ifIdMKVs',
58 silly reify   '/data/node_modules/iconv-lite': '/data/node_modules/.iconv-lite-MMpGM8zk',
58 silly reify   '/data/node_modules/is-property': '/data/node_modules/.is-property-9f3EltRx',
58 silly reify   '/data/node_modules/long': '/data/node_modules/.long-OYGEJ42K',
58 silly reify   '/data/node_modules/lru-cache': '/data/node_modules/.lru-cache-WRlPNktf',
58 silly reify   '/data/node_modules/mysql2': '/data/node_modules/.mysql2-4fsfpztf',
58 silly reify   '/data/node_modules/named-placeholders': '/data/node_modules/.named-placeholders-wKv9vt1y',
58 silly reify   '/data/node_modules/node-red-node-mysql': '/data/node_modules/.node-red-node-mysql-FZcFGK6Z',
58 silly reify   '/data/node_modules/seq-queue': '/data/node_modules/.seq-queue-6yYl7q96',
58 silly reify   '/data/node_modules/sqlstring': '/data/node_modules/.sqlstring-K2vpdeqg',
58 silly reify   '/data/node_modules/yallist': '/data/node_modules/.yallist-nRCT2Oqy'
58 silly reify }
59 timing reify:retireShallow Completed in 16ms
60 timing reify:createSparse Completed in 21ms
61 timing reify:loadBundles Completed in 0ms
62 timing reifyNode:node_modules/process-nextick-args Completed in 284ms
63 timing reifyNode:node_modules/pinkie-promise Completed in 285ms
64 timing reifyNode:node_modules/pinkie Completed in 285ms
65 timing reifyNode:node_modules/oauth-sign Completed in 284ms
66 timing reifyNode:node_modules/is-stream Completed in 287ms
67 timing reifyNode:node_modules/hasha Completed in 287ms
68 timing reifyNode:node_modules/concat-stream Completed in 288ms
69 timing reifyNode:node_modules/buffer-from Completed in 289ms
70 timing reifyNode:node_modules/buffer-crc32 Completed in 289ms
71 timing reifyNode:node_modules/pend Completed in 293ms
72 timing reifyNode:node_modules/tunnel-agent Completed in 294ms
73 timing reifyNode:node_modules/is-typedarray Completed in 295ms
74 timing reifyNode:node_modules/forever-agent Completed in 295ms
75 timing reifyNode:node_modules/caseless Completed in 296ms
76 timing reifyNode:node_modules/aws-sign2 Completed in 296ms
77 timing reifyNode:node_modules/assert-plus Completed in 297ms
78 timing reifyNode:node_modules/util-deprecate Completed in 300ms
79 timing reifyNode:node_modules/graceful-fs Completed in 305ms
80 timing reifyNode:node_modules/extract-zip Completed in 305ms
81 timing reifyNode:node_modules/core-util-is Completed in 305ms
82 timing reifyNode:node_modules/yauzl Completed in 310ms
83 timing reifyNode:node_modules/jsonfile Completed in 309ms
84 timing reifyNode:node_modules/isarray Completed in 309ms
85 timing reifyNode:node_modules/combined-stream Completed in 310ms
86 timing reifyNode:node_modules/bcrypt-pbkdf Completed in 310ms
87 timing reifyNode:node_modules/throttleit Completed in 313ms
88 timing reifyNode:node_modules/string_decoder Completed in 313ms
89 timing reifyNode:node_modules/punycode Completed in 313ms
90 timing reifyNode:node_modules/mkdirp Completed in 313ms
91 warn deprecated har-validator@5.1.5: this library is no longer supported
92 timing reifyNode:node_modules/har-validator Completed in 315ms
93 timing reifyNode:node_modules/getpass Completed in 317ms
94 timing reifyNode:node_modules/which Completed in 320ms
95 timing reifyNode:node_modules/delayed-stream Completed in 317ms
96 timing reifyNode:node_modules/klaw Completed in 319ms
97 timing reifyNode:node_modules/json-schema Completed in 320ms
98 timing reifyNode:node_modules/isstream Completed in 320ms
99 timing reifyNode:node_modules/extend Completed in 320ms
100 timing reifyNode:node_modules/jsbn Completed in 324ms
101 timing reifyNode:node_modules/verror/node_modules/core-util-is Completed in 329ms
102 timing reifyNode:node_modules/progress Completed in 328ms
103 timing reifyNode:node_modules/jsprim Completed in 328ms
104 timing reifyNode:node_modules/isexe Completed in 329ms
105 timing reifyNode:node_modules/aws4 Completed in 329ms
106 timing reifyNode:node_modules/request-progress Completed in 332ms
107 timing reifyNode:node_modules/json-stringify-safe Completed in 336ms
108 timing reifyNode:node_modules/fd-slicer Completed in 338ms
109 timing reifyNode:node_modules/extsprintf Completed in 337ms
110 timing reifyNode:node_modules/ecc-jsbn Completed in 337ms
111 timing reifyNode:node_modules/fast-deep-equal Completed in 343ms
112 timing reifyNode:node_modules/json-schema-traverse Completed in 346ms
113 timing reifyNode:node_modules/verror Completed in 354ms
114 timing reifyNode:node_modules/typedarray Completed in 353ms
115 timing reifyNode:node_modules/tough-cookie Completed in 352ms
116 timing reifyNode:node_modules/dashdash Completed in 353ms
117 timing reifyNode:node_modules/asn1 Completed in 353ms
118 timing reifyNode:node_modules/http-signature Completed in 358ms
119 timing reifyNode:node_modules/form-data Completed in 358ms
120 timing reifyNode:node_modules/kew Completed in 361ms
121 timing reifyNode:node_modules/asynckit Completed in 361ms
122 timing reifyNode:node_modules/tweetnacl Completed in 366ms
123 timing reifyNode:node_modules/har-schema Completed in 368ms
124 warn deprecated uuid@3.4.0: Please upgrade  to version 7 or higher.  Older versions may use Math.random() in certain circumstances, which is known to be problematic.  See https://v8.dev/blog/math-random for details.
125 timing reifyNode:node_modules/uuid Completed in 371ms
126 timing reifyNode:node_modules/performance-now Completed in 373ms
127 warn deprecated phantomjs-prebuilt@2.1.16: this package is now deprecated
128 timing reifyNode:node_modules/phantomjs-prebuilt Completed in 374ms
129 timing reifyNode:node_modules/fast-json-stable-stringify Completed in 372ms
130 warn deprecated request@2.88.2: request has been deprecated, see https://github.com/request/request/issues/3142
131 timing reifyNode:node_modules/request Completed in 381ms
132 timing reifyNode:node_modules/minimist Completed in 385ms
133 timing reifyNode:node_modules/qs Completed in 389ms
134 timing reifyNode:node_modules/psl Completed in 390ms
135 timing reifyNode:node_modules/readable-stream Completed in 392ms
136 timing reifyNode:node_modules/es6-promise Completed in 398ms
137 timing reifyNode:node_modules/sshpk Completed in 405ms
138 timing reifyNode:node_modules/fs-extra Completed in 406ms
139 timing reifyNode:node_modules/uri-js Completed in 413ms
140 timing reifyNode:node_modules/ajv Completed in 424ms
141 timing reify:unpack Completed in 428ms
142 timing reify:unretire Completed in 0ms
143 timing build:queue Completed in 5ms
144 timing build:link:node_modules/mkdirp Completed in 4ms
145 timing build:link:node_modules/extract-zip Completed in 5ms
146 timing build:link:node_modules/phantomjs-prebuilt Completed in 4ms
147 timing build:link:node_modules/sshpk Completed in 4ms
148 timing build:link:node_modules/which Completed in 4ms
149 timing build:link:node_modules/uuid Completed in 4ms
150 timing build:link Completed in 5ms
151 info run phantomjs-prebuilt@2.1.16 install node_modules/phantomjs-prebuilt node install.js
152 info run phantomjs-prebuilt@2.1.16 install { code: 1, signal: null }
153 verbose reify failed optional dependency /data/node_modules/phantomjs-prebuilt
154 silly reify mark deleted [
154 silly reify   '/data/node_modules/phantomjs-prebuilt',
154 silly reify   '/data/node_modules/.bin/phantomjs'
154 silly reify ]
155 verbose reify failed optional dependency /data/node_modules/es6-promise
156 silly reify mark deleted [ '/data/node_modules/es6-promise' ]
157 verbose reify failed optional dependency /data/node_modules/extract-zip
158 silly reify mark deleted [
158 silly reify   '/data/node_modules/extract-zip',
158 silly reify   '/data/node_modules/.bin/extract-zip'
158 silly reify ]
159 verbose reify failed optional dependency /data/node_modules/fs-extra
160 silly reify mark deleted [ '/data/node_modules/fs-extra' ]
161 verbose reify failed optional dependency /data/node_modules/hasha
162 silly reify mark deleted [ '/data/node_modules/hasha' ]
163 verbose reify failed optional dependency /data/node_modules/kew
164 silly reify mark deleted [ '/data/node_modules/kew' ]
165 verbose reify failed optional dependency /data/node_modules/progress
166 silly reify mark deleted [ '/data/node_modules/progress' ]
167 verbose reify failed optional dependency /data/node_modules/request
168 silly reify mark deleted [ '/data/node_modules/request' ]
169 verbose reify failed optional dependency /data/node_modules/request-progress
170 silly reify mark deleted [ '/data/node_modules/request-progress' ]
171 verbose reify failed optional dependency /data/node_modules/which
172 silly reify mark deleted [ '/data/node_modules/which', '/data/node_modules/.bin/which' ]
173 verbose reify failed optional dependency /data/node_modules/concat-stream
174 silly reify mark deleted [ '/data/node_modules/concat-stream' ]
175 verbose reify failed optional dependency /data/node_modules/mkdirp
176 silly reify mark deleted [ '/data/node_modules/mkdirp', '/data/node_modules/.bin/mkdirp' ]
177 verbose reify failed optional dependency /data/node_modules/yauzl
178 silly reify mark deleted [ '/data/node_modules/yauzl' ]
179 verbose reify failed optional dependency /data/node_modules/graceful-fs
180 silly reify mark deleted [ '/data/node_modules/graceful-fs' ]
181 verbose reify failed optional dependency /data/node_modules/jsonfile
182 silly reify mark deleted [ '/data/node_modules/jsonfile' ]
183 verbose reify failed optional dependency /data/node_modules/klaw
184 silly reify mark deleted [ '/data/node_modules/klaw' ]
185 verbose reify failed optional dependency /data/node_modules/is-stream
186 silly reify mark deleted [ '/data/node_modules/is-stream' ]
187 verbose reify failed optional dependency /data/node_modules/pinkie-promise
188 silly reify mark deleted [ '/data/node_modules/pinkie-promise' ]
189 verbose reify failed optional dependency /data/node_modules/aws-sign2
190 silly reify mark deleted [ '/data/node_modules/aws-sign2' ]
191 verbose reify failed optional dependency /data/node_modules/aws4
192 silly reify mark deleted [ '/data/node_modules/aws4' ]
193 verbose reify failed optional dependency /data/node_modules/caseless
194 silly reify mark deleted [ '/data/node_modules/caseless' ]
195 verbose reify failed optional dependency /data/node_modules/combined-stream
196 silly reify mark deleted [ '/data/node_modules/combined-stream' ]
197 verbose reify failed optional dependency /data/node_modules/extend
198 silly reify mark deleted [ '/data/node_modules/extend' ]
199 verbose reify failed optional dependency /data/node_modules/forever-agent
200 silly reify mark deleted [ '/data/node_modules/forever-agent' ]
201 verbose reify failed optional dependency /data/node_modules/form-data
202 silly reify mark deleted [ '/data/node_modules/form-data' ]
203 verbose reify failed optional dependency /data/node_modules/har-validator
204 silly reify mark deleted [ '/data/node_modules/har-validator' ]
205 verbose reify failed optional dependency /data/node_modules/http-signature
206 silly reify mark deleted [ '/data/node_modules/http-signature' ]
207 verbose reify failed optional dependency /data/node_modules/is-typedarray
208 silly reify mark deleted [ '/data/node_modules/is-typedarray' ]
209 verbose reify failed optional dependency /data/node_modules/isstream
210 silly reify mark deleted [ '/data/node_modules/isstream' ]
211 verbose reify failed optional dependency /data/node_modules/json-stringify-safe
212 silly reify mark deleted [ '/data/node_modules/json-stringify-safe' ]
213 verbose reify failed optional dependency /data/node_modules/oauth-sign
214 silly reify mark deleted [ '/data/node_modules/oauth-sign' ]
215 verbose reify failed optional dependency /data/node_modules/performance-now
216 silly reify mark deleted [ '/data/node_modules/performance-now' ]
217 verbose reify failed optional dependency /data/node_modules/qs
218 silly reify mark deleted [ '/data/node_modules/qs' ]
219 verbose reify failed optional dependency /data/node_modules/tough-cookie
220 silly reify mark deleted [ '/data/node_modules/tough-cookie' ]
221 verbose reify failed optional dependency /data/node_modules/tunnel-agent
222 silly reify mark deleted [ '/data/node_modules/tunnel-agent' ]
223 verbose reify failed optional dependency /data/node_modules/uuid
224 silly reify mark deleted [ '/data/node_modules/uuid', '/data/node_modules/.bin/uuid' ]
225 verbose reify failed optional dependency /data/node_modules/throttleit
226 silly reify mark deleted [ '/data/node_modules/throttleit' ]
227 verbose reify failed optional dependency /data/node_modules/isexe
228 silly reify mark deleted [ '/data/node_modules/isexe' ]
229 verbose reify failed optional dependency /data/node_modules/buffer-from
230 silly reify mark deleted [ '/data/node_modules/buffer-from' ]
231 verbose reify failed optional dependency /data/node_modules/readable-stream
232 silly reify mark deleted [ '/data/node_modules/readable-stream' ]
233 verbose reify failed optional dependency /data/node_modules/typedarray
234 silly reify mark deleted [ '/data/node_modules/typedarray' ]
235 verbose reify failed optional dependency /data/node_modules/minimist
236 silly reify mark deleted [ '/data/node_modules/minimist' ]
237 verbose reify failed optional dependency /data/node_modules/buffer-crc32
238 silly reify mark deleted [ '/data/node_modules/buffer-crc32' ]
239 verbose reify failed optional dependency /data/node_modules/fd-slicer
240 silly reify mark deleted [ '/data/node_modules/fd-slicer' ]
241 verbose reify failed optional dependency /data/node_modules/pinkie
242 silly reify mark deleted [ '/data/node_modules/pinkie' ]
243 verbose reify failed optional dependency /data/node_modules/delayed-stream
244 silly reify mark deleted [ '/data/node_modules/delayed-stream' ]
245 verbose reify failed optional dependency /data/node_modules/asynckit
246 silly reify mark deleted [ '/data/node_modules/asynckit' ]
247 verbose reify failed optional dependency /data/node_modules/ajv
248 silly reify mark deleted [ '/data/node_modules/ajv' ]
249 verbose reify failed optional dependency /data/node_modules/har-schema
250 silly reify mark deleted [ '/data/node_modules/har-schema' ]
251 verbose reify failed optional dependency /data/node_modules/assert-plus
252 silly reify mark deleted [ '/data/node_modules/assert-plus' ]
253 verbose reify failed optional dependency /data/node_modules/jsprim
254 silly reify mark deleted [ '/data/node_modules/jsprim' ]
255 verbose reify failed optional dependency /data/node_modules/sshpk
256 silly reify mark deleted [
256 silly reify   '/data/node_modules/sshpk',
256 silly reify   '/data/node_modules/.bin/sshpk-conv',
256 silly reify   '/data/node_modules/.bin/sshpk-sign',
256 silly reify   '/data/node_modules/.bin/sshpk-verify'
256 silly reify ]
257 verbose reify failed optional dependency /data/node_modules/psl
258 silly reify mark deleted [ '/data/node_modules/psl' ]
259 verbose reify failed optional dependency /data/node_modules/punycode
260 silly reify mark deleted [ '/data/node_modules/punycode' ]
261 verbose reify failed optional dependency /data/node_modules/core-util-is
262 silly reify mark deleted [ '/data/node_modules/core-util-is' ]
263 verbose reify failed optional dependency /data/node_modules/isarray
264 silly reify mark deleted [ '/data/node_modules/isarray' ]
265 verbose reify failed optional dependency /data/node_modules/process-nextick-args
266 silly reify mark deleted [ '/data/node_modules/process-nextick-args' ]
267 verbose reify failed optional dependency /data/node_modules/string_decoder
268 silly reify mark deleted [ '/data/node_modules/string_decoder' ]
269 verbose reify failed optional dependency /data/node_modules/util-deprecate
270 silly reify mark deleted [ '/data/node_modules/util-deprecate' ]
271 verbose reify failed optional dependency /data/node_modules/pend
272 silly reify mark deleted [ '/data/node_modules/pend' ]
273 verbose reify failed optional dependency /data/node_modules/fast-deep-equal
274 silly reify mark deleted [ '/data/node_modules/fast-deep-equal' ]
275 verbose reify failed optional dependency /data/node_modules/fast-json-stable-stringify
276 silly reify mark deleted [ '/data/node_modules/fast-json-stable-stringify' ]
277 verbose reify failed optional dependency /data/node_modules/json-schema-traverse
278 silly reify mark deleted [ '/data/node_modules/json-schema-traverse' ]
279 verbose reify failed optional dependency /data/node_modules/uri-js
280 silly reify mark deleted [ '/data/node_modules/uri-js' ]
281 verbose reify failed optional dependency /data/node_modules/extsprintf
282 silly reify mark deleted [ '/data/node_modules/extsprintf' ]
283 verbose reify failed optional dependency /data/node_modules/json-schema
284 silly reify mark deleted [ '/data/node_modules/json-schema' ]
285 verbose reify failed optional dependency /data/node_modules/verror
286 silly reify mark deleted [ '/data/node_modules/verror' ]
287 verbose reify failed optional dependency /data/node_modules/asn1
288 silly reify mark deleted [ '/data/node_modules/asn1' ]
289 verbose reify failed optional dependency /data/node_modules/bcrypt-pbkdf
290 silly reify mark deleted [ '/data/node_modules/bcrypt-pbkdf' ]
291 verbose reify failed optional dependency /data/node_modules/dashdash
292 silly reify mark deleted [ '/data/node_modules/dashdash' ]
293 verbose reify failed optional dependency /data/node_modules/ecc-jsbn
294 silly reify mark deleted [ '/data/node_modules/ecc-jsbn' ]
295 verbose reify failed optional dependency /data/node_modules/getpass
296 silly reify mark deleted [ '/data/node_modules/getpass' ]
297 verbose reify failed optional dependency /data/node_modules/jsbn
298 silly reify mark deleted [ '/data/node_modules/jsbn' ]
299 verbose reify failed optional dependency /data/node_modules/safer-buffer
300 silly reify mark deleted [ '/data/node_modules/safer-buffer' ]
301 verbose reify failed optional dependency /data/node_modules/tweetnacl
302 silly reify mark deleted [ '/data/node_modules/tweetnacl' ]
303 verbose reify failed optional dependency /data/node_modules/verror/node_modules/core-util-is
304 silly reify mark deleted [ '/data/node_modules/verror/node_modules/core-util-is' ]
305 timing build:run:install:node_modules/phantomjs-prebuilt Completed in 284ms
306 timing build:run:install Completed in 285ms
307 timing build:deps Completed in 296ms
308 timing build Completed in 297ms
309 timing reify:build Completed in 298ms
310 timing reify:trash Completed in 131ms
311 timing reify:save Completed in 44ms
312 timing reify Completed in 1184ms
313 silly ADD
314 silly ADD
315 silly ADD
316 silly ADD node_modules/core-util-is
317 silly ADD
318 silly ADD
319 silly ADD
320 silly ADD
321 silly ADD
322 silly ADD
323 silly ADD
324 silly ADD
325 silly ADD
326 silly ADD
327 silly ADD
328 silly ADD
329 silly ADD
330 silly ADD
331 silly ADD
332 silly ADD
333 silly ADD
334 silly ADD
335 silly ADD
336 silly ADD
337 silly ADD
338 silly ADD
339 silly ADD
340 silly ADD
341 silly ADD
342 silly ADD
343 silly ADD
344 silly ADD
345 silly ADD
346 silly ADD
347 silly ADD
348 silly ADD
349 silly ADD
350 silly ADD
351 silly ADD
352 silly ADD
353 silly ADD
354 silly ADD
355 silly ADD
356 silly ADD
357 silly ADD
358 silly ADD
359 silly ADD
360 silly ADD
361 silly ADD
362 silly ADD
363 silly ADD
364 silly ADD
365 silly ADD
366 silly ADD
367 silly ADD
368 silly ADD
369 silly ADD
370 silly ADD
371 silly ADD
372 silly ADD
373 silly ADD
374 silly ADD
375 silly ADD
376 silly ADD
377 silly ADD
378 silly ADD
379 silly ADD
380 silly ADD
381 silly ADD
382 silly ADD
383 silly ADD
384 silly ADD
385 silly ADD
386 silly ADD
387 silly ADD
388 silly REMOVE node_modules/yallist
389 silly REMOVE node_modules/sqlstring
390 silly REMOVE node_modules/seq-queue
391 silly REMOVE node_modules/node-red-node-mysql
392 silly REMOVE node_modules/named-placeholders
393 silly REMOVE node_modules/named-placeholders/node_modules/lru-cache
394 silly REMOVE node_modules/mysql2
395 silly REMOVE node_modules/lru-cache
396 silly REMOVE node_modules/long
397 silly REMOVE node_modules/is-property
398 silly REMOVE node_modules/iconv-lite
399 silly REMOVE node_modules/generate-function
400 silly REMOVE node_modules/denque
401 timing command:remove Completed in 1189ms
402 verbose exit 0
403 timing npm Completed in 1314ms
404 info ok
