0 verbose cli /usr/local/bin/node /usr/local/bin/npm
1 info using npm@8.11.0
2 info using node@v16.16.0
3 timing npm:load:whichnode Completed in 0ms
4 timing config:load:defaults Completed in 5ms
5 timing config:load:file:/usr/local/lib/node_modules/npm/npmrc Completed in 1ms
6 timing config:load:builtin Completed in 1ms
7 warn config production Use `--omit=dev` instead.
8 timing config:load:cli Completed in 4ms
9 timing config:load:env Completed in 0ms
10 timing config:load:file:/data/.npmrc Completed in 0ms
11 timing config:load:project Completed in 10ms
12 timing config:load:file:/root/.npmrc Completed in 0ms
13 timing config:load:user Completed in 0ms
14 timing config:load:file:/usr/local/etc/npmrc Completed in 1ms
15 timing config:load:global Completed in 1ms
16 timing config:load:validate Completed in 1ms
17 timing config:load:credentials Completed in 1ms
18 timing config:load:setEnvs Completed in 2ms
19 timing config:load Completed in 27ms
20 timing npm:load:configload Completed in 27ms
21 timing npm:load:mkdirpcache Completed in 2ms
22 timing npm:load:mkdirplogs Completed in 0ms
23 verbose title npm install node-red-contrib-alarm@1.4.0
24 verbose argv "install" "--no-audit" "--no-update-notifier" "--no-fund" "--save" "--save-prefix" "~" "--production" "--engine-strict" "node-red-contrib-alarm@1.4.0"
25 timing npm:load:setTitle Completed in 2ms
26 timing config:load:flatten Completed in 8ms
27 timing npm:load:display Completed in 11ms
28 verbose logfile logs-max:10 dir:/data/.npm/_logs
29 verbose logfile /data/.npm/_logs/2023-05-15T13_48_16_477Z-debug-0.log
30 timing npm:load:logFile Completed in 8ms
31 timing npm:load:timers Completed in 0ms
32 timing npm:load:configScope Completed in 0ms
33 timing npm:load Completed in 53ms
34 timing arborist:ctor Completed in 1ms
35 silly logfile start cleaning logs, removing 6 files
36 timing idealTree:init Completed in 148ms
37 timing idealTree:userRequests Completed in 3ms
38 silly idealTree buildDeps
39 silly fetch manifest node-red-contrib-alarm@1.4.0
40 silly logfile done cleaning log files
41 timing arborist:ctor Completed in 0ms
42 http fetch GET 200 https://registry.npmjs.org/node-red-contrib-alarm 1149ms (cache miss)
43 silly placeDep ROOT node-red-contrib-alarm@1.4.0 OK for: node-red-project@0.0.1 want: 1.4.0
44 silly fetch manifest debug@^4.3.1
45 silly fetch manifest async@^2.6.1
46 silly fetch manifest filtrex@^3.0.0-rc11
47 http fetch GET 200 https://registry.npmjs.org/debug 53ms (cache revalidated)
48 http fetch GET 200 https://registry.npmjs.org/async 60ms (cache miss)
49 http fetch GET 200 https://registry.npmjs.org/filtrex 875ms (cache miss)
50 timing idealTree:#root Completed in 2038ms
51 silly placeDep ROOT async@2.6.4 OK for: node-red-contrib-alarm@1.4.0 want: ^2.6.1
52 silly placeDep node_modules/node-red-contrib-alarm debug@4.3.4 OK for: node-red-contrib-alarm@1.4.0 want: ^4.3.1
53 silly placeDep ROOT filtrex@3.0.0 OK for: node-red-contrib-alarm@1.4.0 want: ^3.0.0-rc11
54 silly fetch manifest lodash@^4.17.14
55 silly fetch manifest ms@2.1.2
56 http fetch GET 200 https://registry.npmjs.org/ms 26ms (cache revalidated)
57 http fetch GET 200 https://registry.npmjs.org/lodash 37ms (cache miss)
58 timing idealTree:node_modules/node-red-contrib-alarm Completed in 43ms
59 silly placeDep ROOT lodash@4.17.21 OK for: async@2.6.4 want: ^4.17.14
60 timing idealTree:node_modules/async Completed in 1ms
61 timing idealTree:node_modules/filtrex Completed in 0ms
62 timing idealTree:node_modules/lodash Completed in 0ms
63 silly placeDep node_modules/node-red-contrib-alarm ms@2.1.2 OK for: debug@4.3.4 want: 2.1.2
64 timing idealTree:node_modules/node-red-contrib-alarm/node_modules/debug Completed in 2ms
65 timing idealTree:node_modules/node-red-contrib-alarm/node_modules/ms Completed in 0ms
66 timing idealTree:buildDeps Completed in 2087ms
67 timing idealTree:fixDepFlags Completed in 5ms
68 timing idealTree Completed in 2245ms
69 timing reify:loadTrees Completed in 2246ms
70 timing reify:diffTrees Completed in 5ms
71 silly reify moves {}
72 timing reify:retireShallow Completed in 2ms
73 timing reify:createSparse Completed in 18ms
74 timing reify:trashOmits Completed in 0ms
75 timing reify:loadBundles Completed in 0ms
76 silly tarball no local data for lodash@https://registry.npmjs.org/lodash/-/lodash-4.17.21.tgz. Extracting by manifest.
77 silly tarball no local data for async@https://registry.npmjs.org/async/-/async-2.6.4.tgz. Extracting by manifest.
78 silly tarball no local data for filtrex@https://registry.npmjs.org/filtrex/-/filtrex-3.0.0.tgz. Extracting by manifest.
79 silly tarball no local data for node-red-contrib-alarm@https://registry.npmjs.org/node-red-contrib-alarm/-/node-red-contrib-alarm-1.4.0.tgz. Extracting by manifest.
80 timing reifyNode:node_modules/process-nextick-args Completed in 338ms
81 timing reifyNode:node_modules/pinkie-promise Completed in 338ms
82 timing reifyNode:node_modules/pinkie Completed in 338ms
83 timing reifyNode:node_modules/oauth-sign Completed in 338ms
84 timing reifyNode:node_modules/is-stream Completed in 340ms
85 timing reifyNode:node_modules/hasha Completed in 341ms
86 timing reifyNode:node_modules/concat-stream Completed in 342ms
87 timing reifyNode:node_modules/buffer-from Completed in 342ms
88 timing reifyNode:node_modules/buffer-crc32 Completed in 342ms
89 timing reifyNode:node_modules/node-red-contrib-alarm/node_modules/ms Completed in 346ms
90 timing reifyNode:node_modules/tunnel-agent Completed in 346ms
91 timing reifyNode:node_modules/pend Completed in 346ms
92 timing reifyNode:node_modules/is-typedarray Completed in 348ms
93 timing reifyNode:node_modules/forever-agent Completed in 349ms
94 timing reifyNode:node_modules/aws-sign2 Completed in 349ms
95 timing reifyNode:node_modules/assert-plus Completed in 349ms
96 timing reifyNode:node_modules/caseless Completed in 350ms
97 timing reifyNode:node_modules/util-deprecate Completed in 353ms
98 timing reifyNode:node_modules/graceful-fs Completed in 359ms
99 timing reifyNode:node_modules/extract-zip Completed in 359ms
100 timing reifyNode:node_modules/core-util-is Completed in 359ms
101 timing reifyNode:node_modules/yauzl Completed in 364ms
102 timing reifyNode:node_modules/jsonfile Completed in 364ms
103 timing reifyNode:node_modules/isarray Completed in 364ms
104 timing reifyNode:node_modules/combined-stream Completed in 365ms
105 timing reifyNode:node_modules/bcrypt-pbkdf Completed in 365ms
106 timing reifyNode:node_modules/which Completed in 369ms
107 timing reifyNode:node_modules/throttleit Completed in 368ms
108 timing reifyNode:node_modules/string_decoder Completed in 368ms
109 timing reifyNode:node_modules/punycode Completed in 369ms
110 timing reifyNode:node_modules/mkdirp Completed in 368ms
111 warn deprecated har-validator@5.1.5: this library is no longer supported
112 timing reifyNode:node_modules/har-validator Completed in 370ms
113 timing reifyNode:node_modules/getpass Completed in 370ms
114 timing reifyNode:node_modules/delayed-stream Completed in 370ms
115 timing reifyNode:node_modules/safer-buffer Completed in 373ms
116 timing reifyNode:node_modules/klaw Completed in 373ms
117 timing reifyNode:node_modules/json-schema Completed in 373ms
118 timing reifyNode:node_modules/isstream Completed in 373ms
119 timing reifyNode:node_modules/extend Completed in 373ms
120 timing reifyNode:node_modules/jsbn Completed in 376ms
121 timing reifyNode:node_modules/verror/node_modules/core-util-is Completed in 379ms
122 timing reifyNode:node_modules/node-red-contrib-alarm/node_modules/debug Completed in 380ms
123 timing reifyNode:node_modules/progress Completed in 380ms
124 timing reifyNode:node_modules/jsprim Completed in 381ms
125 timing reifyNode:node_modules/isexe Completed in 381ms
126 timing reifyNode:node_modules/aws4 Completed in 381ms
127 timing reifyNode:node_modules/request-progress Completed in 384ms
128 timing reifyNode:node_modules/json-stringify-safe Completed in 387ms
129 timing reifyNode:node_modules/fd-slicer Completed in 387ms
130 timing reifyNode:node_modules/extsprintf Completed in 387ms
131 timing reifyNode:node_modules/ecc-jsbn Completed in 387ms
132 timing reifyNode:node_modules/fast-deep-equal Completed in 394ms
133 timing reifyNode:node_modules/json-schema-traverse Completed in 398ms
134 timing reifyNode:node_modules/verror Completed in 404ms
135 timing reifyNode:node_modules/typedarray Completed in 403ms
136 timing reifyNode:node_modules/tough-cookie Completed in 403ms
137 timing reifyNode:node_modules/dashdash Completed in 403ms
138 timing reifyNode:node_modules/asn1 Completed in 403ms
139 timing reifyNode:node_modules/form-data Completed in 407ms
140 timing reifyNode:node_modules/http-signature Completed in 409ms
141 timing reifyNode:node_modules/kew Completed in 411ms
142 timing reifyNode:node_modules/asynckit Completed in 411ms
143 timing reifyNode:node_modules/tweetnacl Completed in 416ms
144 warn deprecated uuid@3.4.0: Please upgrade  to version 7 or higher.  Older versions may use Math.random() in certain circumstances, which is known to be problematic.  See https://v8.dev/blog/math-random for details.
145 timing reifyNode:node_modules/uuid Completed in 421ms
146 timing reifyNode:node_modules/har-schema Completed in 422ms
147 timing reifyNode:node_modules/performance-now Completed in 424ms
148 warn deprecated phantomjs-prebuilt@2.1.16: this package is now deprecated
149 timing reifyNode:node_modules/phantomjs-prebuilt Completed in 427ms
150 timing reifyNode:node_modules/fast-json-stable-stringify Completed in 426ms
151 warn deprecated request@2.88.2: request has been deprecated, see https://github.com/request/request/issues/3142
152 timing reifyNode:node_modules/request Completed in 436ms
153 timing reifyNode:node_modules/minimist Completed in 437ms
154 timing reifyNode:node_modules/qs Completed in 443ms
155 timing reifyNode:node_modules/psl Completed in 444ms
156 timing reifyNode:node_modules/readable-stream Completed in 447ms
157 timing reifyNode:node_modules/es6-promise Completed in 457ms
158 timing reifyNode:node_modules/sshpk Completed in 470ms
159 timing reifyNode:node_modules/fs-extra Completed in 478ms
160 timing reifyNode:node_modules/uri-js Completed in 489ms
161 timing reifyNode:node_modules/ajv Completed in 539ms
162 http fetch GET 200 https://registry.npmjs.org/async/-/async-2.6.4.tgz 505ms (cache miss)
163 timing reifyNode:node_modules/async Completed in 560ms
164 http fetch GET 200 https://registry.npmjs.org/lodash/-/lodash-4.17.21.tgz 698ms (cache miss)
165 timing reifyNode:node_modules/lodash Completed in 751ms
166 http fetch GET 200 https://registry.npmjs.org/filtrex/-/filtrex-3.0.0.tgz 1236ms (cache miss)
167 timing reifyNode:node_modules/filtrex Completed in 1298ms
168 http fetch GET 200 https://registry.npmjs.org/node-red-contrib-alarm/-/node-red-contrib-alarm-1.4.0.tgz 1999ms (cache miss)
169 timing reifyNode:node_modules/node-red-contrib-alarm Completed in 2284ms
170 timing reify:unpack Completed in 2286ms
171 timing reify:unretire Completed in 0ms
172 timing build:queue Completed in 9ms
173 timing build:link:node_modules/mkdirp Completed in 4ms
174 timing build:link:node_modules/extract-zip Completed in 4ms
175 timing build:link:node_modules/phantomjs-prebuilt Completed in 4ms
176 timing build:link:node_modules/sshpk Completed in 3ms
177 timing build:link:node_modules/uuid Completed in 3ms
178 timing build:link:node_modules/which Completed in 3ms
179 timing build:link Completed in 6ms
180 info run phantomjs-prebuilt@2.1.16 install node_modules/phantomjs-prebuilt node install.js
181 info run phantomjs-prebuilt@2.1.16 install { code: 1, signal: null }
182 verbose reify failed optional dependency /data/node_modules/phantomjs-prebuilt
183 silly reify mark deleted [
183 silly reify   '/data/node_modules/phantomjs-prebuilt',
183 silly reify   '/data/node_modules/.bin/phantomjs'
183 silly reify ]
184 verbose reify failed optional dependency /data/node_modules/es6-promise
185 silly reify mark deleted [ '/data/node_modules/es6-promise' ]
186 verbose reify failed optional dependency /data/node_modules/extract-zip
187 silly reify mark deleted [
187 silly reify   '/data/node_modules/extract-zip',
187 silly reify   '/data/node_modules/.bin/extract-zip'
187 silly reify ]
188 verbose reify failed optional dependency /data/node_modules/fs-extra
189 silly reify mark deleted [ '/data/node_modules/fs-extra' ]
190 verbose reify failed optional dependency /data/node_modules/hasha
191 silly reify mark deleted [ '/data/node_modules/hasha' ]
192 verbose reify failed optional dependency /data/node_modules/kew
193 silly reify mark deleted [ '/data/node_modules/kew' ]
194 verbose reify failed optional dependency /data/node_modules/progress
195 silly reify mark deleted [ '/data/node_modules/progress' ]
196 verbose reify failed optional dependency /data/node_modules/request
197 silly reify mark deleted [ '/data/node_modules/request' ]
198 verbose reify failed optional dependency /data/node_modules/request-progress
199 silly reify mark deleted [ '/data/node_modules/request-progress' ]
200 verbose reify failed optional dependency /data/node_modules/which
201 silly reify mark deleted [ '/data/node_modules/which', '/data/node_modules/.bin/which' ]
202 verbose reify failed optional dependency /data/node_modules/concat-stream
203 silly reify mark deleted [ '/data/node_modules/concat-stream' ]
204 verbose reify failed optional dependency /data/node_modules/mkdirp
205 silly reify mark deleted [ '/data/node_modules/mkdirp', '/data/node_modules/.bin/mkdirp' ]
206 verbose reify failed optional dependency /data/node_modules/yauzl
207 silly reify mark deleted [ '/data/node_modules/yauzl' ]
208 verbose reify failed optional dependency /data/node_modules/graceful-fs
209 silly reify mark deleted [ '/data/node_modules/graceful-fs' ]
210 verbose reify failed optional dependency /data/node_modules/jsonfile
211 silly reify mark deleted [ '/data/node_modules/jsonfile' ]
212 verbose reify failed optional dependency /data/node_modules/klaw
213 silly reify mark deleted [ '/data/node_modules/klaw' ]
214 verbose reify failed optional dependency /data/node_modules/is-stream
215 silly reify mark deleted [ '/data/node_modules/is-stream' ]
216 verbose reify failed optional dependency /data/node_modules/pinkie-promise
217 silly reify mark deleted [ '/data/node_modules/pinkie-promise' ]
218 verbose reify failed optional dependency /data/node_modules/aws-sign2
219 silly reify mark deleted [ '/data/node_modules/aws-sign2' ]
220 verbose reify failed optional dependency /data/node_modules/aws4
221 silly reify mark deleted [ '/data/node_modules/aws4' ]
222 verbose reify failed optional dependency /data/node_modules/caseless
223 silly reify mark deleted [ '/data/node_modules/caseless' ]
224 verbose reify failed optional dependency /data/node_modules/combined-stream
225 silly reify mark deleted [ '/data/node_modules/combined-stream' ]
226 verbose reify failed optional dependency /data/node_modules/extend
227 silly reify mark deleted [ '/data/node_modules/extend' ]
228 verbose reify failed optional dependency /data/node_modules/forever-agent
229 silly reify mark deleted [ '/data/node_modules/forever-agent' ]
230 verbose reify failed optional dependency /data/node_modules/form-data
231 silly reify mark deleted [ '/data/node_modules/form-data' ]
232 verbose reify failed optional dependency /data/node_modules/har-validator
233 silly reify mark deleted [ '/data/node_modules/har-validator' ]
234 verbose reify failed optional dependency /data/node_modules/http-signature
235 silly reify mark deleted [ '/data/node_modules/http-signature' ]
236 verbose reify failed optional dependency /data/node_modules/is-typedarray
237 silly reify mark deleted [ '/data/node_modules/is-typedarray' ]
238 verbose reify failed optional dependency /data/node_modules/isstream
239 silly reify mark deleted [ '/data/node_modules/isstream' ]
240 verbose reify failed optional dependency /data/node_modules/json-stringify-safe
241 silly reify mark deleted [ '/data/node_modules/json-stringify-safe' ]
242 verbose reify failed optional dependency /data/node_modules/oauth-sign
243 silly reify mark deleted [ '/data/node_modules/oauth-sign' ]
244 verbose reify failed optional dependency /data/node_modules/performance-now
245 silly reify mark deleted [ '/data/node_modules/performance-now' ]
246 verbose reify failed optional dependency /data/node_modules/qs
247 silly reify mark deleted [ '/data/node_modules/qs' ]
248 verbose reify failed optional dependency /data/node_modules/tough-cookie
249 silly reify mark deleted [ '/data/node_modules/tough-cookie' ]
250 verbose reify failed optional dependency /data/node_modules/tunnel-agent
251 silly reify mark deleted [ '/data/node_modules/tunnel-agent' ]
252 verbose reify failed optional dependency /data/node_modules/uuid
253 silly reify mark deleted [ '/data/node_modules/uuid', '/data/node_modules/.bin/uuid' ]
254 verbose reify failed optional dependency /data/node_modules/throttleit
255 silly reify mark deleted [ '/data/node_modules/throttleit' ]
256 verbose reify failed optional dependency /data/node_modules/isexe
257 silly reify mark deleted [ '/data/node_modules/isexe' ]
258 verbose reify failed optional dependency /data/node_modules/buffer-from
259 silly reify mark deleted [ '/data/node_modules/buffer-from' ]
260 verbose reify failed optional dependency /data/node_modules/readable-stream
261 silly reify mark deleted [ '/data/node_modules/readable-stream' ]
262 verbose reify failed optional dependency /data/node_modules/typedarray
263 silly reify mark deleted [ '/data/node_modules/typedarray' ]
264 verbose reify failed optional dependency /data/node_modules/minimist
265 silly reify mark deleted [ '/data/node_modules/minimist' ]
266 verbose reify failed optional dependency /data/node_modules/buffer-crc32
267 silly reify mark deleted [ '/data/node_modules/buffer-crc32' ]
268 verbose reify failed optional dependency /data/node_modules/fd-slicer
269 silly reify mark deleted [ '/data/node_modules/fd-slicer' ]
270 verbose reify failed optional dependency /data/node_modules/pinkie
271 silly reify mark deleted [ '/data/node_modules/pinkie' ]
272 verbose reify failed optional dependency /data/node_modules/delayed-stream
273 silly reify mark deleted [ '/data/node_modules/delayed-stream' ]
274 verbose reify failed optional dependency /data/node_modules/asynckit
275 silly reify mark deleted [ '/data/node_modules/asynckit' ]
276 verbose reify failed optional dependency /data/node_modules/ajv
277 silly reify mark deleted [ '/data/node_modules/ajv' ]
278 verbose reify failed optional dependency /data/node_modules/har-schema
279 silly reify mark deleted [ '/data/node_modules/har-schema' ]
280 verbose reify failed optional dependency /data/node_modules/assert-plus
281 silly reify mark deleted [ '/data/node_modules/assert-plus' ]
282 verbose reify failed optional dependency /data/node_modules/jsprim
283 silly reify mark deleted [ '/data/node_modules/jsprim' ]
284 verbose reify failed optional dependency /data/node_modules/sshpk
285 silly reify mark deleted [
285 silly reify   '/data/node_modules/sshpk',
285 silly reify   '/data/node_modules/.bin/sshpk-conv',
285 silly reify   '/data/node_modules/.bin/sshpk-sign',
285 silly reify   '/data/node_modules/.bin/sshpk-verify'
285 silly reify ]
286 verbose reify failed optional dependency /data/node_modules/psl
287 silly reify mark deleted [ '/data/node_modules/psl' ]
288 verbose reify failed optional dependency /data/node_modules/punycode
289 silly reify mark deleted [ '/data/node_modules/punycode' ]
290 verbose reify failed optional dependency /data/node_modules/core-util-is
291 silly reify mark deleted [ '/data/node_modules/core-util-is' ]
292 verbose reify failed optional dependency /data/node_modules/isarray
293 silly reify mark deleted [ '/data/node_modules/isarray' ]
294 verbose reify failed optional dependency /data/node_modules/process-nextick-args
295 silly reify mark deleted [ '/data/node_modules/process-nextick-args' ]
296 verbose reify failed optional dependency /data/node_modules/string_decoder
297 silly reify mark deleted [ '/data/node_modules/string_decoder' ]
298 verbose reify failed optional dependency /data/node_modules/util-deprecate
299 silly reify mark deleted [ '/data/node_modules/util-deprecate' ]
300 verbose reify failed optional dependency /data/node_modules/pend
301 silly reify mark deleted [ '/data/node_modules/pend' ]
302 verbose reify failed optional dependency /data/node_modules/fast-deep-equal
303 silly reify mark deleted [ '/data/node_modules/fast-deep-equal' ]
304 verbose reify failed optional dependency /data/node_modules/fast-json-stable-stringify
305 silly reify mark deleted [ '/data/node_modules/fast-json-stable-stringify' ]
306 verbose reify failed optional dependency /data/node_modules/json-schema-traverse
307 silly reify mark deleted [ '/data/node_modules/json-schema-traverse' ]
308 verbose reify failed optional dependency /data/node_modules/uri-js
309 silly reify mark deleted [ '/data/node_modules/uri-js' ]
310 verbose reify failed optional dependency /data/node_modules/extsprintf
311 silly reify mark deleted [ '/data/node_modules/extsprintf' ]
312 verbose reify failed optional dependency /data/node_modules/json-schema
313 silly reify mark deleted [ '/data/node_modules/json-schema' ]
314 verbose reify failed optional dependency /data/node_modules/verror
315 silly reify mark deleted [ '/data/node_modules/verror' ]
316 verbose reify failed optional dependency /data/node_modules/asn1
317 silly reify mark deleted [ '/data/node_modules/asn1' ]
318 verbose reify failed optional dependency /data/node_modules/bcrypt-pbkdf
319 silly reify mark deleted [ '/data/node_modules/bcrypt-pbkdf' ]
320 verbose reify failed optional dependency /data/node_modules/dashdash
321 silly reify mark deleted [ '/data/node_modules/dashdash' ]
322 verbose reify failed optional dependency /data/node_modules/ecc-jsbn
323 silly reify mark deleted [ '/data/node_modules/ecc-jsbn' ]
324 verbose reify failed optional dependency /data/node_modules/getpass
325 silly reify mark deleted [ '/data/node_modules/getpass' ]
326 verbose reify failed optional dependency /data/node_modules/jsbn
327 silly reify mark deleted [ '/data/node_modules/jsbn' ]
328 verbose reify failed optional dependency /data/node_modules/safer-buffer
329 silly reify mark deleted [ '/data/node_modules/safer-buffer' ]
330 verbose reify failed optional dependency /data/node_modules/tweetnacl
331 silly reify mark deleted [ '/data/node_modules/tweetnacl' ]
332 verbose reify failed optional dependency /data/node_modules/verror/node_modules/core-util-is
333 silly reify mark deleted [ '/data/node_modules/verror/node_modules/core-util-is' ]
334 timing build:run:install:node_modules/phantomjs-prebuilt Completed in 296ms
335 timing build:run:install Completed in 297ms
336 timing build:deps Completed in 312ms
337 timing build Completed in 312ms
338 timing reify:build Completed in 313ms
339 timing reify:trash Completed in 159ms
340 timing reify:save Completed in 52ms
341 timing reify Completed in 5109ms
342 silly ADD node_modules/lodash
343 silly ADD node_modules/filtrex
344 silly ADD node_modules/async
345 silly ADD node_modules/node-red-contrib-alarm
346 silly ADD node_modules/node-red-contrib-alarm/node_modules/ms
347 silly ADD node_modules/node-red-contrib-alarm/node_modules/debug
348 silly ADD
349 silly ADD
350 silly ADD
351 silly ADD node_modules/core-util-is
352 silly ADD
353 silly ADD
354 silly ADD
355 silly ADD
356 silly ADD
357 silly ADD
358 silly ADD
359 silly ADD
360 silly ADD
361 silly ADD
362 silly ADD
363 silly ADD
364 silly ADD
365 silly ADD
366 silly ADD
367 silly ADD
368 silly ADD
369 silly ADD
370 silly ADD
371 silly ADD
372 silly ADD
373 silly ADD
374 silly ADD
375 silly ADD
376 silly ADD
377 silly ADD
378 silly ADD
379 silly ADD
380 silly ADD
381 silly ADD
382 silly ADD
383 silly ADD
384 silly ADD
385 silly ADD
386 silly ADD
387 silly ADD
388 silly ADD
389 silly ADD
390 silly ADD
391 silly ADD
392 silly ADD
393 silly ADD
394 silly ADD
395 silly ADD
396 silly ADD
397 silly ADD
398 silly ADD
399 silly ADD
400 silly ADD
401 silly ADD
402 silly ADD
403 silly ADD
404 silly ADD
405 silly ADD
406 silly ADD
407 silly ADD
408 silly ADD
409 silly ADD
410 silly ADD
411 silly ADD
412 silly ADD
413 silly ADD
414 silly ADD
415 silly ADD
416 silly ADD
417 silly ADD
418 silly ADD
419 silly ADD
420 silly ADD
421 silly ADD
422 silly ADD
423 silly ADD
424 timing command:install Completed in 5117ms
425 verbose exit 0
426 timing npm Completed in 5342ms
427 info ok
