0 verbose cli /usr/local/bin/node /usr/local/bin/npm
1 info using npm@8.11.0
2 info using node@v16.16.0
3 timing npm:load:whichnode Completed in 1ms
4 timing config:load:defaults Completed in 3ms
5 timing config:load:file:/usr/local/lib/node_modules/npm/npmrc Completed in 1ms
6 timing config:load:builtin Completed in 2ms
7 warn config production Use `--omit=dev` instead.
8 timing config:load:cli Completed in 5ms
9 timing config:load:env Completed in 0ms
10 timing config:load:file:/data/.npmrc Completed in 0ms
11 timing config:load:project Completed in 3ms
12 timing config:load:file:/root/.npmrc Completed in 1ms
13 timing config:load:user Completed in 1ms
14 timing config:load:file:/usr/local/etc/npmrc Completed in 7ms
15 timing config:load:global Completed in 8ms
16 timing config:load:validate Completed in 0ms
17 timing config:load:credentials Completed in 1ms
18 timing config:load:setEnvs Completed in 1ms
19 timing config:load Completed in 26ms
20 timing npm:load:configload Completed in 26ms
21 timing npm:load:mkdirpcache Completed in 1ms
22 timing npm:load:mkdirplogs Completed in 0ms
23 verbose title npm install node-red-contrib-pdf@0.1.0
24 verbose argv "install" "--no-audit" "--no-update-notifier" "--no-fund" "--save" "--save-prefix" "~" "--production" "--engine-strict" "node-red-contrib-pdf@0.1.0"
25 timing npm:load:setTitle Completed in 2ms
26 timing config:load:flatten Completed in 5ms
27 timing npm:load:display Completed in 8ms
28 verbose logfile logs-max:10 dir:/data/.npm/_logs
29 verbose logfile /data/.npm/_logs/2023-05-09T14_57_54_725Z-debug-0.log
30 timing npm:load:logFile Completed in 9ms
31 timing npm:load:timers Completed in 0ms
32 timing npm:load:configScope Completed in 0ms
33 timing npm:load Completed in 48ms
34 timing arborist:ctor Completed in 1ms
35 silly logfile start cleaning logs, removing 1 files
36 silly logfile done cleaning log files
37 timing idealTree:init Completed in 110ms
38 timing idealTree:userRequests Completed in 3ms
39 silly idealTree buildDeps
40 silly fetch manifest node-red-contrib-pdf@0.1.0
41 timing arborist:ctor Completed in 0ms
42 http fetch GET 200 https://registry.npmjs.org/node-red-contrib-pdf 1021ms (cache miss)
43 silly placeDep ROOT node-red-contrib-pdf@0.1.0 OK for: node-red-project@0.0.1 want: 0.1.0
44 silly fetch manifest html-pdf@2.0.1
45 http fetch GET 200 https://registry.npmjs.org/html-pdf 265ms (cache miss)
46 timing idealTree:#root Completed in 1298ms
47 silly placeDep ROOT html-pdf@2.0.1 OK for: node-red-contrib-pdf@0.1.0 want: 2.0.1
48 silly fetch manifest phantomjs-prebuilt@^2.1.4
49 http fetch GET 200 https://registry.npmjs.org/phantomjs-prebuilt 911ms (cache miss)
50 timing idealTree:node_modules/node-red-contrib-pdf Completed in 914ms
51 silly placeDep ROOT phantomjs-prebuilt@2.1.16 OK for: html-pdf@2.0.1 want: ^2.1.4
52 silly fetch manifest es6-promise@^4.0.3
53 silly fetch manifest extract-zip@^1.6.5
54 silly fetch manifest fs-extra@^1.0.0
55 silly fetch manifest hasha@^2.2.0
56 silly fetch manifest kew@^0.7.0
57 silly fetch manifest progress@^1.1.8
58 silly fetch manifest request@^2.81.0
59 silly fetch manifest request-progress@^2.0.1
60 silly fetch manifest which@^1.2.10
61 http fetch GET 200 https://registry.npmjs.org/es6-promise 51ms (cache miss)
62 http fetch GET 200 https://registry.npmjs.org/request-progress 80ms (cache miss)
63 http fetch GET 200 https://registry.npmjs.org/extract-zip 90ms (cache miss)
64 http fetch GET 200 https://registry.npmjs.org/progress 89ms (cache miss)
65 http fetch GET 200 https://registry.npmjs.org/kew 95ms (cache miss)
66 http fetch GET 200 https://registry.npmjs.org/which 94ms (cache miss)
67 http fetch GET 200 https://registry.npmjs.org/fs-extra 101ms (cache miss)
68 http fetch GET 200 https://registry.npmjs.org/request 305ms (cache revalidated)
69 http fetch GET 200 https://registry.npmjs.org/hasha 948ms (cache miss)
70 timing idealTree:node_modules/html-pdf Completed in 954ms
71 silly placeDep ROOT es6-promise@4.2.8 OK for: phantomjs-prebuilt@2.1.16 want: ^4.0.3
72 silly placeDep ROOT extract-zip@1.7.0 OK for: phantomjs-prebuilt@2.1.16 want: ^1.6.5
73 silly placeDep ROOT fs-extra@1.0.0 OK for: phantomjs-prebuilt@2.1.16 want: ^1.0.0
74 silly placeDep ROOT hasha@2.2.0 OK for: phantomjs-prebuilt@2.1.16 want: ^2.2.0
75 silly placeDep ROOT kew@0.7.0 OK for: phantomjs-prebuilt@2.1.16 want: ^0.7.0
76 silly placeDep ROOT progress@1.1.8 OK for: phantomjs-prebuilt@2.1.16 want: ^1.1.8
77 silly placeDep ROOT request@2.88.2 OK for: phantomjs-prebuilt@2.1.16 want: ^2.81.0
78 silly placeDep ROOT request-progress@2.0.1 OK for: phantomjs-prebuilt@2.1.16 want: ^2.0.1
79 silly placeDep ROOT which@1.3.1 OK for: phantomjs-prebuilt@2.1.16 want: ^1.2.10
80 silly fetch manifest concat-stream@^1.6.2
81 silly fetch manifest mkdirp@^0.5.4
82 silly fetch manifest yauzl@^2.10.0
83 silly fetch manifest graceful-fs@^4.1.2
84 silly fetch manifest jsonfile@^2.1.0
85 silly fetch manifest klaw@^1.0.0
86 silly fetch manifest is-stream@^1.0.1
87 silly fetch manifest pinkie-promise@^2.0.0
88 silly fetch manifest aws-sign2@~0.7.0
89 silly fetch manifest aws4@^1.8.0
90 silly fetch manifest caseless@~0.12.0
91 silly fetch manifest combined-stream@~1.0.6
92 silly fetch manifest extend@~3.0.2
93 silly fetch manifest forever-agent@~0.6.1
94 silly fetch manifest form-data@~2.3.2
95 silly fetch manifest har-validator@~5.1.3
96 silly fetch manifest http-signature@~1.2.0
97 silly fetch manifest is-typedarray@~1.0.0
98 silly fetch manifest isstream@~0.1.2
99 silly fetch manifest json-stringify-safe@~5.0.1
100 silly fetch manifest oauth-sign@~0.9.0
101 silly fetch manifest performance-now@^2.1.0
102 silly fetch manifest qs@~6.5.2
103 silly fetch manifest tough-cookie@~2.5.0
104 silly fetch manifest tunnel-agent@^0.6.0
105 silly fetch manifest uuid@^3.3.2
106 silly fetch manifest throttleit@^1.0.0
107 silly fetch manifest isexe@^2.0.0
108 http fetch GET 200 https://registry.npmjs.org/caseless 148ms (cache revalidated)
109 http fetch GET 200 https://registry.npmjs.org/isstream 142ms (cache revalidated)
110 http fetch GET 200 https://registry.npmjs.org/is-typedarray 143ms (cache revalidated)
111 http fetch GET 200 https://registry.npmjs.org/http-signature 145ms (cache revalidated)
112 http fetch GET 200 https://registry.npmjs.org/form-data 147ms (cache revalidated)
113 http fetch GET 200 https://registry.npmjs.org/pinkie-promise 157ms (cache miss)
114 http fetch GET 200 https://registry.npmjs.org/combined-stream 154ms (cache revalidated)
115 http fetch GET 200 https://registry.npmjs.org/extend 153ms (cache revalidated)
116 http fetch GET 200 https://registry.npmjs.org/aws-sign2 161ms (cache revalidated)
117 http fetch GET 200 https://registry.npmjs.org/aws4 161ms (cache revalidated)
118 http fetch GET 200 https://registry.npmjs.org/json-stringify-safe 153ms (cache revalidated)
119 http fetch GET 200 https://registry.npmjs.org/har-validator 166ms (cache revalidated)
120 http fetch GET 200 https://registry.npmjs.org/is-stream 176ms (cache miss)
121 http fetch GET 200 https://registry.npmjs.org/throttleit 158ms (cache miss)
122 http fetch GET 200 https://registry.npmjs.org/forever-agent 172ms (cache revalidated)
123 http fetch GET 200 https://registry.npmjs.org/uuid 161ms (cache revalidated)
124 http fetch GET 200 https://registry.npmjs.org/yauzl 188ms (cache miss)
125 http fetch GET 200 https://registry.npmjs.org/isexe 167ms (cache miss)
126 http fetch GET 200 https://registry.npmjs.org/performance-now 174ms (cache revalidated)
127 http fetch GET 200 https://registry.npmjs.org/oauth-sign 177ms (cache revalidated)
128 http fetch GET 200 https://registry.npmjs.org/tough-cookie 174ms (cache revalidated)
129 http fetch GET 200 https://registry.npmjs.org/tunnel-agent 173ms (cache revalidated)
130 http fetch GET 200 https://registry.npmjs.org/jsonfile 192ms (cache miss)
131 http fetch GET 200 https://registry.npmjs.org/qs 178ms (cache revalidated)
132 http fetch GET 200 https://registry.npmjs.org/mkdirp 197ms (cache miss)
133 http fetch GET 200 https://registry.npmjs.org/klaw 196ms (cache miss)
134 http fetch GET 200 https://registry.npmjs.org/concat-stream 202ms (cache miss)
135 http fetch GET 200 https://registry.npmjs.org/graceful-fs 201ms (cache miss)
136 timing idealTree:node_modules/phantomjs-prebuilt Completed in 222ms
137 timing idealTree:node_modules/es6-promise Completed in 0ms
138 silly placeDep ROOT concat-stream@1.6.2 OK for: extract-zip@1.7.0 want: ^1.6.2
139 silly placeDep ROOT mkdirp@0.5.6 OK for: extract-zip@1.7.0 want: ^0.5.4
140 silly placeDep ROOT yauzl@2.10.0 OK for: extract-zip@1.7.0 want: ^2.10.0
141 silly fetch manifest buffer-from@^1.0.0
142 silly fetch manifest readable-stream@^2.2.2
143 silly fetch manifest typedarray@^0.0.6
144 silly fetch manifest minimist@^1.2.6
145 silly fetch manifest fd-slicer@~1.1.0
146 silly fetch manifest buffer-crc32@~0.2.3
147 http fetch GET 200 https://registry.npmjs.org/typedarray 46ms (cache miss)
148 http fetch GET 200 https://registry.npmjs.org/buffer-from 49ms (cache miss)
149 http fetch GET 200 https://registry.npmjs.org/fd-slicer 46ms (cache miss)
150 http fetch GET 200 https://registry.npmjs.org/minimist 53ms (cache miss)
151 http fetch GET 200 https://registry.npmjs.org/buffer-crc32 53ms (cache miss)
152 http fetch GET 200 https://registry.npmjs.org/readable-stream 59ms (cache miss)
153 timing idealTree:node_modules/extract-zip Completed in 68ms
154 silly placeDep ROOT buffer-from@1.1.2 OK for: concat-stream@1.6.2 want: ^1.0.0
155 silly placeDep ROOT readable-stream@2.3.8 OK for: concat-stream@1.6.2 want: ^2.2.2
156 silly placeDep ROOT typedarray@0.0.6 OK for: concat-stream@1.6.2 want: ^0.0.6
157 silly fetch manifest core-util-is@~1.0.0
158 silly fetch manifest isarray@~1.0.0
159 silly fetch manifest process-nextick-args@~2.0.0
160 silly fetch manifest string_decoder@~1.1.1
161 silly fetch manifest util-deprecate@~1.0.1
162 http fetch GET 200 https://registry.npmjs.org/core-util-is 35ms (cache revalidated)
163 http fetch GET 200 https://registry.npmjs.org/process-nextick-args 37ms (cache miss)
164 http fetch GET 200 https://registry.npmjs.org/isarray 39ms (cache miss)
165 http fetch GET 200 https://registry.npmjs.org/string_decoder 38ms (cache miss)
166 http fetch GET 200 https://registry.npmjs.org/util-deprecate 38ms (cache miss)
167 timing idealTree:node_modules/concat-stream Completed in 48ms
168 timing idealTree:node_modules/buffer-from Completed in 0ms
169 silly placeDep ROOT graceful-fs@4.2.11 OK for: fs-extra@1.0.0 want: ^4.1.2
170 silly placeDep ROOT jsonfile@2.4.0 OK for: fs-extra@1.0.0 want: ^2.1.0
171 silly placeDep ROOT klaw@1.3.1 OK for: fs-extra@1.0.0 want: ^1.0.0
172 timing idealTree:node_modules/fs-extra Completed in 5ms
173 timing idealTree:node_modules/graceful-fs Completed in 0ms
174 silly placeDep ROOT is-stream@1.1.0 OK for: hasha@2.2.0 want: ^1.0.1
175 silly placeDep ROOT pinkie-promise@2.0.1 OK for: hasha@2.2.0 want: ^2.0.0
176 silly fetch manifest pinkie@^2.0.0
177 http fetch GET 200 https://registry.npmjs.org/pinkie 26ms (cache miss)
178 timing idealTree:node_modules/hasha Completed in 30ms
179 timing idealTree:node_modules/is-stream Completed in 0ms
180 timing idealTree:node_modules/jsonfile Completed in 0ms
181 timing idealTree:node_modules/kew Completed in 0ms
182 timing idealTree:node_modules/klaw Completed in 0ms
183 silly placeDep ROOT minimist@1.2.8 OK for: mkdirp@0.5.6 want: ^1.2.6
184 timing idealTree:node_modules/mkdirp Completed in 1ms
185 timing idealTree:node_modules/minimist Completed in 0ms
186 silly placeDep ROOT pinkie@2.0.4 OK for: pinkie-promise@2.0.1 want: ^2.0.0
187 timing idealTree:node_modules/pinkie-promise Completed in 1ms
188 timing idealTree:node_modules/pinkie Completed in 0ms
189 timing idealTree:node_modules/progress Completed in 0ms
190 silly placeDep ROOT core-util-is@1.0.3 OK for: readable-stream@2.3.8 want: ~1.0.0
191 silly placeDep ROOT isarray@1.0.0 OK for: readable-stream@2.3.8 want: ~1.0.0
192 silly placeDep ROOT process-nextick-args@2.0.1 OK for: readable-stream@2.3.8 want: ~2.0.0
193 silly placeDep ROOT string_decoder@1.1.1 OK for: readable-stream@2.3.8 want: ~1.1.1
194 silly placeDep ROOT util-deprecate@1.0.2 OK for: readable-stream@2.3.8 want: ~1.0.1
195 timing idealTree:node_modules/readable-stream Completed in 5ms
196 timing idealTree:node_modules/core-util-is Completed in 0ms
197 timing idealTree:node_modules/isarray Completed in 0ms
198 timing idealTree:node_modules/process-nextick-args Completed in 0ms
199 silly placeDep ROOT aws-sign2@0.7.0 OK for: request@2.88.2 want: ~0.7.0
200 silly placeDep ROOT aws4@1.12.0 OK for: request@2.88.2 want: ^1.8.0
201 silly placeDep ROOT caseless@0.12.0 OK for: request@2.88.2 want: ~0.12.0
202 silly placeDep ROOT combined-stream@1.0.8 OK for: request@2.88.2 want: ~1.0.6
203 silly placeDep ROOT extend@3.0.2 OK for: request@2.88.2 want: ~3.0.2
204 silly placeDep ROOT forever-agent@0.6.1 OK for: request@2.88.2 want: ~0.6.1
205 silly placeDep ROOT form-data@2.3.3 OK for: request@2.88.2 want: ~2.3.2
206 silly placeDep ROOT har-validator@5.1.5 OK for: request@2.88.2 want: ~5.1.3
207 silly placeDep ROOT http-signature@1.2.0 OK for: request@2.88.2 want: ~1.2.0
208 silly placeDep ROOT is-typedarray@1.0.0 OK for: request@2.88.2 want: ~1.0.0
209 silly placeDep ROOT isstream@0.1.2 OK for: request@2.88.2 want: ~0.1.2
210 silly placeDep ROOT json-stringify-safe@5.0.1 OK for: request@2.88.2 want: ~5.0.1
211 silly placeDep ROOT oauth-sign@0.9.0 OK for: request@2.88.2 want: ~0.9.0
212 silly placeDep ROOT performance-now@2.1.0 OK for: request@2.88.2 want: ^2.1.0
213 silly placeDep ROOT qs@6.5.3 OK for: request@2.88.2 want: ~6.5.2
214 silly placeDep ROOT tough-cookie@2.5.0 OK for: request@2.88.2 want: ~2.5.0
215 silly placeDep ROOT tunnel-agent@0.6.0 OK for: request@2.88.2 want: ^0.6.0
216 silly placeDep ROOT uuid@3.4.0 OK for: request@2.88.2 want: ^3.3.2
217 silly fetch manifest delayed-stream@~1.0.0
218 silly fetch manifest asynckit@^0.4.0
219 silly fetch manifest ajv@^6.12.3
220 silly fetch manifest har-schema@^2.0.0
221 silly fetch manifest assert-plus@^1.0.0
222 silly fetch manifest jsprim@^1.2.2
223 silly fetch manifest sshpk@^1.7.0
224 silly fetch manifest psl@^1.1.28
225 silly fetch manifest punycode@^2.1.1
226 http fetch GET 200 https://registry.npmjs.org/assert-plus 34ms (cache revalidated)
227 http fetch GET 200 https://registry.npmjs.org/jsprim 41ms (cache revalidated)
228 http fetch GET 200 https://registry.npmjs.org/punycode 40ms (cache revalidated)
229 http fetch GET 200 https://registry.npmjs.org/delayed-stream 53ms (cache revalidated)
230 http fetch GET 200 https://registry.npmjs.org/psl 47ms (cache miss)
231 http fetch GET 200 https://registry.npmjs.org/asynckit 53ms (cache revalidated)
232 http fetch GET 200 https://registry.npmjs.org/sshpk 50ms (cache revalidated)
233 http fetch GET 200 https://registry.npmjs.org/har-schema 54ms (cache revalidated)
234 http fetch GET 200 https://registry.npmjs.org/ajv 898ms (cache revalidated)
235 timing idealTree:node_modules/request Completed in 935ms
236 timing idealTree:node_modules/aws-sign2 Completed in 0ms
237 timing idealTree:node_modules/aws4 Completed in 0ms
238 timing idealTree:node_modules/caseless Completed in 0ms
239 silly placeDep ROOT delayed-stream@1.0.0 OK for: combined-stream@1.0.8 want: ~1.0.0
240 timing idealTree:node_modules/combined-stream Completed in 2ms
241 timing idealTree:node_modules/delayed-stream Completed in 0ms
242 timing idealTree:node_modules/extend Completed in 0ms
243 timing idealTree:node_modules/forever-agent Completed in 0ms
244 silly placeDep ROOT asynckit@0.4.0 OK for: form-data@2.3.3 want: ^0.4.0
245 timing idealTree:node_modules/form-data Completed in 1ms
246 timing idealTree:node_modules/asynckit Completed in 0ms
247 silly placeDep ROOT ajv@6.12.6 OK for: har-validator@5.1.5 want: ^6.12.3
248 silly placeDep ROOT har-schema@2.0.0 OK for: har-validator@5.1.5 want: ^2.0.0
249 silly fetch manifest fast-deep-equal@^3.1.1
250 silly fetch manifest fast-json-stable-stringify@^2.0.0
251 silly fetch manifest json-schema-traverse@^0.4.1
252 silly fetch manifest uri-js@^4.2.2
253 http fetch GET 200 https://registry.npmjs.org/uri-js 29ms (cache miss)
254 http fetch GET 200 https://registry.npmjs.org/fast-json-stable-stringify 33ms (cache revalidated)
255 http fetch GET 200 https://registry.npmjs.org/json-schema-traverse 33ms (cache revalidated)
256 http fetch GET 200 https://registry.npmjs.org/fast-deep-equal 41ms (cache revalidated)
257 timing idealTree:node_modules/har-validator Completed in 45ms
258 silly placeDep ROOT fast-deep-equal@3.1.3 OK for: ajv@6.12.6 want: ^3.1.1
259 silly placeDep ROOT fast-json-stable-stringify@2.1.0 OK for: ajv@6.12.6 want: ^2.0.0
260 silly placeDep ROOT json-schema-traverse@0.4.1 OK for: ajv@6.12.6 want: ^0.4.1
261 silly placeDep ROOT uri-js@4.4.1 OK for: ajv@6.12.6 want: ^4.2.2
262 silly fetch manifest punycode@^2.1.0
263 timing idealTree:node_modules/ajv Completed in 5ms
264 timing idealTree:node_modules/fast-deep-equal Completed in 0ms
265 timing idealTree:node_modules/fast-json-stable-stringify Completed in 0ms
266 timing idealTree:node_modules/har-schema Completed in 0ms
267 silly placeDep ROOT assert-plus@1.0.0 OK for: http-signature@1.2.0 want: ^1.0.0
268 silly placeDep ROOT jsprim@1.4.2 OK for: http-signature@1.2.0 want: ^1.2.2
269 silly placeDep ROOT sshpk@1.17.0 OK for: http-signature@1.2.0 want: ^1.7.0
270 silly fetch manifest extsprintf@1.3.0
271 silly fetch manifest json-schema@0.4.0
272 silly fetch manifest verror@1.10.0
273 silly fetch manifest asn1@~0.2.3
274 silly fetch manifest dashdash@^1.12.0
275 silly fetch manifest getpass@^0.1.1
276 silly fetch manifest jsbn@~0.1.0
277 silly fetch manifest tweetnacl@~0.14.0
278 silly fetch manifest ecc-jsbn@~0.1.1
279 silly fetch manifest bcrypt-pbkdf@^1.0.0
280 http fetch GET 200 https://registry.npmjs.org/verror 44ms (cache revalidated)
281 http fetch GET 200 https://registry.npmjs.org/extsprintf 54ms (cache revalidated)
282 http fetch GET 200 https://registry.npmjs.org/asn1 53ms (cache revalidated)
283 http fetch GET 200 https://registry.npmjs.org/ecc-jsbn 51ms (cache revalidated)
284 http fetch GET 200 https://registry.npmjs.org/dashdash 56ms (cache revalidated)
285 http fetch GET 200 https://registry.npmjs.org/bcrypt-pbkdf 54ms (cache revalidated)
286 http fetch GET 200 https://registry.npmjs.org/jsbn 56ms (cache revalidated)
287 http fetch GET 200 https://registry.npmjs.org/tweetnacl 56ms (cache revalidated)
288 http fetch GET 200 https://registry.npmjs.org/getpass 59ms (cache revalidated)
289 http fetch GET 200 https://registry.npmjs.org/json-schema 855ms (cache revalidated)
290 timing idealTree:node_modules/http-signature Completed in 862ms
291 timing idealTree:node_modules/assert-plus Completed in 0ms
292 timing idealTree:node_modules/is-typedarray Completed in 0ms
293 timing idealTree:node_modules/isstream Completed in 0ms
294 timing idealTree:node_modules/json-schema-traverse Completed in 0ms
295 timing idealTree:node_modules/json-stringify-safe Completed in 0ms
296 silly placeDep ROOT extsprintf@1.3.0 OK for: jsprim@1.4.2 want: 1.3.0
297 silly placeDep ROOT json-schema@0.4.0 OK for: jsprim@1.4.2 want: 0.4.0
298 silly placeDep ROOT verror@1.10.0 OK for: jsprim@1.4.2 want: 1.10.0
299 silly fetch manifest core-util-is@1.0.2
300 timing idealTree:node_modules/jsprim Completed in 4ms
301 timing idealTree:node_modules/extsprintf Completed in 0ms
302 timing idealTree:node_modules/json-schema Completed in 0ms
303 timing idealTree:node_modules/oauth-sign Completed in 0ms
304 timing idealTree:node_modules/performance-now Completed in 0ms
305 timing idealTree:node_modules/qs Completed in 0ms
306 silly placeDep ROOT throttleit@1.0.0 OK for: request-progress@2.0.1 want: ^1.0.0
307 timing idealTree:node_modules/request-progress Completed in 1ms
308 silly placeDep ROOT asn1@0.2.6 OK for: sshpk@1.17.0 want: ~0.2.3
309 silly placeDep ROOT bcrypt-pbkdf@1.0.2 OK for: sshpk@1.17.0 want: ^1.0.0
310 silly placeDep ROOT dashdash@1.14.1 OK for: sshpk@1.17.0 want: ^1.12.0
311 silly placeDep ROOT ecc-jsbn@0.1.2 OK for: sshpk@1.17.0 want: ~0.1.1
312 silly placeDep ROOT getpass@0.1.7 OK for: sshpk@1.17.0 want: ^0.1.1
313 silly placeDep ROOT jsbn@0.1.1 OK for: sshpk@1.17.0 want: ~0.1.0
314 silly placeDep ROOT tweetnacl@0.14.5 OK for: sshpk@1.17.0 want: ~0.14.0
315 timing idealTree:node_modules/sshpk Completed in 7ms
316 timing idealTree:node_modules/asn1 Completed in 0ms
317 timing idealTree:node_modules/bcrypt-pbkdf Completed in 0ms
318 timing idealTree:node_modules/dashdash Completed in 0ms
319 timing idealTree:node_modules/ecc-jsbn Completed in 0ms
320 timing idealTree:node_modules/getpass Completed in 0ms
321 timing idealTree:node_modules/jsbn Completed in 0ms
322 timing idealTree:node_modules/string_decoder Completed in 0ms
323 timing idealTree:node_modules/throttleit Completed in 0ms
324 silly placeDep ROOT psl@1.9.0 OK for: tough-cookie@2.5.0 want: ^1.1.28
325 silly placeDep ROOT punycode@2.3.0 OK for: tough-cookie@2.5.0 want: ^2.1.1
326 timing idealTree:node_modules/tough-cookie Completed in 2ms
327 timing idealTree:node_modules/psl Completed in 0ms
328 timing idealTree:node_modules/punycode Completed in 0ms
329 timing idealTree:node_modules/tunnel-agent Completed in 0ms
330 timing idealTree:node_modules/tweetnacl Completed in 0ms
331 timing idealTree:node_modules/typedarray Completed in 0ms
332 timing idealTree:node_modules/uri-js Completed in 0ms
333 timing idealTree:node_modules/util-deprecate Completed in 0ms
334 timing idealTree:node_modules/uuid Completed in 0ms
335 silly placeDep node_modules/verror core-util-is@1.0.2 OK for: verror@1.10.0 want: 1.0.2
336 timing idealTree:node_modules/verror Completed in 2ms
337 silly placeDep ROOT isexe@2.0.0 OK for: which@1.3.1 want: ^2.0.0
338 timing idealTree:node_modules/which Completed in 2ms
339 timing idealTree:node_modules/isexe Completed in 0ms
340 silly placeDep ROOT buffer-crc32@0.2.13 OK for: yauzl@2.10.0 want: ~0.2.3
341 silly placeDep ROOT fd-slicer@1.1.0 OK for: yauzl@2.10.0 want: ~1.1.0
342 silly fetch manifest pend@~1.2.0
343 http fetch GET 200 https://registry.npmjs.org/pend 27ms (cache miss)
344 timing idealTree:node_modules/yauzl Completed in 31ms
345 timing idealTree:node_modules/buffer-crc32 Completed in 0ms
346 silly placeDep ROOT pend@1.2.0 OK for: fd-slicer@1.1.0 want: ~1.2.0
347 timing idealTree:node_modules/fd-slicer Completed in 1ms
348 timing idealTree:node_modules/pend Completed in 0ms
349 timing idealTree:node_modules/verror/node_modules/core-util-is Completed in 0ms
350 timing idealTree:buildDeps Completed in 5453ms
351 timing idealTree:fixDepFlags Completed in 2ms
352 timing idealTree Completed in 5570ms
353 timing reify:loadTrees Completed in 5571ms
354 timing reify:diffTrees Completed in 6ms
355 silly reify moves {}
356 timing reify:retireShallow Completed in 1ms
357 timing reify:createSparse Completed in 18ms
358 timing reify:trashOmits Completed in 0ms
359 timing reify:loadBundles Completed in 0ms
360 silly tarball no local data for fd-slicer@https://registry.npmjs.org/fd-slicer/-/fd-slicer-1.1.0.tgz. Extracting by manifest.
361 silly tarball no local data for pend@https://registry.npmjs.org/pend/-/pend-1.2.0.tgz. Extracting by manifest.
362 silly tarball no local data for buffer-crc32@https://registry.npmjs.org/buffer-crc32/-/buffer-crc32-0.2.13.tgz. Extracting by manifest.
363 silly tarball no local data for punycode@https://registry.npmjs.org/punycode/-/punycode-2.3.0.tgz. Extracting by manifest.
364 silly tarball no local data for isexe@https://registry.npmjs.org/isexe/-/isexe-2.0.0.tgz. Extracting by manifest.
365 silly tarball no local data for psl@https://registry.npmjs.org/psl/-/psl-1.9.0.tgz. Extracting by manifest.
366 silly tarball no local data for uri-js@https://registry.npmjs.org/uri-js/-/uri-js-4.4.1.tgz. Extracting by manifest.
367 silly tarball no local data for throttleit@https://registry.npmjs.org/throttleit/-/throttleit-1.0.0.tgz. Extracting by manifest.
368 silly tarball no local data for json-schema-traverse@https://registry.npmjs.org/json-schema-traverse/-/json-schema-traverse-0.4.1.tgz. Extracting by manifest.
369 silly tarball no local data for fast-deep-equal@https://registry.npmjs.org/fast-deep-equal/-/fast-deep-equal-3.1.3.tgz. Extracting by manifest.
370 silly tarball no local data for ajv@https://registry.npmjs.org/ajv/-/ajv-6.12.6.tgz. Extracting by manifest.
371 silly tarball no local data for tough-cookie@https://registry.npmjs.org/tough-cookie/-/tough-cookie-2.5.0.tgz. Extracting by manifest.
372 silly tarball no local data for oauth-sign@https://registry.npmjs.org/oauth-sign/-/oauth-sign-0.9.0.tgz. Extracting by manifest.
373 silly tarball no local data for har-validator@https://registry.npmjs.org/har-validator/-/har-validator-5.1.5.tgz. Extracting by manifest.
374 silly tarball no local data for util-deprecate@https://registry.npmjs.org/util-deprecate/-/util-deprecate-1.0.2.tgz. Extracting by manifest.
375 silly tarball no local data for string_decoder@https://registry.npmjs.org/string_decoder/-/string_decoder-1.1.1.tgz. Extracting by manifest.
376 silly tarball no local data for isarray@https://registry.npmjs.org/isarray/-/isarray-1.0.0.tgz. Extracting by manifest.
377 silly tarball no local data for process-nextick-args@https://registry.npmjs.org/process-nextick-args/-/process-nextick-args-2.0.1.tgz. Extracting by manifest.
378 silly tarball no local data for core-util-is@https://registry.npmjs.org/core-util-is/-/core-util-is-1.0.3.tgz. Extracting by manifest.
379 silly tarball no local data for pinkie@https://registry.npmjs.org/pinkie/-/pinkie-2.0.4.tgz. Extracting by manifest.
380 silly tarball no local data for minimist@https://registry.npmjs.org/minimist/-/minimist-1.2.8.tgz. Extracting by manifest.
381 silly tarball no local data for pinkie-promise@https://registry.npmjs.org/pinkie-promise/-/pinkie-promise-2.0.1.tgz. Extracting by manifest.
382 silly tarball no local data for is-stream@https://registry.npmjs.org/is-stream/-/is-stream-1.1.0.tgz. Extracting by manifest.
383 silly tarball no local data for klaw@https://registry.npmjs.org/klaw/-/klaw-1.3.1.tgz. Extracting by manifest.
384 silly tarball no local data for jsonfile@https://registry.npmjs.org/jsonfile/-/jsonfile-2.4.0.tgz. Extracting by manifest.
385 silly tarball no local data for graceful-fs@https://registry.npmjs.org/graceful-fs/-/graceful-fs-4.2.11.tgz. Extracting by manifest.
386 silly tarball no local data for typedarray@https://registry.npmjs.org/typedarray/-/typedarray-0.0.6.tgz. Extracting by manifest.
387 silly tarball no local data for readable-stream@https://registry.npmjs.org/readable-stream/-/readable-stream-2.3.8.tgz. Extracting by manifest.
388 silly tarball no local data for buffer-from@https://registry.npmjs.org/buffer-from/-/buffer-from-1.1.2.tgz. Extracting by manifest.
389 silly tarball no local data for yauzl@https://registry.npmjs.org/yauzl/-/yauzl-2.10.0.tgz. Extracting by manifest.
390 silly tarball no local data for mkdirp@https://registry.npmjs.org/mkdirp/-/mkdirp-0.5.6.tgz. Extracting by manifest.
391 silly tarball no local data for concat-stream@https://registry.npmjs.org/concat-stream/-/concat-stream-1.6.2.tgz. Extracting by manifest.
392 silly tarball no local data for which@https://registry.npmjs.org/which/-/which-1.3.1.tgz. Extracting by manifest.
393 silly tarball no local data for request-progress@https://registry.npmjs.org/request-progress/-/request-progress-2.0.1.tgz. Extracting by manifest.
394 silly tarball no local data for request@https://registry.npmjs.org/request/-/request-2.88.2.tgz. Extracting by manifest.
395 silly tarball no local data for progress@https://registry.npmjs.org/progress/-/progress-1.1.8.tgz. Extracting by manifest.
396 silly tarball no local data for kew@https://registry.npmjs.org/kew/-/kew-0.7.0.tgz. Extracting by manifest.
397 silly tarball no local data for hasha@https://registry.npmjs.org/hasha/-/hasha-2.2.0.tgz. Extracting by manifest.
398 silly tarball no local data for fs-extra@https://registry.npmjs.org/fs-extra/-/fs-extra-1.0.0.tgz. Extracting by manifest.
399 silly tarball no local data for extract-zip@https://registry.npmjs.org/extract-zip/-/extract-zip-1.7.0.tgz. Extracting by manifest.
400 silly tarball no local data for html-pdf@https://registry.npmjs.org/html-pdf/-/html-pdf-2.0.1.tgz. Extracting by manifest.
401 silly tarball no local data for node-red-contrib-pdf@https://registry.npmjs.org/node-red-contrib-pdf/-/node-red-contrib-pdf-0.1.0.tgz. Extracting by manifest.
402 silly tarball no local data for phantomjs-prebuilt@https://registry.npmjs.org/phantomjs-prebuilt/-/phantomjs-prebuilt-2.1.16.tgz. Extracting by manifest.
403 silly tarball no local data for es6-promise@https://registry.npmjs.org/es6-promise/-/es6-promise-4.2.8.tgz. Extracting by manifest.
404 timing reifyNode:node_modules/assert-plus Completed in 590ms
405 timing reifyNode:node_modules/tunnel-agent Completed in 590ms
406 timing reifyNode:node_modules/is-typedarray Completed in 591ms
407 timing reifyNode:node_modules/forever-agent Completed in 591ms
408 timing reifyNode:node_modules/caseless Completed in 591ms
409 timing reifyNode:node_modules/aws-sign2 Completed in 592ms
410 timing reifyNode:node_modules/bcrypt-pbkdf Completed in 623ms
411 timing reifyNode:node_modules/combined-stream Completed in 624ms
412 timing reifyNode:node_modules/getpass Completed in 631ms
413 timing reifyNode:node_modules/delayed-stream Completed in 631ms
414 timing reifyNode:node_modules/json-schema Completed in 638ms
415 timing reifyNode:node_modules/isstream Completed in 638ms
416 timing reifyNode:node_modules/extend Completed in 638ms
417 timing reifyNode:node_modules/jsbn Completed in 646ms
418 timing reifyNode:node_modules/verror/node_modules/core-util-is Completed in 651ms
419 timing reifyNode:node_modules/jsprim Completed in 651ms
420 timing reifyNode:node_modules/aws4 Completed in 653ms
421 timing reifyNode:node_modules/ecc-jsbn Completed in 663ms
422 timing reifyNode:node_modules/extsprintf Completed in 664ms
423 timing reifyNode:node_modules/json-stringify-safe Completed in 664ms
424 timing reifyNode:node_modules/dashdash Completed in 690ms
425 timing reifyNode:node_modules/verror Completed in 690ms
426 timing reifyNode:node_modules/asn1 Completed in 690ms
427 http fetch GET 200 https://registry.npmjs.org/throttleit/-/throttleit-1.0.0.tgz 617ms (cache miss)
428 timing reifyNode:node_modules/throttleit Completed in 699ms
429 http fetch GET 200 https://registry.npmjs.org/oauth-sign/-/oauth-sign-0.9.0.tgz 593ms (cache miss)
430 timing reifyNode:node_modules/oauth-sign Completed in 701ms
431 http fetch GET 200 https://registry.npmjs.org/process-nextick-args/-/process-nextick-args-2.0.1.tgz 575ms (cache miss)
432 timing reifyNode:node_modules/process-nextick-args Completed in 705ms
433 http fetch GET 200 https://registry.npmjs.org/isarray/-/isarray-1.0.0.tgz 585ms (cache miss)
434 timing reifyNode:node_modules/isarray Completed in 712ms
435 timing reifyNode:node_modules/http-signature Completed in 717ms
436 timing reifyNode:node_modules/form-data Completed in 717ms
437 http fetch GET 200 https://registry.npmjs.org/fast-deep-equal/-/fast-deep-equal-3.1.3.tgz 625ms (cache miss)
438 timing reifyNode:node_modules/fast-deep-equal Completed in 721ms
439 http fetch GET 200 https://registry.npmjs.org/string_decoder/-/string_decoder-1.1.1.tgz 600ms (cache miss)
440 timing reifyNode:node_modules/string_decoder Completed in 725ms
441 http fetch GET 200 https://registry.npmjs.org/util-deprecate/-/util-deprecate-1.0.2.tgz 610ms (cache miss)
442 timing reifyNode:node_modules/util-deprecate Completed in 728ms
443 http fetch GET 200 https://registry.npmjs.org/pinkie/-/pinkie-2.0.4.tgz 576ms (cache miss)
444 timing reifyNode:node_modules/pinkie Completed in 737ms
445 http fetch GET 200 https://registry.npmjs.org/klaw/-/klaw-1.3.1.tgz 570ms (cache miss)
446 timing reifyNode:node_modules/klaw Completed in 744ms
447 http fetch GET 200 https://registry.npmjs.org/buffer-crc32/-/buffer-crc32-0.2.13.tgz 693ms (cache miss)
448 timing reifyNode:node_modules/buffer-crc32 Completed in 753ms
449 http fetch GET 200 https://registry.npmjs.org/har-validator/-/har-validator-5.1.5.tgz 642ms (cache miss)
450 warn deprecated har-validator@5.1.5: this library is no longer supported
451 timing reifyNode:node_modules/har-validator Completed in 755ms
452 http fetch GET 200 https://registry.npmjs.org/mkdirp/-/mkdirp-0.5.6.tgz 560ms (cache miss)
453 timing reifyNode:node_modules/mkdirp Completed in 764ms
454 timing reifyNode:node_modules/asynckit Completed in 767ms
455 http fetch GET 200 https://registry.npmjs.org/request-progress/-/request-progress-2.0.1.tgz 567ms (cache miss)
456 timing reifyNode:node_modules/request-progress Completed in 781ms
457 http fetch GET 200 https://registry.npmjs.org/buffer-from/-/buffer-from-1.1.2.tgz 611ms (cache miss)
458 timing reifyNode:node_modules/buffer-from Completed in 808ms
459 timing reifyNode:node_modules/tweetnacl Completed in 812ms
460 http fetch GET 200 https://registry.npmjs.org/pend/-/pend-1.2.0.tgz 759ms (cache miss)
461 timing reifyNode:node_modules/pend Completed in 816ms
462 http fetch GET 200 https://registry.npmjs.org/hasha/-/hasha-2.2.0.tgz 583ms (cache miss)
463 timing reifyNode:node_modules/hasha Completed in 817ms
464 http fetch GET 200 https://registry.npmjs.org/which/-/which-1.3.1.tgz 611ms (cache miss)
465 timing reifyNode:node_modules/which Completed in 823ms
466 http fetch GET 200 https://registry.npmjs.org/punycode/-/punycode-2.3.0.tgz 767ms (cache miss)
467 timing reifyNode:node_modules/punycode Completed in 830ms
468 http fetch GET 200 https://registry.npmjs.org/core-util-is/-/core-util-is-1.0.3.tgz 686ms (cache miss)
469 timing reifyNode:node_modules/core-util-is Completed in 832ms
470 http fetch GET 200 https://registry.npmjs.org/typedarray/-/typedarray-0.0.6.tgz 652ms (cache miss)
471 timing reifyNode:node_modules/typedarray Completed in 835ms
472 timing reifyNode:node_modules/har-schema Completed in 837ms
473 http fetch GET 200 https://registry.npmjs.org/isexe/-/isexe-2.0.0.tgz 780ms (cache miss)
474 timing reifyNode:node_modules/isexe Completed in 847ms
475 http fetch GET 200 https://registry.npmjs.org/is-stream/-/is-stream-1.1.0.tgz 681ms (cache miss)
476 timing reifyNode:node_modules/is-stream Completed in 852ms
477 warn deprecated uuid@3.4.0: Please upgrade  to version 7 or higher.  Older versions may use Math.random() in certain circumstances, which is known to be problematic.  See https://v8.dev/blog/math-random for details.
478 timing reifyNode:node_modules/uuid Completed in 854ms
479 http fetch GET 200 https://registry.npmjs.org/pinkie-promise/-/pinkie-promise-2.0.1.tgz 691ms (cache miss)
480 timing reifyNode:node_modules/pinkie-promise Completed in 858ms
481 http fetch GET 200 https://registry.npmjs.org/graceful-fs/-/graceful-fs-4.2.11.tgz 681ms (cache miss)
482 timing reifyNode:node_modules/graceful-fs Completed in 861ms
483 http fetch GET 200 https://registry.npmjs.org/jsonfile/-/jsonfile-2.4.0.tgz 687ms (cache miss)
484 timing reifyNode:node_modules/jsonfile Completed in 865ms
485 timing reifyNode:node_modules/performance-now Completed in 866ms
486 http fetch GET 200 https://registry.npmjs.org/node-red-contrib-pdf/-/node-red-contrib-pdf-0.1.0.tgz 621ms (cache miss)
487 timing reifyNode:node_modules/node-red-contrib-pdf Completed in 869ms
488 http fetch GET 200 https://registry.npmjs.org/progress/-/progress-1.1.8.tgz 649ms (cache miss)
489 timing reifyNode:node_modules/progress Completed in 873ms
490 http fetch GET 200 https://registry.npmjs.org/concat-stream/-/concat-stream-1.6.2.tgz 669ms (cache miss)
491 timing reifyNode:node_modules/concat-stream Completed in 876ms
492 timing reifyNode:node_modules/fast-json-stable-stringify Completed in 878ms
493 http fetch GET 200 https://registry.npmjs.org/fd-slicer/-/fd-slicer-1.1.0.tgz 833ms (cache miss)
494 timing reifyNode:node_modules/fd-slicer Completed in 886ms
495 http fetch GET 200 https://registry.npmjs.org/kew/-/kew-0.7.0.tgz 663ms (cache miss)
496 timing reifyNode:node_modules/kew Completed in 891ms
497 http fetch GET 200 https://registry.npmjs.org/yauzl/-/yauzl-2.10.0.tgz 697ms (cache miss)
498 timing reifyNode:node_modules/yauzl Completed in 898ms
499 http fetch GET 200 https://registry.npmjs.org/extract-zip/-/extract-zip-1.7.0.tgz 662ms (cache miss)
500 timing reifyNode:node_modules/extract-zip Completed in 903ms
501 http fetch GET 200 https://registry.npmjs.org/phantomjs-prebuilt/-/phantomjs-prebuilt-2.1.16.tgz 657ms (cache miss)
502 warn deprecated phantomjs-prebuilt@2.1.16: this package is now deprecated
503 timing reifyNode:node_modules/phantomjs-prebuilt Completed in 912ms
504 http fetch GET 200 https://registry.npmjs.org/json-schema-traverse/-/json-schema-traverse-0.4.1.tgz 831ms (cache miss)
505 timing reifyNode:node_modules/json-schema-traverse Completed in 917ms
506 http fetch GET 200 https://registry.npmjs.org/tough-cookie/-/tough-cookie-2.5.0.tgz 825ms (cache miss)
507 timing reifyNode:node_modules/tough-cookie Completed in 929ms
508 timing reifyNode:node_modules/qs Completed in 937ms
509 http fetch GET 200 https://registry.npmjs.org/minimist/-/minimist-1.2.8.tgz 801ms (cache miss)
510 timing reifyNode:node_modules/minimist Completed in 965ms
511 http fetch GET 200 https://registry.npmjs.org/readable-stream/-/readable-stream-2.3.8.tgz 783ms (cache miss)
512 timing reifyNode:node_modules/readable-stream Completed in 974ms
513 http fetch GET 200 https://registry.npmjs.org/request/-/request-2.88.2.tgz 771ms (cache miss)
514 warn deprecated request@2.88.2: request has been deprecated, see https://github.com/request/request/issues/3142
515 timing reifyNode:node_modules/request Completed in 988ms
516 http fetch GET 200 https://registry.npmjs.org/psl/-/psl-1.9.0.tgz 924ms (cache miss)
517 timing reifyNode:node_modules/psl Completed in 995ms
518 timing reifyNode:node_modules/sshpk Completed in 994ms
519 http fetch GET 200 https://registry.npmjs.org/fs-extra/-/fs-extra-1.0.0.tgz 764ms (cache miss)
520 http fetch GET 200 https://registry.npmjs.org/es6-promise/-/es6-promise-4.2.8.tgz 748ms (cache miss)
521 timing reifyNode:node_modules/es6-promise Completed in 1005ms
522 timing reifyNode:node_modules/fs-extra Completed in 1010ms
523 http fetch GET 200 https://registry.npmjs.org/uri-js/-/uri-js-4.4.1.tgz 958ms (cache miss)
524 timing reifyNode:node_modules/uri-js Completed in 1031ms
525 http fetch GET 200 https://registry.npmjs.org/ajv/-/ajv-6.12.6.tgz 949ms (cache miss)
526 timing reifyNode:node_modules/ajv Completed in 1048ms
527 http fetch GET 200 https://registry.npmjs.org/html-pdf/-/html-pdf-2.0.1.tgz 1028ms (cache miss)
528 warn deprecated html-pdf@2.0.1: Please migrate your projects to a newer library like puppeteer
529 timing reifyNode:node_modules/html-pdf Completed in 1272ms
530 timing reify:unpack Completed in 1277ms
531 timing reify:unretire Completed in 0ms
532 timing build:queue Completed in 6ms
533 timing build:link:node_modules/extract-zip Completed in 5ms
534 timing build:link:node_modules/html-pdf Completed in 5ms
535 timing build:link:node_modules/mkdirp Completed in 4ms
536 timing build:link:node_modules/phantomjs-prebuilt Completed in 4ms
537 timing build:link:node_modules/sshpk Completed in 4ms
538 timing build:link:node_modules/uuid Completed in 4ms
539 timing build:link:node_modules/which Completed in 4ms
540 timing build:link Completed in 5ms
541 info run phantomjs-prebuilt@2.1.16 install node_modules/phantomjs-prebuilt node install.js
542 info run phantomjs-prebuilt@2.1.16 install { code: 1, signal: null }
543 verbose reify failed optional dependency /data/node_modules/phantomjs-prebuilt
544 silly reify mark deleted [
544 silly reify   '/data/node_modules/phantomjs-prebuilt',
544 silly reify   '/data/node_modules/.bin/phantomjs'
544 silly reify ]
545 verbose reify failed optional dependency /data/node_modules/es6-promise
546 silly reify mark deleted [ '/data/node_modules/es6-promise' ]
547 verbose reify failed optional dependency /data/node_modules/extract-zip
548 silly reify mark deleted [
548 silly reify   '/data/node_modules/extract-zip',
548 silly reify   '/data/node_modules/.bin/extract-zip'
548 silly reify ]
549 verbose reify failed optional dependency /data/node_modules/fs-extra
550 silly reify mark deleted [ '/data/node_modules/fs-extra' ]
551 verbose reify failed optional dependency /data/node_modules/hasha
552 silly reify mark deleted [ '/data/node_modules/hasha' ]
553 verbose reify failed optional dependency /data/node_modules/kew
554 silly reify mark deleted [ '/data/node_modules/kew' ]
555 verbose reify failed optional dependency /data/node_modules/progress
556 silly reify mark deleted [ '/data/node_modules/progress' ]
557 verbose reify failed optional dependency /data/node_modules/request
558 silly reify mark deleted [ '/data/node_modules/request' ]
559 verbose reify failed optional dependency /data/node_modules/request-progress
560 silly reify mark deleted [ '/data/node_modules/request-progress' ]
561 verbose reify failed optional dependency /data/node_modules/which
562 silly reify mark deleted [ '/data/node_modules/which', '/data/node_modules/.bin/which' ]
563 verbose reify failed optional dependency /data/node_modules/concat-stream
564 silly reify mark deleted [ '/data/node_modules/concat-stream' ]
565 verbose reify failed optional dependency /data/node_modules/mkdirp
566 silly reify mark deleted [ '/data/node_modules/mkdirp', '/data/node_modules/.bin/mkdirp' ]
567 verbose reify failed optional dependency /data/node_modules/yauzl
568 silly reify mark deleted [ '/data/node_modules/yauzl' ]
569 verbose reify failed optional dependency /data/node_modules/graceful-fs
570 silly reify mark deleted [ '/data/node_modules/graceful-fs' ]
571 verbose reify failed optional dependency /data/node_modules/jsonfile
572 silly reify mark deleted [ '/data/node_modules/jsonfile' ]
573 verbose reify failed optional dependency /data/node_modules/klaw
574 silly reify mark deleted [ '/data/node_modules/klaw' ]
575 verbose reify failed optional dependency /data/node_modules/is-stream
576 silly reify mark deleted [ '/data/node_modules/is-stream' ]
577 verbose reify failed optional dependency /data/node_modules/pinkie-promise
578 silly reify mark deleted [ '/data/node_modules/pinkie-promise' ]
579 verbose reify failed optional dependency /data/node_modules/aws-sign2
580 silly reify mark deleted [ '/data/node_modules/aws-sign2' ]
581 verbose reify failed optional dependency /data/node_modules/aws4
582 silly reify mark deleted [ '/data/node_modules/aws4' ]
583 verbose reify failed optional dependency /data/node_modules/caseless
584 silly reify mark deleted [ '/data/node_modules/caseless' ]
585 verbose reify failed optional dependency /data/node_modules/combined-stream
586 silly reify mark deleted [ '/data/node_modules/combined-stream' ]
587 verbose reify failed optional dependency /data/node_modules/extend
588 silly reify mark deleted [ '/data/node_modules/extend' ]
589 verbose reify failed optional dependency /data/node_modules/forever-agent
590 silly reify mark deleted [ '/data/node_modules/forever-agent' ]
591 verbose reify failed optional dependency /data/node_modules/form-data
592 silly reify mark deleted [ '/data/node_modules/form-data' ]
593 verbose reify failed optional dependency /data/node_modules/har-validator
594 silly reify mark deleted [ '/data/node_modules/har-validator' ]
595 verbose reify failed optional dependency /data/node_modules/http-signature
596 silly reify mark deleted [ '/data/node_modules/http-signature' ]
597 verbose reify failed optional dependency /data/node_modules/is-typedarray
598 silly reify mark deleted [ '/data/node_modules/is-typedarray' ]
599 verbose reify failed optional dependency /data/node_modules/isstream
600 silly reify mark deleted [ '/data/node_modules/isstream' ]
601 verbose reify failed optional dependency /data/node_modules/json-stringify-safe
602 silly reify mark deleted [ '/data/node_modules/json-stringify-safe' ]
603 verbose reify failed optional dependency /data/node_modules/oauth-sign
604 silly reify mark deleted [ '/data/node_modules/oauth-sign' ]
605 verbose reify failed optional dependency /data/node_modules/performance-now
606 silly reify mark deleted [ '/data/node_modules/performance-now' ]
607 verbose reify failed optional dependency /data/node_modules/qs
608 silly reify mark deleted [ '/data/node_modules/qs' ]
609 verbose reify failed optional dependency /data/node_modules/tough-cookie
610 silly reify mark deleted [ '/data/node_modules/tough-cookie' ]
611 verbose reify failed optional dependency /data/node_modules/tunnel-agent
612 silly reify mark deleted [ '/data/node_modules/tunnel-agent' ]
613 verbose reify failed optional dependency /data/node_modules/uuid
614 silly reify mark deleted [ '/data/node_modules/uuid', '/data/node_modules/.bin/uuid' ]
615 verbose reify failed optional dependency /data/node_modules/throttleit
616 silly reify mark deleted [ '/data/node_modules/throttleit' ]
617 verbose reify failed optional dependency /data/node_modules/isexe
618 silly reify mark deleted [ '/data/node_modules/isexe' ]
619 verbose reify failed optional dependency /data/node_modules/buffer-from
620 silly reify mark deleted [ '/data/node_modules/buffer-from' ]
621 verbose reify failed optional dependency /data/node_modules/readable-stream
622 silly reify mark deleted [ '/data/node_modules/readable-stream' ]
623 verbose reify failed optional dependency /data/node_modules/typedarray
624 silly reify mark deleted [ '/data/node_modules/typedarray' ]
625 verbose reify failed optional dependency /data/node_modules/minimist
626 silly reify mark deleted [ '/data/node_modules/minimist' ]
627 verbose reify failed optional dependency /data/node_modules/fd-slicer
628 silly reify mark deleted [ '/data/node_modules/fd-slicer' ]
629 verbose reify failed optional dependency /data/node_modules/buffer-crc32
630 silly reify mark deleted [ '/data/node_modules/buffer-crc32' ]
631 verbose reify failed optional dependency /data/node_modules/pinkie
632 silly reify mark deleted [ '/data/node_modules/pinkie' ]
633 verbose reify failed optional dependency /data/node_modules/delayed-stream
634 silly reify mark deleted [ '/data/node_modules/delayed-stream' ]
635 verbose reify failed optional dependency /data/node_modules/asynckit
636 silly reify mark deleted [ '/data/node_modules/asynckit' ]
637 verbose reify failed optional dependency /data/node_modules/ajv
638 silly reify mark deleted [ '/data/node_modules/ajv' ]
639 verbose reify failed optional dependency /data/node_modules/har-schema
640 silly reify mark deleted [ '/data/node_modules/har-schema' ]
641 verbose reify failed optional dependency /data/node_modules/assert-plus
642 silly reify mark deleted [ '/data/node_modules/assert-plus' ]
643 verbose reify failed optional dependency /data/node_modules/jsprim
644 silly reify mark deleted [ '/data/node_modules/jsprim' ]
645 verbose reify failed optional dependency /data/node_modules/sshpk
646 silly reify mark deleted [
646 silly reify   '/data/node_modules/sshpk',
646 silly reify   '/data/node_modules/.bin/sshpk-conv',
646 silly reify   '/data/node_modules/.bin/sshpk-sign',
646 silly reify   '/data/node_modules/.bin/sshpk-verify'
646 silly reify ]
647 verbose reify failed optional dependency /data/node_modules/psl
648 silly reify mark deleted [ '/data/node_modules/psl' ]
649 verbose reify failed optional dependency /data/node_modules/punycode
650 silly reify mark deleted [ '/data/node_modules/punycode' ]
651 verbose reify failed optional dependency /data/node_modules/core-util-is
652 silly reify mark deleted [ '/data/node_modules/core-util-is' ]
653 verbose reify failed optional dependency /data/node_modules/isarray
654 silly reify mark deleted [ '/data/node_modules/isarray' ]
655 verbose reify failed optional dependency /data/node_modules/process-nextick-args
656 silly reify mark deleted [ '/data/node_modules/process-nextick-args' ]
657 verbose reify failed optional dependency /data/node_modules/string_decoder
658 silly reify mark deleted [ '/data/node_modules/string_decoder' ]
659 verbose reify failed optional dependency /data/node_modules/util-deprecate
660 silly reify mark deleted [ '/data/node_modules/util-deprecate' ]
661 verbose reify failed optional dependency /data/node_modules/pend
662 silly reify mark deleted [ '/data/node_modules/pend' ]
663 verbose reify failed optional dependency /data/node_modules/fast-deep-equal
664 silly reify mark deleted [ '/data/node_modules/fast-deep-equal' ]
665 verbose reify failed optional dependency /data/node_modules/fast-json-stable-stringify
666 silly reify mark deleted [ '/data/node_modules/fast-json-stable-stringify' ]
667 verbose reify failed optional dependency /data/node_modules/json-schema-traverse
668 silly reify mark deleted [ '/data/node_modules/json-schema-traverse' ]
669 verbose reify failed optional dependency /data/node_modules/uri-js
670 silly reify mark deleted [ '/data/node_modules/uri-js' ]
671 verbose reify failed optional dependency /data/node_modules/extsprintf
672 silly reify mark deleted [ '/data/node_modules/extsprintf' ]
673 verbose reify failed optional dependency /data/node_modules/json-schema
674 silly reify mark deleted [ '/data/node_modules/json-schema' ]
675 verbose reify failed optional dependency /data/node_modules/verror
676 silly reify mark deleted [ '/data/node_modules/verror' ]
677 verbose reify failed optional dependency /data/node_modules/asn1
678 silly reify mark deleted [ '/data/node_modules/asn1' ]
679 verbose reify failed optional dependency /data/node_modules/dashdash
680 silly reify mark deleted [ '/data/node_modules/dashdash' ]
681 verbose reify failed optional dependency /data/node_modules/getpass
682 silly reify mark deleted [ '/data/node_modules/getpass' ]
683 verbose reify failed optional dependency /data/node_modules/jsbn
684 silly reify mark deleted [ '/data/node_modules/jsbn' ]
685 verbose reify failed optional dependency /data/node_modules/tweetnacl
686 silly reify mark deleted [ '/data/node_modules/tweetnacl' ]
687 verbose reify failed optional dependency /data/node_modules/ecc-jsbn
688 silly reify mark deleted [ '/data/node_modules/ecc-jsbn' ]
689 verbose reify failed optional dependency /data/node_modules/bcrypt-pbkdf
690 silly reify mark deleted [ '/data/node_modules/bcrypt-pbkdf' ]
691 verbose reify failed optional dependency /data/node_modules/verror/node_modules/core-util-is
692 silly reify mark deleted [ '/data/node_modules/verror/node_modules/core-util-is' ]
693 timing build:run:install:node_modules/phantomjs-prebuilt Completed in 296ms
694 timing build:run:install Completed in 297ms
695 timing build:deps Completed in 310ms
696 timing build Completed in 311ms
697 timing reify:build Completed in 312ms
698 timing reify:trash Completed in 94ms
699 timing reify:save Completed in 58ms
700 timing reify Completed in 7370ms
701 silly ADD
702 silly ADD
703 silly ADD
704 silly ADD
705 silly ADD
706 silly ADD
707 silly ADD
708 silly ADD
709 silly ADD
710 silly ADD
711 silly ADD
712 silly ADD
713 silly ADD
714 silly ADD
715 silly ADD
716 silly ADD node_modules/core-util-is
717 silly ADD
718 silly ADD
719 silly ADD
720 silly ADD
721 silly ADD
722 silly ADD
723 silly ADD
724 silly ADD
725 silly ADD
726 silly ADD
727 silly ADD
728 silly ADD
729 silly ADD
730 silly ADD
731 silly ADD
732 silly ADD
733 silly ADD
734 silly ADD
735 silly ADD
736 silly ADD
737 silly ADD
738 silly ADD
739 silly ADD
740 silly ADD
741 silly ADD
742 silly ADD
743 silly ADD
744 silly ADD
745 silly ADD
746 silly ADD
747 silly ADD
748 silly ADD
749 silly ADD
750 silly ADD
751 silly ADD
752 silly ADD
753 silly ADD
754 silly ADD
755 silly ADD
756 silly ADD
757 silly ADD
758 silly ADD
759 silly ADD
760 silly ADD
761 silly ADD
762 silly ADD
763 silly ADD
764 silly ADD
765 silly ADD
766 silly ADD
767 silly ADD
768 silly ADD
769 silly ADD
770 silly ADD
771 silly ADD
772 silly ADD
773 silly ADD
774 silly ADD
775 silly ADD
776 silly ADD node_modules/html-pdf
777 silly ADD node_modules/node-red-contrib-pdf
778 timing command:install Completed in 7377ms
779 verbose exit 0
780 timing npm Completed in 7496ms
781 info ok
